mode: set
github.com/mchusovlianov/geodata/business/core/importer/csvschema.go:12.53,13.30 1 0
github.com/mchusovlianov/geodata/business/core/importer/csvschema.go:20.2,21.9 2 0
github.com/mchusovlianov/geodata/business/core/importer/csvschema.go:25.2,25.19 1 0
github.com/mchusovlianov/geodata/business/core/importer/csvschema.go:13.30,15.42 2 0
github.com/mchusovlianov/geodata/business/core/importer/csvschema.go:15.42,17.4 1 0
github.com/mchusovlianov/geodata/business/core/importer/csvschema.go:21.9,23.3 1 0
github.com/mchusovlianov/geodata/business/core/importer/csvschema.go:28.46,29.35 1 0
github.com/mchusovlianov/geodata/business/core/importer/csvschema.go:33.2,41.16 2 0
github.com/mchusovlianov/geodata/business/core/importer/csvschema.go:29.35,31.3 1 0
github.com/mchusovlianov/geodata/business/core/city/db/db.go:18.71,24.2 1 1
github.com/mchusovlianov/geodata/business/core/city/db/db.go:27.42,28.17 1 1
github.com/mchusovlianov/geodata/business/core/city/db/db.go:32.2,32.13 1 1
github.com/mchusovlianov/geodata/business/core/city/db/db.go:28.17,30.3 1 0
github.com/mchusovlianov/geodata/business/core/city/db/db.go:37.61,44.77 2 1
github.com/mchusovlianov/geodata/business/core/city/db/db.go:48.2,48.12 1 1
github.com/mchusovlianov/geodata/business/core/city/db/db.go:44.77,46.3 1 1
github.com/mchusovlianov/geodata/business/core/city/db/db.go:52.80,68.84 4 1
github.com/mchusovlianov/geodata/business/core/city/db/db.go:72.2,72.18 1 1
github.com/mchusovlianov/geodata/business/core/city/db/db.go:68.84,70.3 1 1
github.com/mchusovlianov/geodata/business/core/city/db/db.go:76.62,84.91 3 1
github.com/mchusovlianov/geodata/business/core/city/db/db.go:88.2,88.20 1 1
github.com/mchusovlianov/geodata/business/core/city/db/db.go:84.91,86.3 1 0
github.com/mchusovlianov/geodata/business/core/country/db/db.go:18.71,24.2 1 0
github.com/mchusovlianov/geodata/business/core/country/db/db.go:27.42,28.17 1 0
github.com/mchusovlianov/geodata/business/core/country/db/db.go:32.2,32.13 1 0
github.com/mchusovlianov/geodata/business/core/country/db/db.go:28.17,30.3 1 0
github.com/mchusovlianov/geodata/business/core/country/db/db.go:37.67,44.80 2 0
github.com/mchusovlianov/geodata/business/core/country/db/db.go:48.2,48.12 1 0
github.com/mchusovlianov/geodata/business/core/country/db/db.go:44.80,46.3 1 0
github.com/mchusovlianov/geodata/business/core/country/db/db.go:52.86,68.87 4 0
github.com/mchusovlianov/geodata/business/core/country/db/db.go:72.2,72.21 1 0
github.com/mchusovlianov/geodata/business/core/country/db/db.go:68.87,70.3 1 0
github.com/mchusovlianov/geodata/business/core/country/db/db.go:76.65,84.94 3 0
github.com/mchusovlianov/geodata/business/core/country/db/db.go:88.2,88.23 1 0
github.com/mchusovlianov/geodata/business/core/country/db/db.go:84.94,86.3 1 0
github.com/mchusovlianov/geodata/business/core/country/country.go:32.73,36.2 1 0
github.com/mchusovlianov/geodata/business/core/country/country.go:40.95,43.16 3 0
github.com/mchusovlianov/geodata/business/core/country/country.go:47.2,55.55 2 0
github.com/mchusovlianov/geodata/business/core/country/country.go:63.2,63.34 1 0
github.com/mchusovlianov/geodata/business/core/country/country.go:43.16,45.3 1 0
github.com/mchusovlianov/geodata/business/core/country/country.go:55.55,56.52 1 0
github.com/mchusovlianov/geodata/business/core/country/country.go:60.3,60.50 1 0
github.com/mchusovlianov/geodata/business/core/country/country.go:56.52,58.4 1 0
github.com/mchusovlianov/geodata/business/core/country/country.go:67.85,69.16 2 0
github.com/mchusovlianov/geodata/business/core/country/country.go:76.2,76.34 1 0
github.com/mchusovlianov/geodata/business/core/country/country.go:69.16,70.45 1 0
github.com/mchusovlianov/geodata/business/core/country/country.go:73.3,73.49 1 0
github.com/mchusovlianov/geodata/business/core/country/country.go:70.45,72.4 1 0
github.com/mchusovlianov/geodata/business/core/country/country.go:80.64,82.16 2 0
github.com/mchusovlianov/geodata/business/core/country/country.go:89.2,89.41 1 0
github.com/mchusovlianov/geodata/business/core/country/country.go:82.16,83.45 1 0
github.com/mchusovlianov/geodata/business/core/country/country.go:86.3,86.51 1 0
github.com/mchusovlianov/geodata/business/core/country/country.go:83.45,85.4 1 0
github.com/mchusovlianov/geodata/business/core/location/location.go:31.73,35.2 1 0
github.com/mchusovlianov/geodata/business/core/location/location.go:39.98,42.16 3 0
github.com/mchusovlianov/geodata/business/core/location/location.go:46.2,57.56 2 0
github.com/mchusovlianov/geodata/business/core/location/location.go:61.2,61.36 1 0
github.com/mchusovlianov/geodata/business/core/location/location.go:42.16,44.3 1 0
github.com/mchusovlianov/geodata/business/core/location/location.go:57.56,59.3 1 0
github.com/mchusovlianov/geodata/business/core/location/location.go:65.87,67.16 2 0
github.com/mchusovlianov/geodata/business/core/location/location.go:74.2,74.36 1 0
github.com/mchusovlianov/geodata/business/core/location/location.go:67.16,68.45 1 0
github.com/mchusovlianov/geodata/business/core/location/location.go:71.3,71.50 1 0
github.com/mchusovlianov/geodata/business/core/location/location.go:68.45,70.4 1 0
github.com/mchusovlianov/geodata/business/core/location/location.go:78.75,83.16 3 0
github.com/mchusovlianov/geodata/business/core/location/location.go:87.2,88.16 2 0
github.com/mchusovlianov/geodata/business/core/location/location.go:95.2,95.36 1 0
github.com/mchusovlianov/geodata/business/core/location/location.go:83.16,85.3 1 0
github.com/mchusovlianov/geodata/business/core/location/location.go:88.16,89.45 1 0
github.com/mchusovlianov/geodata/business/core/location/location.go:92.3,92.50 1 0
github.com/mchusovlianov/geodata/business/core/location/location.go:89.45,91.4 1 0
github.com/mchusovlianov/geodata/business/core/location/location.go:99.65,101.16 2 0
github.com/mchusovlianov/geodata/business/core/location/location.go:108.2,108.42 1 0
github.com/mchusovlianov/geodata/business/core/location/location.go:101.16,102.45 1 0
github.com/mchusovlianov/geodata/business/core/location/location.go:105.3,105.52 1 0
github.com/mchusovlianov/geodata/business/core/location/location.go:102.45,104.4 1 0
github.com/mchusovlianov/geodata/business/data/dbtest/dbtest.go:27.43,33.16 5 1
github.com/mchusovlianov/geodata/business/data/dbtest/dbtest.go:37.2,38.20 2 1
github.com/mchusovlianov/geodata/business/data/dbtest/dbtest.go:47.2,47.13 1 1
github.com/mchusovlianov/geodata/business/data/dbtest/dbtest.go:52.2,52.23 1 1
github.com/mchusovlianov/geodata/business/data/dbtest/dbtest.go:33.16,35.3 1 0
github.com/mchusovlianov/geodata/business/data/dbtest/dbtest.go:38.20,40.26 2 1
github.com/mchusovlianov/geodata/business/data/dbtest/dbtest.go:44.3,44.45 1 1
github.com/mchusovlianov/geodata/business/data/dbtest/dbtest.go:40.26,41.9 1 1
github.com/mchusovlianov/geodata/business/data/dbtest/dbtest.go:47.13,50.3 2 0
github.com/mchusovlianov/geodata/business/data/dbtest/dbtest.go:56.34,58.2 1 0
github.com/mchusovlianov/geodata/business/data/dbtest/dbtest.go:63.103,69.16 5 1
github.com/mchusovlianov/geodata/business/data/dbtest/dbtest.go:73.2,75.35 2 1
github.com/mchusovlianov/geodata/business/data/dbtest/dbtest.go:79.2,81.92 2 1
github.com/mchusovlianov/geodata/business/data/dbtest/dbtest.go:84.2,88.16 3 1
github.com/mchusovlianov/geodata/business/data/dbtest/dbtest.go:92.2,94.50 2 1
github.com/mchusovlianov/geodata/business/data/dbtest/dbtest.go:104.2,115.21 6 1
github.com/mchusovlianov/geodata/business/data/dbtest/dbtest.go:127.2,127.26 1 1
github.com/mchusovlianov/geodata/business/data/dbtest/dbtest.go:69.16,71.3 1 0
github.com/mchusovlianov/geodata/business/data/dbtest/dbtest.go:75.35,77.3 1 0
github.com/mchusovlianov/geodata/business/data/dbtest/dbtest.go:81.92,83.3 1 0
github.com/mchusovlianov/geodata/business/data/dbtest/dbtest.go:88.16,90.3 1 0
github.com/mchusovlianov/geodata/business/data/dbtest/dbtest.go:94.50,97.3 2 0
github.com/mchusovlianov/geodata/business/data/dbtest/dbtest.go:115.21,125.3 7 1
github.com/mchusovlianov/geodata/business/data/dbtest/dbtest.go:140.77,151.2 3 0
github.com/mchusovlianov/geodata/business/data/dbtest/dbtest.go:156.38,158.2 1 0
github.com/mchusovlianov/geodata/business/data/dbtest/dbtest.go:163.29,165.2 1 0
github.com/mchusovlianov/geodata/business/core/location/models.go:30.50,33.2 2 0
github.com/mchusovlianov/geodata/business/core/location/models.go:35.57,37.33 2 0
github.com/mchusovlianov/geodata/business/core/location/models.go:40.2,40.12 1 0
github.com/mchusovlianov/geodata/business/core/location/models.go:37.33,39.3 1 0
github.com/mchusovlianov/geodata/business/core/city/city.go:32.73,36.2 1 1
github.com/mchusovlianov/geodata/business/core/city/city.go:40.86,43.16 3 1
github.com/mchusovlianov/geodata/business/core/city/city.go:47.2,55.52 2 1
github.com/mchusovlianov/geodata/business/core/city/city.go:63.2,63.28 1 1
github.com/mchusovlianov/geodata/business/core/city/city.go:43.16,45.3 1 1
github.com/mchusovlianov/geodata/business/core/city/city.go:55.52,56.52 1 1
github.com/mchusovlianov/geodata/business/core/city/city.go:60.3,60.47 1 0
github.com/mchusovlianov/geodata/business/core/city/city.go:56.52,58.4 1 1
github.com/mchusovlianov/geodata/business/core/city/city.go:67.79,69.16 2 1
github.com/mchusovlianov/geodata/business/core/city/city.go:76.2,76.28 1 1
github.com/mchusovlianov/geodata/business/core/city/city.go:69.16,70.45 1 1
github.com/mchusovlianov/geodata/business/core/city/city.go:73.3,73.46 1 0
github.com/mchusovlianov/geodata/business/core/city/city.go:70.45,72.4 1 1
github.com/mchusovlianov/geodata/business/core/city/city.go:80.61,82.16 2 1
github.com/mchusovlianov/geodata/business/core/city/city.go:89.2,89.35 1 1
github.com/mchusovlianov/geodata/business/core/city/city.go:82.16,83.45 1 0
github.com/mchusovlianov/geodata/business/core/city/city.go:86.3,86.48 1 0
github.com/mchusovlianov/geodata/business/core/city/city.go:83.45,85.4 1 0
github.com/mchusovlianov/geodata/business/core/country/models.go:24.46,27.2 2 0
github.com/mchusovlianov/geodata/business/core/country/models.go:29.54,31.33 2 0
github.com/mchusovlianov/geodata/business/core/country/models.go:34.2,34.12 1 0
github.com/mchusovlianov/geodata/business/core/country/models.go:31.33,33.3 1 0
github.com/mchusovlianov/geodata/business/core/location/db/db.go:18.71,24.2 1 0
github.com/mchusovlianov/geodata/business/core/location/db/db.go:27.42,28.17 1 0
github.com/mchusovlianov/geodata/business/core/location/db/db.go:32.2,32.13 1 0
github.com/mchusovlianov/geodata/business/core/location/db/db.go:28.17,30.3 1 0
github.com/mchusovlianov/geodata/business/core/location/db/db.go:37.69,44.81 2 0
github.com/mchusovlianov/geodata/business/core/location/db/db.go:48.2,48.12 1 0
github.com/mchusovlianov/geodata/business/core/location/db/db.go:44.81,46.3 1 0
github.com/mchusovlianov/geodata/business/core/location/db/db.go:52.88,68.88 4 0
github.com/mchusovlianov/geodata/business/core/location/db/db.go:72.2,72.22 1 0
github.com/mchusovlianov/geodata/business/core/location/db/db.go:68.88,70.3 1 0
github.com/mchusovlianov/geodata/business/core/location/db/db.go:76.76,92.88 4 0
github.com/mchusovlianov/geodata/business/core/location/db/db.go:96.2,96.22 1 0
github.com/mchusovlianov/geodata/business/core/location/db/db.go:92.88,94.3 1 0
github.com/mchusovlianov/geodata/business/core/location/db/db.go:100.66,108.94 3 0
github.com/mchusovlianov/geodata/business/core/location/db/db.go:112.2,112.23 1 0
github.com/mchusovlianov/geodata/business/core/location/db/db.go:108.94,110.3 1 0
github.com/mchusovlianov/geodata/business/core/importer/importer.go:41.69,46.2 1 0
github.com/mchusovlianov/geodata/business/core/importer/importer.go:48.70,62.26 7 0
github.com/mchusovlianov/geodata/business/core/importer/importer.go:211.2,211.12 1 0
github.com/mchusovlianov/geodata/business/core/importer/importer.go:62.26,69.17 4 0
github.com/mchusovlianov/geodata/business/core/importer/importer.go:73.3,76.17 3 0
github.com/mchusovlianov/geodata/business/core/importer/importer.go:80.3,83.17 3 0
github.com/mchusovlianov/geodata/business/core/importer/importer.go:87.3,90.17 3 0
github.com/mchusovlianov/geodata/business/core/importer/importer.go:94.3,97.17 3 0
github.com/mchusovlianov/geodata/business/core/importer/importer.go:101.3,104.17 3 0
github.com/mchusovlianov/geodata/business/core/importer/importer.go:108.3,111.17 3 0
github.com/mchusovlianov/geodata/business/core/importer/importer.go:115.3,120.10 3 0
github.com/mchusovlianov/geodata/business/core/importer/importer.go:146.3,147.21 2 0
github.com/mchusovlianov/geodata/business/core/importer/importer.go:171.3,172.17 2 0
github.com/mchusovlianov/geodata/business/core/importer/importer.go:177.3,178.17 2 0
github.com/mchusovlianov/geodata/business/core/importer/importer.go:183.3,184.17 2 0
github.com/mchusovlianov/geodata/business/core/importer/importer.go:190.3,198.49 2 0
github.com/mchusovlianov/geodata/business/core/importer/importer.go:203.3,203.17 1 0
github.com/mchusovlianov/geodata/business/core/importer/importer.go:208.3,208.15 1 0
github.com/mchusovlianov/geodata/business/core/importer/importer.go:69.17,71.12 2 0
github.com/mchusovlianov/geodata/business/core/importer/importer.go:76.17,78.12 2 0
github.com/mchusovlianov/geodata/business/core/importer/importer.go:83.17,85.12 2 0
github.com/mchusovlianov/geodata/business/core/importer/importer.go:90.17,92.12 2 0
github.com/mchusovlianov/geodata/business/core/importer/importer.go:97.17,99.12 2 0
github.com/mchusovlianov/geodata/business/core/importer/importer.go:104.17,106.12 2 0
github.com/mchusovlianov/geodata/business/core/importer/importer.go:111.17,113.12 2 0
github.com/mchusovlianov/geodata/business/core/importer/importer.go:120.10,127.49 2 0
github.com/mchusovlianov/geodata/business/core/importer/importer.go:132.4,132.18 1 0
github.com/mchusovlianov/geodata/business/core/importer/importer.go:138.4,138.33 1 0
github.com/mchusovlianov/geodata/business/core/importer/importer.go:127.49,129.13 2 0
github.com/mchusovlianov/geodata/business/core/importer/importer.go:132.18,134.13 2 0
github.com/mchusovlianov/geodata/business/core/importer/importer.go:138.33,142.5 2 0
github.com/mchusovlianov/geodata/business/core/importer/importer.go:147.21,154.46 2 0
github.com/mchusovlianov/geodata/business/core/importer/importer.go:159.4,159.18 1 0
github.com/mchusovlianov/geodata/business/core/importer/importer.go:165.4,165.30 1 0
github.com/mchusovlianov/geodata/business/core/importer/importer.go:154.46,156.13 2 0
github.com/mchusovlianov/geodata/business/core/importer/importer.go:159.18,161.13 2 0
github.com/mchusovlianov/geodata/business/core/importer/importer.go:165.30,168.5 2 0
github.com/mchusovlianov/geodata/business/core/importer/importer.go:172.17,174.12 2 0
github.com/mchusovlianov/geodata/business/core/importer/importer.go:178.17,180.12 2 0
github.com/mchusovlianov/geodata/business/core/importer/importer.go:184.17,186.12 2 0
github.com/mchusovlianov/geodata/business/core/importer/importer.go:198.49,200.12 2 0
github.com/mchusovlianov/geodata/business/core/importer/importer.go:203.17,205.12 2 0
github.com/mchusovlianov/geodata/business/core/importer/importer.go:214.94,224.28 6 0
github.com/mchusovlianov/geodata/business/core/importer/importer.go:229.2,238.36 6 0
github.com/mchusovlianov/geodata/business/core/importer/importer.go:242.2,242.6 1 0
github.com/mchusovlianov/geodata/business/core/importer/importer.go:298.2,298.29 1 0
github.com/mchusovlianov/geodata/business/core/importer/importer.go:301.2,307.16 5 0
github.com/mchusovlianov/geodata/business/core/importer/importer.go:224.28,226.3 1 0
github.com/mchusovlianov/geodata/business/core/importer/importer.go:238.36,240.3 1 0
github.com/mchusovlianov/geodata/business/core/importer/importer.go:242.6,244.20 2 0
github.com/mchusovlianov/geodata/business/core/importer/importer.go:248.3,248.17 1 0
github.com/mchusovlianov/geodata/business/core/importer/importer.go:252.3,252.23 1 0
github.com/mchusovlianov/geodata/business/core/importer/importer.go:256.3,258.18 2 0
github.com/mchusovlianov/geodata/business/core/importer/importer.go:275.3,278.50 3 0
github.com/mchusovlianov/geodata/business/core/importer/importer.go:293.3,293.31 1 0
github.com/mchusovlianov/geodata/business/core/importer/importer.go:244.20,245.9 1 0
github.com/mchusovlianov/geodata/business/core/importer/importer.go:248.17,250.4 1 0
github.com/mchusovlianov/geodata/business/core/importer/importer.go:252.23,253.12 1 0
github.com/mchusovlianov/geodata/business/core/importer/importer.go:258.18,260.32 1 0
github.com/mchusovlianov/geodata/business/core/importer/importer.go:264.4,272.12 3 0
github.com/mchusovlianov/geodata/business/core/importer/importer.go:260.32,262.5 1 0
github.com/mchusovlianov/geodata/business/core/importer/importer.go:278.50,280.4 1 0
github.com/mchusovlianov/geodata/business/core/importer/importer.go:280.9,282.32 2 0
github.com/mchusovlianov/geodata/business/core/importer/importer.go:288.4,290.32 3 0
github.com/mchusovlianov/geodata/business/core/importer/importer.go:282.32,283.33 1 0
github.com/mchusovlianov/geodata/business/core/importer/importer.go:283.33,285.6 1 0
github.com/mchusovlianov/geodata/business/core/importer/importer.go:293.31,295.4 1 0
github.com/mchusovlianov/geodata/business/core/importer/importer.go:298.29,300.3 1 0
github.com/mchusovlianov/geodata/business/data/dbschema/dbschema.go:28.54,29.34 1 1
github.com/mchusovlianov/geodata/business/data/dbschema/dbschema.go:33.2,34.16 2 1
github.com/mchusovlianov/geodata/business/data/dbschema/dbschema.go:38.2,39.20 2 1
github.com/mchusovlianov/geodata/business/data/dbschema/dbschema.go:29.34,31.3 1 0
github.com/mchusovlianov/geodata/business/data/dbschema/dbschema.go:34.16,36.3 1 0
github.com/mchusovlianov/geodata/business/data/dbschema/dbschema.go:44.51,45.54 1 0
github.com/mchusovlianov/geodata/business/data/dbschema/dbschema.go:49.2,50.16 2 0
github.com/mchusovlianov/geodata/business/data/dbschema/dbschema.go:54.2,55.32 2 0
github.com/mchusovlianov/geodata/business/data/dbschema/dbschema.go:68.2,68.20 1 0
github.com/mchusovlianov/geodata/business/data/dbschema/dbschema.go:45.54,47.3 1 0
github.com/mchusovlianov/geodata/business/data/dbschema/dbschema.go:50.16,52.3 1 0
github.com/mchusovlianov/geodata/business/data/dbschema/dbschema.go:55.32,56.37 1 0
github.com/mchusovlianov/geodata/business/data/dbschema/dbschema.go:60.3,60.43 1 0
github.com/mchusovlianov/geodata/business/data/dbschema/dbschema.go:56.37,57.12 1 0
github.com/mchusovlianov/geodata/business/data/dbschema/dbschema.go:60.43,61.40 1 0
github.com/mchusovlianov/geodata/business/data/dbschema/dbschema.go:64.4,64.14 1 0
github.com/mchusovlianov/geodata/business/data/dbschema/dbschema.go:61.40,63.5 1 0
github.com/mchusovlianov/geodata/business/data/dbschema/dbschema.go:73.35,75.16 2 0
github.com/mchusovlianov/geodata/business/data/dbschema/dbschema.go:79.2,79.46 1 0
github.com/mchusovlianov/geodata/business/data/dbschema/dbschema.go:86.2,86.20 1 0
github.com/mchusovlianov/geodata/business/data/dbschema/dbschema.go:75.16,77.3 1 0
github.com/mchusovlianov/geodata/business/data/dbschema/dbschema.go:79.46,80.39 1 0
github.com/mchusovlianov/geodata/business/data/dbschema/dbschema.go:83.3,83.13 1 0
github.com/mchusovlianov/geodata/business/data/dbschema/dbschema.go:80.39,82.4 1 0
github.com/mchusovlianov/geodata/business/data/tests/tests.go:34.46,44.16 7 0
github.com/mchusovlianov/geodata/business/data/tests/tests.go:48.2,48.25 1 0
github.com/mchusovlianov/geodata/business/data/tests/tests.go:44.16,46.3 1 0
github.com/mchusovlianov/geodata/business/data/tests/tests.go:54.84,62.20 6 0
github.com/mchusovlianov/geodata/business/data/tests/tests.go:71.2,71.13 1 0
github.com/mchusovlianov/geodata/business/data/tests/tests.go:77.2,83.16 2 0
github.com/mchusovlianov/geodata/business/data/tests/tests.go:87.2,92.50 4 0
github.com/mchusovlianov/geodata/business/data/tests/tests.go:97.2,97.47 1 0
github.com/mchusovlianov/geodata/business/data/tests/tests.go:103.2,104.16 2 0
github.com/mchusovlianov/geodata/business/data/tests/tests.go:110.2,110.21 1 0
github.com/mchusovlianov/geodata/business/data/tests/tests.go:126.2,126.26 1 0
github.com/mchusovlianov/geodata/business/data/tests/tests.go:62.20,64.26 2 0
github.com/mchusovlianov/geodata/business/data/tests/tests.go:68.3,68.45 1 0
github.com/mchusovlianov/geodata/business/data/tests/tests.go:64.26,65.9 1 0
github.com/mchusovlianov/geodata/business/data/tests/tests.go:71.13,75.3 3 0
github.com/mchusovlianov/geodata/business/data/tests/tests.go:83.16,85.3 1 0
github.com/mchusovlianov/geodata/business/data/tests/tests.go:92.50,96.3 3 0
github.com/mchusovlianov/geodata/business/data/tests/tests.go:97.47,101.3 3 0
github.com/mchusovlianov/geodata/business/data/tests/tests.go:104.16,106.3 1 0
github.com/mchusovlianov/geodata/business/data/tests/tests.go:110.21,124.3 11 0
github.com/mchusovlianov/geodata/business/data/tests/tests.go:139.58,150.2 3 0
github.com/mchusovlianov/geodata/business/core/city/models.go:24.34,27.2 2 1
github.com/mchusovlianov/geodata/business/core/city/models.go:29.45,31.33 2 1
github.com/mchusovlianov/geodata/business/core/city/models.go:34.2,34.12 1 1
github.com/mchusovlianov/geodata/business/core/city/models.go:31.33,33.3 1 1
github.com/mchusovlianov/geodata/business/core/importer/importer.go:41.69,46.2 1 0
github.com/mchusovlianov/geodata/business/core/importer/importer.go:48.70,62.26 7 0
github.com/mchusovlianov/geodata/business/core/importer/importer.go:211.2,211.12 1 0
github.com/mchusovlianov/geodata/business/core/importer/importer.go:62.26,69.17 4 0
github.com/mchusovlianov/geodata/business/core/importer/importer.go:73.3,76.17 3 0
github.com/mchusovlianov/geodata/business/core/importer/importer.go:80.3,83.17 3 0
github.com/mchusovlianov/geodata/business/core/importer/importer.go:87.3,90.17 3 0
github.com/mchusovlianov/geodata/business/core/importer/importer.go:94.3,97.17 3 0
github.com/mchusovlianov/geodata/business/core/importer/importer.go:101.3,104.17 3 0
github.com/mchusovlianov/geodata/business/core/importer/importer.go:108.3,111.17 3 0
github.com/mchusovlianov/geodata/business/core/importer/importer.go:115.3,120.10 3 0
github.com/mchusovlianov/geodata/business/core/importer/importer.go:146.3,147.21 2 0
github.com/mchusovlianov/geodata/business/core/importer/importer.go:171.3,172.17 2 0
github.com/mchusovlianov/geodata/business/core/importer/importer.go:177.3,178.17 2 0
github.com/mchusovlianov/geodata/business/core/importer/importer.go:183.3,184.17 2 0
github.com/mchusovlianov/geodata/business/core/importer/importer.go:190.3,198.49 2 0
github.com/mchusovlianov/geodata/business/core/importer/importer.go:203.3,203.17 1 0
github.com/mchusovlianov/geodata/business/core/importer/importer.go:208.3,208.15 1 0
github.com/mchusovlianov/geodata/business/core/importer/importer.go:69.17,71.12 2 0
github.com/mchusovlianov/geodata/business/core/importer/importer.go:76.17,78.12 2 0
github.com/mchusovlianov/geodata/business/core/importer/importer.go:83.17,85.12 2 0
github.com/mchusovlianov/geodata/business/core/importer/importer.go:90.17,92.12 2 0
github.com/mchusovlianov/geodata/business/core/importer/importer.go:97.17,99.12 2 0
github.com/mchusovlianov/geodata/business/core/importer/importer.go:104.17,106.12 2 0
github.com/mchusovlianov/geodata/business/core/importer/importer.go:111.17,113.12 2 0
github.com/mchusovlianov/geodata/business/core/importer/importer.go:120.10,127.49 2 0
github.com/mchusovlianov/geodata/business/core/importer/importer.go:132.4,132.18 1 0
github.com/mchusovlianov/geodata/business/core/importer/importer.go:138.4,138.33 1 0
github.com/mchusovlianov/geodata/business/core/importer/importer.go:127.49,129.13 2 0
github.com/mchusovlianov/geodata/business/core/importer/importer.go:132.18,134.13 2 0
github.com/mchusovlianov/geodata/business/core/importer/importer.go:138.33,142.5 2 0
github.com/mchusovlianov/geodata/business/core/importer/importer.go:147.21,154.46 2 0
github.com/mchusovlianov/geodata/business/core/importer/importer.go:159.4,159.18 1 0
github.com/mchusovlianov/geodata/business/core/importer/importer.go:165.4,165.30 1 0
github.com/mchusovlianov/geodata/business/core/importer/importer.go:154.46,156.13 2 0
github.com/mchusovlianov/geodata/business/core/importer/importer.go:159.18,161.13 2 0
github.com/mchusovlianov/geodata/business/core/importer/importer.go:165.30,168.5 2 0
github.com/mchusovlianov/geodata/business/core/importer/importer.go:172.17,174.12 2 0
github.com/mchusovlianov/geodata/business/core/importer/importer.go:178.17,180.12 2 0
github.com/mchusovlianov/geodata/business/core/importer/importer.go:184.17,186.12 2 0
github.com/mchusovlianov/geodata/business/core/importer/importer.go:198.49,200.12 2 0
github.com/mchusovlianov/geodata/business/core/importer/importer.go:203.17,205.12 2 0
github.com/mchusovlianov/geodata/business/core/importer/importer.go:214.94,224.28 6 0
github.com/mchusovlianov/geodata/business/core/importer/importer.go:229.2,238.36 6 0
github.com/mchusovlianov/geodata/business/core/importer/importer.go:242.2,242.6 1 0
github.com/mchusovlianov/geodata/business/core/importer/importer.go:298.2,298.29 1 0
github.com/mchusovlianov/geodata/business/core/importer/importer.go:301.2,307.16 5 0
github.com/mchusovlianov/geodata/business/core/importer/importer.go:224.28,226.3 1 0
github.com/mchusovlianov/geodata/business/core/importer/importer.go:238.36,240.3 1 0
github.com/mchusovlianov/geodata/business/core/importer/importer.go:242.6,244.20 2 0
github.com/mchusovlianov/geodata/business/core/importer/importer.go:248.3,248.17 1 0
github.com/mchusovlianov/geodata/business/core/importer/importer.go:252.3,252.23 1 0
github.com/mchusovlianov/geodata/business/core/importer/importer.go:256.3,258.18 2 0
github.com/mchusovlianov/geodata/business/core/importer/importer.go:275.3,278.50 3 0
github.com/mchusovlianov/geodata/business/core/importer/importer.go:293.3,293.31 1 0
github.com/mchusovlianov/geodata/business/core/importer/importer.go:244.20,245.9 1 0
github.com/mchusovlianov/geodata/business/core/importer/importer.go:248.17,250.4 1 0
github.com/mchusovlianov/geodata/business/core/importer/importer.go:252.23,253.12 1 0
github.com/mchusovlianov/geodata/business/core/importer/importer.go:258.18,260.32 1 0
github.com/mchusovlianov/geodata/business/core/importer/importer.go:264.4,272.12 3 0
github.com/mchusovlianov/geodata/business/core/importer/importer.go:260.32,262.5 1 0
github.com/mchusovlianov/geodata/business/core/importer/importer.go:278.50,280.4 1 0
github.com/mchusovlianov/geodata/business/core/importer/importer.go:280.9,282.32 2 0
github.com/mchusovlianov/geodata/business/core/importer/importer.go:288.4,290.32 3 0
github.com/mchusovlianov/geodata/business/core/importer/importer.go:282.32,283.33 1 0
github.com/mchusovlianov/geodata/business/core/importer/importer.go:283.33,285.6 1 0
github.com/mchusovlianov/geodata/business/core/importer/importer.go:293.31,295.4 1 0
github.com/mchusovlianov/geodata/business/core/importer/importer.go:298.29,300.3 1 0
github.com/mchusovlianov/geodata/business/core/city/models.go:24.34,27.2 2 0
github.com/mchusovlianov/geodata/business/core/city/models.go:29.45,31.33 2 0
github.com/mchusovlianov/geodata/business/core/city/models.go:34.2,34.12 1 0
github.com/mchusovlianov/geodata/business/core/city/models.go:31.33,33.3 1 0
github.com/mchusovlianov/geodata/business/core/location/models.go:30.50,33.2 2 0
github.com/mchusovlianov/geodata/business/core/location/models.go:35.57,37.33 2 0
github.com/mchusovlianov/geodata/business/core/location/models.go:40.2,40.12 1 0
github.com/mchusovlianov/geodata/business/core/location/models.go:37.33,39.3 1 0
github.com/mchusovlianov/geodata/business/core/country/models.go:24.46,27.2 2 1
github.com/mchusovlianov/geodata/business/core/country/models.go:29.54,31.33 2 1
github.com/mchusovlianov/geodata/business/core/country/models.go:34.2,34.12 1 1
github.com/mchusovlianov/geodata/business/core/country/models.go:31.33,33.3 1 1
github.com/mchusovlianov/geodata/business/core/city/db/db.go:18.71,24.2 1 0
github.com/mchusovlianov/geodata/business/core/city/db/db.go:27.42,28.17 1 0
github.com/mchusovlianov/geodata/business/core/city/db/db.go:32.2,32.13 1 0
github.com/mchusovlianov/geodata/business/core/city/db/db.go:28.17,30.3 1 0
github.com/mchusovlianov/geodata/business/core/city/db/db.go:37.61,44.77 2 0
github.com/mchusovlianov/geodata/business/core/city/db/db.go:48.2,48.12 1 0
github.com/mchusovlianov/geodata/business/core/city/db/db.go:44.77,46.3 1 0
github.com/mchusovlianov/geodata/business/core/city/db/db.go:52.80,68.84 4 0
github.com/mchusovlianov/geodata/business/core/city/db/db.go:72.2,72.18 1 0
github.com/mchusovlianov/geodata/business/core/city/db/db.go:68.84,70.3 1 0
github.com/mchusovlianov/geodata/business/core/city/db/db.go:76.62,84.91 3 0
github.com/mchusovlianov/geodata/business/core/city/db/db.go:88.2,88.20 1 0
github.com/mchusovlianov/geodata/business/core/city/db/db.go:84.91,86.3 1 0
github.com/mchusovlianov/geodata/business/core/location/db/db.go:18.71,24.2 1 0
github.com/mchusovlianov/geodata/business/core/location/db/db.go:27.42,28.17 1 0
github.com/mchusovlianov/geodata/business/core/location/db/db.go:32.2,32.13 1 0
github.com/mchusovlianov/geodata/business/core/location/db/db.go:28.17,30.3 1 0
github.com/mchusovlianov/geodata/business/core/location/db/db.go:37.69,44.81 2 0
github.com/mchusovlianov/geodata/business/core/location/db/db.go:48.2,48.12 1 0
github.com/mchusovlianov/geodata/business/core/location/db/db.go:44.81,46.3 1 0
github.com/mchusovlianov/geodata/business/core/location/db/db.go:52.88,68.88 4 0
github.com/mchusovlianov/geodata/business/core/location/db/db.go:72.2,72.22 1 0
github.com/mchusovlianov/geodata/business/core/location/db/db.go:68.88,70.3 1 0
github.com/mchusovlianov/geodata/business/core/location/db/db.go:76.76,92.88 4 0
github.com/mchusovlianov/geodata/business/core/location/db/db.go:96.2,96.22 1 0
github.com/mchusovlianov/geodata/business/core/location/db/db.go:92.88,94.3 1 0
github.com/mchusovlianov/geodata/business/core/location/db/db.go:100.66,108.94 3 0
github.com/mchusovlianov/geodata/business/core/location/db/db.go:112.2,112.23 1 0
github.com/mchusovlianov/geodata/business/core/location/db/db.go:108.94,110.3 1 0
github.com/mchusovlianov/geodata/business/data/tests/tests.go:34.46,44.16 7 0
github.com/mchusovlianov/geodata/business/data/tests/tests.go:48.2,48.25 1 0
github.com/mchusovlianov/geodata/business/data/tests/tests.go:44.16,46.3 1 0
github.com/mchusovlianov/geodata/business/data/tests/tests.go:54.84,62.20 6 0
github.com/mchusovlianov/geodata/business/data/tests/tests.go:71.2,71.13 1 0
github.com/mchusovlianov/geodata/business/data/tests/tests.go:77.2,83.16 2 0
github.com/mchusovlianov/geodata/business/data/tests/tests.go:87.2,92.50 4 0
github.com/mchusovlianov/geodata/business/data/tests/tests.go:97.2,97.47 1 0
github.com/mchusovlianov/geodata/business/data/tests/tests.go:103.2,104.16 2 0
github.com/mchusovlianov/geodata/business/data/tests/tests.go:110.2,110.21 1 0
github.com/mchusovlianov/geodata/business/data/tests/tests.go:126.2,126.26 1 0
github.com/mchusovlianov/geodata/business/data/tests/tests.go:62.20,64.26 2 0
github.com/mchusovlianov/geodata/business/data/tests/tests.go:68.3,68.45 1 0
github.com/mchusovlianov/geodata/business/data/tests/tests.go:64.26,65.9 1 0
github.com/mchusovlianov/geodata/business/data/tests/tests.go:71.13,75.3 3 0
github.com/mchusovlianov/geodata/business/data/tests/tests.go:83.16,85.3 1 0
github.com/mchusovlianov/geodata/business/data/tests/tests.go:92.50,96.3 3 0
github.com/mchusovlianov/geodata/business/data/tests/tests.go:97.47,101.3 3 0
github.com/mchusovlianov/geodata/business/data/tests/tests.go:104.16,106.3 1 0
github.com/mchusovlianov/geodata/business/data/tests/tests.go:110.21,124.3 11 0
github.com/mchusovlianov/geodata/business/data/tests/tests.go:139.58,150.2 3 0
github.com/mchusovlianov/geodata/business/core/country/country.go:32.73,36.2 1 1
github.com/mchusovlianov/geodata/business/core/country/country.go:40.95,43.16 3 1
github.com/mchusovlianov/geodata/business/core/country/country.go:47.2,55.55 2 1
github.com/mchusovlianov/geodata/business/core/country/country.go:63.2,63.34 1 1
github.com/mchusovlianov/geodata/business/core/country/country.go:43.16,45.3 1 1
github.com/mchusovlianov/geodata/business/core/country/country.go:55.55,56.52 1 1
github.com/mchusovlianov/geodata/business/core/country/country.go:60.3,60.50 1 0
github.com/mchusovlianov/geodata/business/core/country/country.go:56.52,58.4 1 1
github.com/mchusovlianov/geodata/business/core/country/country.go:67.85,69.16 2 1
github.com/mchusovlianov/geodata/business/core/country/country.go:76.2,76.34 1 1
github.com/mchusovlianov/geodata/business/core/country/country.go:69.16,70.45 1 1
github.com/mchusovlianov/geodata/business/core/country/country.go:73.3,73.49 1 0
github.com/mchusovlianov/geodata/business/core/country/country.go:70.45,72.4 1 1
github.com/mchusovlianov/geodata/business/core/country/country.go:80.64,82.16 2 1
github.com/mchusovlianov/geodata/business/core/country/country.go:89.2,89.41 1 1
github.com/mchusovlianov/geodata/business/core/country/country.go:82.16,83.45 1 0
github.com/mchusovlianov/geodata/business/core/country/country.go:86.3,86.51 1 0
github.com/mchusovlianov/geodata/business/core/country/country.go:83.45,85.4 1 0
github.com/mchusovlianov/geodata/business/core/location/location.go:31.73,35.2 1 0
github.com/mchusovlianov/geodata/business/core/location/location.go:39.98,42.16 3 0
github.com/mchusovlianov/geodata/business/core/location/location.go:46.2,57.56 2 0
github.com/mchusovlianov/geodata/business/core/location/location.go:61.2,61.36 1 0
github.com/mchusovlianov/geodata/business/core/location/location.go:42.16,44.3 1 0
github.com/mchusovlianov/geodata/business/core/location/location.go:57.56,59.3 1 0
github.com/mchusovlianov/geodata/business/core/location/location.go:65.87,67.16 2 0
github.com/mchusovlianov/geodata/business/core/location/location.go:74.2,74.36 1 0
github.com/mchusovlianov/geodata/business/core/location/location.go:67.16,68.45 1 0
github.com/mchusovlianov/geodata/business/core/location/location.go:71.3,71.50 1 0
github.com/mchusovlianov/geodata/business/core/location/location.go:68.45,70.4 1 0
github.com/mchusovlianov/geodata/business/core/location/location.go:78.75,83.16 3 0
github.com/mchusovlianov/geodata/business/core/location/location.go:87.2,88.16 2 0
github.com/mchusovlianov/geodata/business/core/location/location.go:95.2,95.36 1 0
github.com/mchusovlianov/geodata/business/core/location/location.go:83.16,85.3 1 0
github.com/mchusovlianov/geodata/business/core/location/location.go:88.16,89.45 1 0
github.com/mchusovlianov/geodata/business/core/location/location.go:92.3,92.50 1 0
github.com/mchusovlianov/geodata/business/core/location/location.go:89.45,91.4 1 0
github.com/mchusovlianov/geodata/business/core/location/location.go:99.65,101.16 2 0
github.com/mchusovlianov/geodata/business/core/location/location.go:108.2,108.42 1 0
github.com/mchusovlianov/geodata/business/core/location/location.go:101.16,102.45 1 0
github.com/mchusovlianov/geodata/business/core/location/location.go:105.3,105.52 1 0
github.com/mchusovlianov/geodata/business/core/location/location.go:102.45,104.4 1 0
github.com/mchusovlianov/geodata/business/core/importer/csvschema.go:12.53,13.30 1 0
github.com/mchusovlianov/geodata/business/core/importer/csvschema.go:20.2,21.9 2 0
github.com/mchusovlianov/geodata/business/core/importer/csvschema.go:25.2,25.19 1 0
github.com/mchusovlianov/geodata/business/core/importer/csvschema.go:13.30,15.42 2 0
github.com/mchusovlianov/geodata/business/core/importer/csvschema.go:15.42,17.4 1 0
github.com/mchusovlianov/geodata/business/core/importer/csvschema.go:21.9,23.3 1 0
github.com/mchusovlianov/geodata/business/core/importer/csvschema.go:28.46,29.35 1 0
github.com/mchusovlianov/geodata/business/core/importer/csvschema.go:33.2,41.16 2 0
github.com/mchusovlianov/geodata/business/core/importer/csvschema.go:29.35,31.3 1 0
github.com/mchusovlianov/geodata/business/core/city/city.go:32.73,36.2 1 0
github.com/mchusovlianov/geodata/business/core/city/city.go:40.86,43.16 3 0
github.com/mchusovlianov/geodata/business/core/city/city.go:47.2,55.52 2 0
github.com/mchusovlianov/geodata/business/core/city/city.go:63.2,63.28 1 0
github.com/mchusovlianov/geodata/business/core/city/city.go:43.16,45.3 1 0
github.com/mchusovlianov/geodata/business/core/city/city.go:55.52,56.52 1 0
github.com/mchusovlianov/geodata/business/core/city/city.go:60.3,60.47 1 0
github.com/mchusovlianov/geodata/business/core/city/city.go:56.52,58.4 1 0
github.com/mchusovlianov/geodata/business/core/city/city.go:67.79,69.16 2 0
github.com/mchusovlianov/geodata/business/core/city/city.go:76.2,76.28 1 0
github.com/mchusovlianov/geodata/business/core/city/city.go:69.16,70.45 1 0
github.com/mchusovlianov/geodata/business/core/city/city.go:73.3,73.46 1 0
github.com/mchusovlianov/geodata/business/core/city/city.go:70.45,72.4 1 0
github.com/mchusovlianov/geodata/business/core/city/city.go:80.61,82.16 2 0
github.com/mchusovlianov/geodata/business/core/city/city.go:89.2,89.35 1 0
github.com/mchusovlianov/geodata/business/core/city/city.go:82.16,83.45 1 0
github.com/mchusovlianov/geodata/business/core/city/city.go:86.3,86.48 1 0
github.com/mchusovlianov/geodata/business/core/city/city.go:83.45,85.4 1 0
github.com/mchusovlianov/geodata/business/data/dbschema/dbschema.go:28.54,29.34 1 1
github.com/mchusovlianov/geodata/business/data/dbschema/dbschema.go:33.2,34.16 2 1
github.com/mchusovlianov/geodata/business/data/dbschema/dbschema.go:38.2,39.20 2 1
github.com/mchusovlianov/geodata/business/data/dbschema/dbschema.go:29.34,31.3 1 0
github.com/mchusovlianov/geodata/business/data/dbschema/dbschema.go:34.16,36.3 1 0
github.com/mchusovlianov/geodata/business/data/dbschema/dbschema.go:44.51,45.54 1 0
github.com/mchusovlianov/geodata/business/data/dbschema/dbschema.go:49.2,50.16 2 0
github.com/mchusovlianov/geodata/business/data/dbschema/dbschema.go:54.2,55.32 2 0
github.com/mchusovlianov/geodata/business/data/dbschema/dbschema.go:68.2,68.20 1 0
github.com/mchusovlianov/geodata/business/data/dbschema/dbschema.go:45.54,47.3 1 0
github.com/mchusovlianov/geodata/business/data/dbschema/dbschema.go:50.16,52.3 1 0
github.com/mchusovlianov/geodata/business/data/dbschema/dbschema.go:55.32,56.37 1 0
github.com/mchusovlianov/geodata/business/data/dbschema/dbschema.go:60.3,60.43 1 0
github.com/mchusovlianov/geodata/business/data/dbschema/dbschema.go:56.37,57.12 1 0
github.com/mchusovlianov/geodata/business/data/dbschema/dbschema.go:60.43,61.40 1 0
github.com/mchusovlianov/geodata/business/data/dbschema/dbschema.go:64.4,64.14 1 0
github.com/mchusovlianov/geodata/business/data/dbschema/dbschema.go:61.40,63.5 1 0
github.com/mchusovlianov/geodata/business/data/dbschema/dbschema.go:73.35,75.16 2 0
github.com/mchusovlianov/geodata/business/data/dbschema/dbschema.go:79.2,79.46 1 0
github.com/mchusovlianov/geodata/business/data/dbschema/dbschema.go:86.2,86.20 1 0
github.com/mchusovlianov/geodata/business/data/dbschema/dbschema.go:75.16,77.3 1 0
github.com/mchusovlianov/geodata/business/data/dbschema/dbschema.go:79.46,80.39 1 0
github.com/mchusovlianov/geodata/business/data/dbschema/dbschema.go:83.3,83.13 1 0
github.com/mchusovlianov/geodata/business/data/dbschema/dbschema.go:80.39,82.4 1 0
github.com/mchusovlianov/geodata/business/data/dbtest/dbtest.go:27.43,33.16 5 1
github.com/mchusovlianov/geodata/business/data/dbtest/dbtest.go:37.2,38.20 2 1
github.com/mchusovlianov/geodata/business/data/dbtest/dbtest.go:47.2,47.13 1 1
github.com/mchusovlianov/geodata/business/data/dbtest/dbtest.go:52.2,52.23 1 1
github.com/mchusovlianov/geodata/business/data/dbtest/dbtest.go:33.16,35.3 1 0
github.com/mchusovlianov/geodata/business/data/dbtest/dbtest.go:38.20,40.26 2 1
github.com/mchusovlianov/geodata/business/data/dbtest/dbtest.go:44.3,44.45 1 1
github.com/mchusovlianov/geodata/business/data/dbtest/dbtest.go:40.26,41.9 1 1
github.com/mchusovlianov/geodata/business/data/dbtest/dbtest.go:47.13,50.3 2 0
github.com/mchusovlianov/geodata/business/data/dbtest/dbtest.go:56.34,58.2 1 0
github.com/mchusovlianov/geodata/business/data/dbtest/dbtest.go:63.103,69.16 5 1
github.com/mchusovlianov/geodata/business/data/dbtest/dbtest.go:73.2,75.35 2 1
github.com/mchusovlianov/geodata/business/data/dbtest/dbtest.go:79.2,81.92 2 1
github.com/mchusovlianov/geodata/business/data/dbtest/dbtest.go:84.2,88.16 3 1
github.com/mchusovlianov/geodata/business/data/dbtest/dbtest.go:92.2,94.50 2 1
github.com/mchusovlianov/geodata/business/data/dbtest/dbtest.go:104.2,115.21 6 1
github.com/mchusovlianov/geodata/business/data/dbtest/dbtest.go:127.2,127.26 1 1
github.com/mchusovlianov/geodata/business/data/dbtest/dbtest.go:69.16,71.3 1 0
github.com/mchusovlianov/geodata/business/data/dbtest/dbtest.go:75.35,77.3 1 0
github.com/mchusovlianov/geodata/business/data/dbtest/dbtest.go:81.92,83.3 1 0
github.com/mchusovlianov/geodata/business/data/dbtest/dbtest.go:88.16,90.3 1 0
github.com/mchusovlianov/geodata/business/data/dbtest/dbtest.go:94.50,97.3 2 0
github.com/mchusovlianov/geodata/business/data/dbtest/dbtest.go:115.21,125.3 7 1
github.com/mchusovlianov/geodata/business/data/dbtest/dbtest.go:140.77,151.2 3 0
github.com/mchusovlianov/geodata/business/data/dbtest/dbtest.go:156.38,158.2 1 0
github.com/mchusovlianov/geodata/business/data/dbtest/dbtest.go:163.29,165.2 1 0
github.com/mchusovlianov/geodata/business/core/country/db/db.go:18.71,24.2 1 1
github.com/mchusovlianov/geodata/business/core/country/db/db.go:27.42,28.17 1 1
github.com/mchusovlianov/geodata/business/core/country/db/db.go:32.2,32.13 1 1
github.com/mchusovlianov/geodata/business/core/country/db/db.go:28.17,30.3 1 0
github.com/mchusovlianov/geodata/business/core/country/db/db.go:37.67,44.80 2 1
github.com/mchusovlianov/geodata/business/core/country/db/db.go:48.2,48.12 1 1
github.com/mchusovlianov/geodata/business/core/country/db/db.go:44.80,46.3 1 1
github.com/mchusovlianov/geodata/business/core/country/db/db.go:52.86,68.87 4 1
github.com/mchusovlianov/geodata/business/core/country/db/db.go:72.2,72.21 1 1
github.com/mchusovlianov/geodata/business/core/country/db/db.go:68.87,70.3 1 1
github.com/mchusovlianov/geodata/business/core/country/db/db.go:76.65,84.94 3 1
github.com/mchusovlianov/geodata/business/core/country/db/db.go:88.2,88.23 1 1
github.com/mchusovlianov/geodata/business/core/country/db/db.go:84.94,86.3 1 0
github.com/mchusovlianov/geodata/business/core/country/db/db.go:18.71,24.2 1 0
github.com/mchusovlianov/geodata/business/core/country/db/db.go:27.42,28.17 1 0
github.com/mchusovlianov/geodata/business/core/country/db/db.go:32.2,32.13 1 0
github.com/mchusovlianov/geodata/business/core/country/db/db.go:28.17,30.3 1 0
github.com/mchusovlianov/geodata/business/core/country/db/db.go:37.67,44.80 2 0
github.com/mchusovlianov/geodata/business/core/country/db/db.go:48.2,48.12 1 0
github.com/mchusovlianov/geodata/business/core/country/db/db.go:44.80,46.3 1 0
github.com/mchusovlianov/geodata/business/core/country/db/db.go:52.86,68.87 4 0
github.com/mchusovlianov/geodata/business/core/country/db/db.go:72.2,72.21 1 0
github.com/mchusovlianov/geodata/business/core/country/db/db.go:68.87,70.3 1 0
github.com/mchusovlianov/geodata/business/core/country/db/db.go:76.65,84.94 3 0
github.com/mchusovlianov/geodata/business/core/country/db/db.go:88.2,88.23 1 0
github.com/mchusovlianov/geodata/business/core/country/db/db.go:84.94,86.3 1 0
github.com/mchusovlianov/geodata/business/core/country/models.go:24.46,27.2 2 0
github.com/mchusovlianov/geodata/business/core/country/models.go:29.54,31.33 2 0
github.com/mchusovlianov/geodata/business/core/country/models.go:34.2,34.12 1 0
github.com/mchusovlianov/geodata/business/core/country/models.go:31.33,33.3 1 0
github.com/mchusovlianov/geodata/business/core/location/db/db.go:18.71,24.2 1 1
github.com/mchusovlianov/geodata/business/core/location/db/db.go:27.42,28.17 1 1
github.com/mchusovlianov/geodata/business/core/location/db/db.go:32.2,32.13 1 1
github.com/mchusovlianov/geodata/business/core/location/db/db.go:28.17,30.3 1 0
github.com/mchusovlianov/geodata/business/core/location/db/db.go:37.69,44.81 2 1
github.com/mchusovlianov/geodata/business/core/location/db/db.go:48.2,48.12 1 1
github.com/mchusovlianov/geodata/business/core/location/db/db.go:44.81,46.3 1 0
github.com/mchusovlianov/geodata/business/core/location/db/db.go:52.88,68.88 4 1
github.com/mchusovlianov/geodata/business/core/location/db/db.go:72.2,72.22 1 1
github.com/mchusovlianov/geodata/business/core/location/db/db.go:68.88,70.3 1 1
github.com/mchusovlianov/geodata/business/core/location/db/db.go:76.76,92.88 4 1
github.com/mchusovlianov/geodata/business/core/location/db/db.go:96.2,96.22 1 1
github.com/mchusovlianov/geodata/business/core/location/db/db.go:92.88,94.3 1 0
github.com/mchusovlianov/geodata/business/core/location/db/db.go:100.66,108.94 3 1
github.com/mchusovlianov/geodata/business/core/location/db/db.go:112.2,112.23 1 1
github.com/mchusovlianov/geodata/business/core/location/db/db.go:108.94,110.3 1 0
github.com/mchusovlianov/geodata/business/data/tests/tests.go:34.46,44.16 7 0
github.com/mchusovlianov/geodata/business/data/tests/tests.go:48.2,48.25 1 0
github.com/mchusovlianov/geodata/business/data/tests/tests.go:44.16,46.3 1 0
github.com/mchusovlianov/geodata/business/data/tests/tests.go:54.84,62.20 6 0
github.com/mchusovlianov/geodata/business/data/tests/tests.go:71.2,71.13 1 0
github.com/mchusovlianov/geodata/business/data/tests/tests.go:77.2,83.16 2 0
github.com/mchusovlianov/geodata/business/data/tests/tests.go:87.2,92.50 4 0
github.com/mchusovlianov/geodata/business/data/tests/tests.go:97.2,97.47 1 0
github.com/mchusovlianov/geodata/business/data/tests/tests.go:103.2,104.16 2 0
github.com/mchusovlianov/geodata/business/data/tests/tests.go:110.2,110.21 1 0
github.com/mchusovlianov/geodata/business/data/tests/tests.go:126.2,126.26 1 0
github.com/mchusovlianov/geodata/business/data/tests/tests.go:62.20,64.26 2 0
github.com/mchusovlianov/geodata/business/data/tests/tests.go:68.3,68.45 1 0
github.com/mchusovlianov/geodata/business/data/tests/tests.go:64.26,65.9 1 0
github.com/mchusovlianov/geodata/business/data/tests/tests.go:71.13,75.3 3 0
github.com/mchusovlianov/geodata/business/data/tests/tests.go:83.16,85.3 1 0
github.com/mchusovlianov/geodata/business/data/tests/tests.go:92.50,96.3 3 0
github.com/mchusovlianov/geodata/business/data/tests/tests.go:97.47,101.3 3 0
github.com/mchusovlianov/geodata/business/data/tests/tests.go:104.16,106.3 1 0
github.com/mchusovlianov/geodata/business/data/tests/tests.go:110.21,124.3 11 0
github.com/mchusovlianov/geodata/business/data/tests/tests.go:139.58,150.2 3 0
github.com/mchusovlianov/geodata/business/core/city/models.go:24.34,27.2 2 0
github.com/mchusovlianov/geodata/business/core/city/models.go:29.45,31.33 2 0
github.com/mchusovlianov/geodata/business/core/city/models.go:34.2,34.12 1 0
github.com/mchusovlianov/geodata/business/core/city/models.go:31.33,33.3 1 0
github.com/mchusovlianov/geodata/business/data/dbschema/dbschema.go:28.54,29.34 1 1
github.com/mchusovlianov/geodata/business/data/dbschema/dbschema.go:33.2,34.16 2 1
github.com/mchusovlianov/geodata/business/data/dbschema/dbschema.go:38.2,39.20 2 1
github.com/mchusovlianov/geodata/business/data/dbschema/dbschema.go:29.34,31.3 1 0
github.com/mchusovlianov/geodata/business/data/dbschema/dbschema.go:34.16,36.3 1 0
github.com/mchusovlianov/geodata/business/data/dbschema/dbschema.go:44.51,45.54 1 0
github.com/mchusovlianov/geodata/business/data/dbschema/dbschema.go:49.2,50.16 2 0
github.com/mchusovlianov/geodata/business/data/dbschema/dbschema.go:54.2,55.32 2 0
github.com/mchusovlianov/geodata/business/data/dbschema/dbschema.go:68.2,68.20 1 0
github.com/mchusovlianov/geodata/business/data/dbschema/dbschema.go:45.54,47.3 1 0
github.com/mchusovlianov/geodata/business/data/dbschema/dbschema.go:50.16,52.3 1 0
github.com/mchusovlianov/geodata/business/data/dbschema/dbschema.go:55.32,56.37 1 0
github.com/mchusovlianov/geodata/business/data/dbschema/dbschema.go:60.3,60.43 1 0
github.com/mchusovlianov/geodata/business/data/dbschema/dbschema.go:56.37,57.12 1 0
github.com/mchusovlianov/geodata/business/data/dbschema/dbschema.go:60.43,61.40 1 0
github.com/mchusovlianov/geodata/business/data/dbschema/dbschema.go:64.4,64.14 1 0
github.com/mchusovlianov/geodata/business/data/dbschema/dbschema.go:61.40,63.5 1 0
github.com/mchusovlianov/geodata/business/data/dbschema/dbschema.go:73.35,75.16 2 0
github.com/mchusovlianov/geodata/business/data/dbschema/dbschema.go:79.2,79.46 1 0
github.com/mchusovlianov/geodata/business/data/dbschema/dbschema.go:86.2,86.20 1 0
github.com/mchusovlianov/geodata/business/data/dbschema/dbschema.go:75.16,77.3 1 0
github.com/mchusovlianov/geodata/business/data/dbschema/dbschema.go:79.46,80.39 1 0
github.com/mchusovlianov/geodata/business/data/dbschema/dbschema.go:83.3,83.13 1 0
github.com/mchusovlianov/geodata/business/data/dbschema/dbschema.go:80.39,82.4 1 0
github.com/mchusovlianov/geodata/business/core/country/country.go:32.73,36.2 1 0
github.com/mchusovlianov/geodata/business/core/country/country.go:40.95,43.16 3 0
github.com/mchusovlianov/geodata/business/core/country/country.go:47.2,55.55 2 0
github.com/mchusovlianov/geodata/business/core/country/country.go:63.2,63.34 1 0
github.com/mchusovlianov/geodata/business/core/country/country.go:43.16,45.3 1 0
github.com/mchusovlianov/geodata/business/core/country/country.go:55.55,56.52 1 0
github.com/mchusovlianov/geodata/business/core/country/country.go:60.3,60.50 1 0
github.com/mchusovlianov/geodata/business/core/country/country.go:56.52,58.4 1 0
github.com/mchusovlianov/geodata/business/core/country/country.go:67.85,69.16 2 0
github.com/mchusovlianov/geodata/business/core/country/country.go:76.2,76.34 1 0
github.com/mchusovlianov/geodata/business/core/country/country.go:69.16,70.45 1 0
github.com/mchusovlianov/geodata/business/core/country/country.go:73.3,73.49 1 0
github.com/mchusovlianov/geodata/business/core/country/country.go:70.45,72.4 1 0
github.com/mchusovlianov/geodata/business/core/country/country.go:80.64,82.16 2 0
github.com/mchusovlianov/geodata/business/core/country/country.go:89.2,89.41 1 0
github.com/mchusovlianov/geodata/business/core/country/country.go:82.16,83.45 1 0
github.com/mchusovlianov/geodata/business/core/country/country.go:86.3,86.51 1 0
github.com/mchusovlianov/geodata/business/core/country/country.go:83.45,85.4 1 0
github.com/mchusovlianov/geodata/business/core/importer/csvschema.go:12.53,13.30 1 0
github.com/mchusovlianov/geodata/business/core/importer/csvschema.go:20.2,21.9 2 0
github.com/mchusovlianov/geodata/business/core/importer/csvschema.go:25.2,25.19 1 0
github.com/mchusovlianov/geodata/business/core/importer/csvschema.go:13.30,15.42 2 0
github.com/mchusovlianov/geodata/business/core/importer/csvschema.go:15.42,17.4 1 0
github.com/mchusovlianov/geodata/business/core/importer/csvschema.go:21.9,23.3 1 0
github.com/mchusovlianov/geodata/business/core/importer/csvschema.go:28.46,29.35 1 0
github.com/mchusovlianov/geodata/business/core/importer/csvschema.go:33.2,41.16 2 0
github.com/mchusovlianov/geodata/business/core/importer/csvschema.go:29.35,31.3 1 0
github.com/mchusovlianov/geodata/business/core/city/db/db.go:18.71,24.2 1 0
github.com/mchusovlianov/geodata/business/core/city/db/db.go:27.42,28.17 1 0
github.com/mchusovlianov/geodata/business/core/city/db/db.go:32.2,32.13 1 0
github.com/mchusovlianov/geodata/business/core/city/db/db.go:28.17,30.3 1 0
github.com/mchusovlianov/geodata/business/core/city/db/db.go:37.61,44.77 2 0
github.com/mchusovlianov/geodata/business/core/city/db/db.go:48.2,48.12 1 0
github.com/mchusovlianov/geodata/business/core/city/db/db.go:44.77,46.3 1 0
github.com/mchusovlianov/geodata/business/core/city/db/db.go:52.80,68.84 4 0
github.com/mchusovlianov/geodata/business/core/city/db/db.go:72.2,72.18 1 0
github.com/mchusovlianov/geodata/business/core/city/db/db.go:68.84,70.3 1 0
github.com/mchusovlianov/geodata/business/core/city/db/db.go:76.62,84.91 3 0
github.com/mchusovlianov/geodata/business/core/city/db/db.go:88.2,88.20 1 0
github.com/mchusovlianov/geodata/business/core/city/db/db.go:84.91,86.3 1 0
github.com/mchusovlianov/geodata/business/core/importer/importer.go:41.69,46.2 1 0
github.com/mchusovlianov/geodata/business/core/importer/importer.go:48.70,62.26 7 0
github.com/mchusovlianov/geodata/business/core/importer/importer.go:211.2,211.12 1 0
github.com/mchusovlianov/geodata/business/core/importer/importer.go:62.26,69.17 4 0
github.com/mchusovlianov/geodata/business/core/importer/importer.go:73.3,76.17 3 0
github.com/mchusovlianov/geodata/business/core/importer/importer.go:80.3,83.17 3 0
github.com/mchusovlianov/geodata/business/core/importer/importer.go:87.3,90.17 3 0
github.com/mchusovlianov/geodata/business/core/importer/importer.go:94.3,97.17 3 0
github.com/mchusovlianov/geodata/business/core/importer/importer.go:101.3,104.17 3 0
github.com/mchusovlianov/geodata/business/core/importer/importer.go:108.3,111.17 3 0
github.com/mchusovlianov/geodata/business/core/importer/importer.go:115.3,120.10 3 0
github.com/mchusovlianov/geodata/business/core/importer/importer.go:146.3,147.21 2 0
github.com/mchusovlianov/geodata/business/core/importer/importer.go:171.3,172.17 2 0
github.com/mchusovlianov/geodata/business/core/importer/importer.go:177.3,178.17 2 0
github.com/mchusovlianov/geodata/business/core/importer/importer.go:183.3,184.17 2 0
github.com/mchusovlianov/geodata/business/core/importer/importer.go:190.3,198.49 2 0
github.com/mchusovlianov/geodata/business/core/importer/importer.go:203.3,203.17 1 0
github.com/mchusovlianov/geodata/business/core/importer/importer.go:208.3,208.15 1 0
github.com/mchusovlianov/geodata/business/core/importer/importer.go:69.17,71.12 2 0
github.com/mchusovlianov/geodata/business/core/importer/importer.go:76.17,78.12 2 0
github.com/mchusovlianov/geodata/business/core/importer/importer.go:83.17,85.12 2 0
github.com/mchusovlianov/geodata/business/core/importer/importer.go:90.17,92.12 2 0
github.com/mchusovlianov/geodata/business/core/importer/importer.go:97.17,99.12 2 0
github.com/mchusovlianov/geodata/business/core/importer/importer.go:104.17,106.12 2 0
github.com/mchusovlianov/geodata/business/core/importer/importer.go:111.17,113.12 2 0
github.com/mchusovlianov/geodata/business/core/importer/importer.go:120.10,127.49 2 0
github.com/mchusovlianov/geodata/business/core/importer/importer.go:132.4,132.18 1 0
github.com/mchusovlianov/geodata/business/core/importer/importer.go:138.4,138.33 1 0
github.com/mchusovlianov/geodata/business/core/importer/importer.go:127.49,129.13 2 0
github.com/mchusovlianov/geodata/business/core/importer/importer.go:132.18,134.13 2 0
github.com/mchusovlianov/geodata/business/core/importer/importer.go:138.33,142.5 2 0
github.com/mchusovlianov/geodata/business/core/importer/importer.go:147.21,154.46 2 0
github.com/mchusovlianov/geodata/business/core/importer/importer.go:159.4,159.18 1 0
github.com/mchusovlianov/geodata/business/core/importer/importer.go:165.4,165.30 1 0
github.com/mchusovlianov/geodata/business/core/importer/importer.go:154.46,156.13 2 0
github.com/mchusovlianov/geodata/business/core/importer/importer.go:159.18,161.13 2 0
github.com/mchusovlianov/geodata/business/core/importer/importer.go:165.30,168.5 2 0
github.com/mchusovlianov/geodata/business/core/importer/importer.go:172.17,174.12 2 0
github.com/mchusovlianov/geodata/business/core/importer/importer.go:178.17,180.12 2 0
github.com/mchusovlianov/geodata/business/core/importer/importer.go:184.17,186.12 2 0
github.com/mchusovlianov/geodata/business/core/importer/importer.go:198.49,200.12 2 0
github.com/mchusovlianov/geodata/business/core/importer/importer.go:203.17,205.12 2 0
github.com/mchusovlianov/geodata/business/core/importer/importer.go:214.94,224.28 6 0
github.com/mchusovlianov/geodata/business/core/importer/importer.go:229.2,238.36 6 0
github.com/mchusovlianov/geodata/business/core/importer/importer.go:242.2,242.6 1 0
github.com/mchusovlianov/geodata/business/core/importer/importer.go:298.2,298.29 1 0
github.com/mchusovlianov/geodata/business/core/importer/importer.go:301.2,307.16 5 0
github.com/mchusovlianov/geodata/business/core/importer/importer.go:224.28,226.3 1 0
github.com/mchusovlianov/geodata/business/core/importer/importer.go:238.36,240.3 1 0
github.com/mchusovlianov/geodata/business/core/importer/importer.go:242.6,244.20 2 0
github.com/mchusovlianov/geodata/business/core/importer/importer.go:248.3,248.17 1 0
github.com/mchusovlianov/geodata/business/core/importer/importer.go:252.3,252.23 1 0
github.com/mchusovlianov/geodata/business/core/importer/importer.go:256.3,258.18 2 0
github.com/mchusovlianov/geodata/business/core/importer/importer.go:275.3,278.50 3 0
github.com/mchusovlianov/geodata/business/core/importer/importer.go:293.3,293.31 1 0
github.com/mchusovlianov/geodata/business/core/importer/importer.go:244.20,245.9 1 0
github.com/mchusovlianov/geodata/business/core/importer/importer.go:248.17,250.4 1 0
github.com/mchusovlianov/geodata/business/core/importer/importer.go:252.23,253.12 1 0
github.com/mchusovlianov/geodata/business/core/importer/importer.go:258.18,260.32 1 0
github.com/mchusovlianov/geodata/business/core/importer/importer.go:264.4,272.12 3 0
github.com/mchusovlianov/geodata/business/core/importer/importer.go:260.32,262.5 1 0
github.com/mchusovlianov/geodata/business/core/importer/importer.go:278.50,280.4 1 0
github.com/mchusovlianov/geodata/business/core/importer/importer.go:280.9,282.32 2 0
github.com/mchusovlianov/geodata/business/core/importer/importer.go:288.4,290.32 3 0
github.com/mchusovlianov/geodata/business/core/importer/importer.go:282.32,283.33 1 0
github.com/mchusovlianov/geodata/business/core/importer/importer.go:283.33,285.6 1 0
github.com/mchusovlianov/geodata/business/core/importer/importer.go:293.31,295.4 1 0
github.com/mchusovlianov/geodata/business/core/importer/importer.go:298.29,300.3 1 0
github.com/mchusovlianov/geodata/business/core/location/models.go:30.50,33.2 2 1
github.com/mchusovlianov/geodata/business/core/location/models.go:35.57,37.33 2 1
github.com/mchusovlianov/geodata/business/core/location/models.go:40.2,40.12 1 1
github.com/mchusovlianov/geodata/business/core/location/models.go:37.33,39.3 1 1
github.com/mchusovlianov/geodata/business/core/city/city.go:32.73,36.2 1 0
github.com/mchusovlianov/geodata/business/core/city/city.go:40.86,43.16 3 0
github.com/mchusovlianov/geodata/business/core/city/city.go:47.2,55.52 2 0
github.com/mchusovlianov/geodata/business/core/city/city.go:63.2,63.28 1 0
github.com/mchusovlianov/geodata/business/core/city/city.go:43.16,45.3 1 0
github.com/mchusovlianov/geodata/business/core/city/city.go:55.52,56.52 1 0
github.com/mchusovlianov/geodata/business/core/city/city.go:60.3,60.47 1 0
github.com/mchusovlianov/geodata/business/core/city/city.go:56.52,58.4 1 0
github.com/mchusovlianov/geodata/business/core/city/city.go:67.79,69.16 2 0
github.com/mchusovlianov/geodata/business/core/city/city.go:76.2,76.28 1 0
github.com/mchusovlianov/geodata/business/core/city/city.go:69.16,70.45 1 0
github.com/mchusovlianov/geodata/business/core/city/city.go:73.3,73.46 1 0
github.com/mchusovlianov/geodata/business/core/city/city.go:70.45,72.4 1 0
github.com/mchusovlianov/geodata/business/core/city/city.go:80.61,82.16 2 0
github.com/mchusovlianov/geodata/business/core/city/city.go:89.2,89.35 1 0
github.com/mchusovlianov/geodata/business/core/city/city.go:82.16,83.45 1 0
github.com/mchusovlianov/geodata/business/core/city/city.go:86.3,86.48 1 0
github.com/mchusovlianov/geodata/business/core/city/city.go:83.45,85.4 1 0
github.com/mchusovlianov/geodata/business/data/dbtest/dbtest.go:27.43,33.16 5 1
github.com/mchusovlianov/geodata/business/data/dbtest/dbtest.go:37.2,38.20 2 1
github.com/mchusovlianov/geodata/business/data/dbtest/dbtest.go:47.2,47.13 1 1
github.com/mchusovlianov/geodata/business/data/dbtest/dbtest.go:52.2,52.23 1 1
github.com/mchusovlianov/geodata/business/data/dbtest/dbtest.go:33.16,35.3 1 0
github.com/mchusovlianov/geodata/business/data/dbtest/dbtest.go:38.20,40.26 2 1
github.com/mchusovlianov/geodata/business/data/dbtest/dbtest.go:44.3,44.45 1 1
github.com/mchusovlianov/geodata/business/data/dbtest/dbtest.go:40.26,41.9 1 1
github.com/mchusovlianov/geodata/business/data/dbtest/dbtest.go:47.13,50.3 2 0
github.com/mchusovlianov/geodata/business/data/dbtest/dbtest.go:56.34,58.2 1 0
github.com/mchusovlianov/geodata/business/data/dbtest/dbtest.go:63.103,69.16 5 1
github.com/mchusovlianov/geodata/business/data/dbtest/dbtest.go:73.2,75.35 2 1
github.com/mchusovlianov/geodata/business/data/dbtest/dbtest.go:79.2,81.92 2 1
github.com/mchusovlianov/geodata/business/data/dbtest/dbtest.go:84.2,88.16 3 1
github.com/mchusovlianov/geodata/business/data/dbtest/dbtest.go:92.2,94.50 2 1
github.com/mchusovlianov/geodata/business/data/dbtest/dbtest.go:104.2,115.21 6 1
github.com/mchusovlianov/geodata/business/data/dbtest/dbtest.go:127.2,127.26 1 1
github.com/mchusovlianov/geodata/business/data/dbtest/dbtest.go:69.16,71.3 1 0
github.com/mchusovlianov/geodata/business/data/dbtest/dbtest.go:75.35,77.3 1 0
github.com/mchusovlianov/geodata/business/data/dbtest/dbtest.go:81.92,83.3 1 0
github.com/mchusovlianov/geodata/business/data/dbtest/dbtest.go:88.16,90.3 1 0
github.com/mchusovlianov/geodata/business/data/dbtest/dbtest.go:94.50,97.3 2 0
github.com/mchusovlianov/geodata/business/data/dbtest/dbtest.go:115.21,125.3 7 1
github.com/mchusovlianov/geodata/business/data/dbtest/dbtest.go:140.77,151.2 3 0
github.com/mchusovlianov/geodata/business/data/dbtest/dbtest.go:156.38,158.2 1 0
github.com/mchusovlianov/geodata/business/data/dbtest/dbtest.go:163.29,165.2 1 0
github.com/mchusovlianov/geodata/business/core/location/location.go:31.73,35.2 1 1
github.com/mchusovlianov/geodata/business/core/location/location.go:39.98,42.16 3 1
github.com/mchusovlianov/geodata/business/core/location/location.go:46.2,57.56 2 1
github.com/mchusovlianov/geodata/business/core/location/location.go:61.2,61.36 1 1
github.com/mchusovlianov/geodata/business/core/location/location.go:42.16,44.3 1 1
github.com/mchusovlianov/geodata/business/core/location/location.go:57.56,59.3 1 0
github.com/mchusovlianov/geodata/business/core/location/location.go:65.87,67.16 2 1
github.com/mchusovlianov/geodata/business/core/location/location.go:74.2,74.36 1 1
github.com/mchusovlianov/geodata/business/core/location/location.go:67.16,68.45 1 1
github.com/mchusovlianov/geodata/business/core/location/location.go:71.3,71.50 1 0
github.com/mchusovlianov/geodata/business/core/location/location.go:68.45,70.4 1 1
github.com/mchusovlianov/geodata/business/core/location/location.go:78.75,83.16 3 1
github.com/mchusovlianov/geodata/business/core/location/location.go:87.2,88.16 2 1
github.com/mchusovlianov/geodata/business/core/location/location.go:95.2,95.36 1 1
github.com/mchusovlianov/geodata/business/core/location/location.go:83.16,85.3 1 0
github.com/mchusovlianov/geodata/business/core/location/location.go:88.16,89.45 1 0
github.com/mchusovlianov/geodata/business/core/location/location.go:92.3,92.50 1 0
github.com/mchusovlianov/geodata/business/core/location/location.go:89.45,91.4 1 0
github.com/mchusovlianov/geodata/business/core/location/location.go:99.65,101.16 2 1
github.com/mchusovlianov/geodata/business/core/location/location.go:108.2,108.42 1 1
github.com/mchusovlianov/geodata/business/core/location/location.go:101.16,102.45 1 0
github.com/mchusovlianov/geodata/business/core/location/location.go:105.3,105.52 1 0
github.com/mchusovlianov/geodata/business/core/location/location.go:102.45,104.4 1 0
github.com/mchusovlianov/geodata/business/core/city/db/db.go:18.71,24.2 1 1
github.com/mchusovlianov/geodata/business/core/city/db/db.go:27.42,28.17 1 1
github.com/mchusovlianov/geodata/business/core/city/db/db.go:32.2,32.13 1 1
github.com/mchusovlianov/geodata/business/core/city/db/db.go:28.17,30.3 1 0
github.com/mchusovlianov/geodata/business/core/city/db/db.go:37.61,44.77 2 1
github.com/mchusovlianov/geodata/business/core/city/db/db.go:48.2,48.12 1 1
github.com/mchusovlianov/geodata/business/core/city/db/db.go:44.77,46.3 1 0
github.com/mchusovlianov/geodata/business/core/city/db/db.go:52.80,68.84 4 0
github.com/mchusovlianov/geodata/business/core/city/db/db.go:72.2,72.18 1 0
github.com/mchusovlianov/geodata/business/core/city/db/db.go:68.84,70.3 1 0
github.com/mchusovlianov/geodata/business/core/city/db/db.go:76.62,84.91 3 1
github.com/mchusovlianov/geodata/business/core/city/db/db.go:88.2,88.20 1 1
github.com/mchusovlianov/geodata/business/core/city/db/db.go:84.91,86.3 1 0
github.com/mchusovlianov/geodata/business/core/country/country.go:32.73,36.2 1 1
github.com/mchusovlianov/geodata/business/core/country/country.go:40.95,43.16 3 1
github.com/mchusovlianov/geodata/business/core/country/country.go:47.2,55.55 2 1
github.com/mchusovlianov/geodata/business/core/country/country.go:63.2,63.34 1 1
github.com/mchusovlianov/geodata/business/core/country/country.go:43.16,45.3 1 0
github.com/mchusovlianov/geodata/business/core/country/country.go:55.55,56.52 1 0
github.com/mchusovlianov/geodata/business/core/country/country.go:60.3,60.50 1 0
github.com/mchusovlianov/geodata/business/core/country/country.go:56.52,58.4 1 0
github.com/mchusovlianov/geodata/business/core/country/country.go:67.85,69.16 2 0
github.com/mchusovlianov/geodata/business/core/country/country.go:76.2,76.34 1 0
github.com/mchusovlianov/geodata/business/core/country/country.go:69.16,70.45 1 0
github.com/mchusovlianov/geodata/business/core/country/country.go:73.3,73.49 1 0
github.com/mchusovlianov/geodata/business/core/country/country.go:70.45,72.4 1 0
github.com/mchusovlianov/geodata/business/core/country/country.go:80.64,82.16 2 1
github.com/mchusovlianov/geodata/business/core/country/country.go:89.2,89.41 1 1
github.com/mchusovlianov/geodata/business/core/country/country.go:82.16,83.45 1 0
github.com/mchusovlianov/geodata/business/core/country/country.go:86.3,86.51 1 0
github.com/mchusovlianov/geodata/business/core/country/country.go:83.45,85.4 1 0
github.com/mchusovlianov/geodata/business/core/location/location.go:31.73,35.2 1 1
github.com/mchusovlianov/geodata/business/core/location/location.go:39.98,42.16 3 1
github.com/mchusovlianov/geodata/business/core/location/location.go:46.2,57.56 2 1
github.com/mchusovlianov/geodata/business/core/location/location.go:61.2,61.36 1 1
github.com/mchusovlianov/geodata/business/core/location/location.go:42.16,44.3 1 0
github.com/mchusovlianov/geodata/business/core/location/location.go:57.56,59.3 1 0
github.com/mchusovlianov/geodata/business/core/location/location.go:65.87,67.16 2 0
github.com/mchusovlianov/geodata/business/core/location/location.go:74.2,74.36 1 0
github.com/mchusovlianov/geodata/business/core/location/location.go:67.16,68.45 1 0
github.com/mchusovlianov/geodata/business/core/location/location.go:71.3,71.50 1 0
github.com/mchusovlianov/geodata/business/core/location/location.go:68.45,70.4 1 0
github.com/mchusovlianov/geodata/business/core/location/location.go:78.75,83.16 3 0
github.com/mchusovlianov/geodata/business/core/location/location.go:87.2,88.16 2 0
github.com/mchusovlianov/geodata/business/core/location/location.go:95.2,95.36 1 0
github.com/mchusovlianov/geodata/business/core/location/location.go:83.16,85.3 1 0
github.com/mchusovlianov/geodata/business/core/location/location.go:88.16,89.45 1 0
github.com/mchusovlianov/geodata/business/core/location/location.go:92.3,92.50 1 0
github.com/mchusovlianov/geodata/business/core/location/location.go:89.45,91.4 1 0
github.com/mchusovlianov/geodata/business/core/location/location.go:99.65,101.16 2 1
github.com/mchusovlianov/geodata/business/core/location/location.go:108.2,108.42 1 1
github.com/mchusovlianov/geodata/business/core/location/location.go:101.16,102.45 1 0
github.com/mchusovlianov/geodata/business/core/location/location.go:105.3,105.52 1 0
github.com/mchusovlianov/geodata/business/core/location/location.go:102.45,104.4 1 0
github.com/mchusovlianov/geodata/business/core/importer/importer.go:41.69,46.2 1 1
github.com/mchusovlianov/geodata/business/core/importer/importer.go:48.70,62.26 7 1
github.com/mchusovlianov/geodata/business/core/importer/importer.go:211.2,211.12 1 1
github.com/mchusovlianov/geodata/business/core/importer/importer.go:62.26,69.17 4 1
github.com/mchusovlianov/geodata/business/core/importer/importer.go:73.3,76.17 3 1
github.com/mchusovlianov/geodata/business/core/importer/importer.go:80.3,83.17 3 1
github.com/mchusovlianov/geodata/business/core/importer/importer.go:87.3,90.17 3 1
github.com/mchusovlianov/geodata/business/core/importer/importer.go:94.3,97.17 3 1
github.com/mchusovlianov/geodata/business/core/importer/importer.go:101.3,104.17 3 1
github.com/mchusovlianov/geodata/business/core/importer/importer.go:108.3,111.17 3 1
github.com/mchusovlianov/geodata/business/core/importer/importer.go:115.3,120.10 3 1
github.com/mchusovlianov/geodata/business/core/importer/importer.go:146.3,147.21 2 1
github.com/mchusovlianov/geodata/business/core/importer/importer.go:171.3,172.17 2 1
github.com/mchusovlianov/geodata/business/core/importer/importer.go:177.3,178.17 2 1
github.com/mchusovlianov/geodata/business/core/importer/importer.go:183.3,184.17 2 1
github.com/mchusovlianov/geodata/business/core/importer/importer.go:190.3,198.49 2 1
github.com/mchusovlianov/geodata/business/core/importer/importer.go:203.3,203.17 1 1
github.com/mchusovlianov/geodata/business/core/importer/importer.go:208.3,208.15 1 1
github.com/mchusovlianov/geodata/business/core/importer/importer.go:69.17,71.12 2 0
github.com/mchusovlianov/geodata/business/core/importer/importer.go:76.17,78.12 2 0
github.com/mchusovlianov/geodata/business/core/importer/importer.go:83.17,85.12 2 0
github.com/mchusovlianov/geodata/business/core/importer/importer.go:90.17,92.12 2 0
github.com/mchusovlianov/geodata/business/core/importer/importer.go:97.17,99.12 2 0
github.com/mchusovlianov/geodata/business/core/importer/importer.go:104.17,106.12 2 0
github.com/mchusovlianov/geodata/business/core/importer/importer.go:111.17,113.12 2 0
github.com/mchusovlianov/geodata/business/core/importer/importer.go:120.10,127.49 2 1
github.com/mchusovlianov/geodata/business/core/importer/importer.go:132.4,132.18 1 1
github.com/mchusovlianov/geodata/business/core/importer/importer.go:138.4,138.33 1 1
github.com/mchusovlianov/geodata/business/core/importer/importer.go:127.49,129.13 2 0
github.com/mchusovlianov/geodata/business/core/importer/importer.go:132.18,134.13 2 0
github.com/mchusovlianov/geodata/business/core/importer/importer.go:138.33,142.5 2 1
github.com/mchusovlianov/geodata/business/core/importer/importer.go:147.21,154.46 2 1
github.com/mchusovlianov/geodata/business/core/importer/importer.go:159.4,159.18 1 1
github.com/mchusovlianov/geodata/business/core/importer/importer.go:165.4,165.30 1 1
github.com/mchusovlianov/geodata/business/core/importer/importer.go:154.46,156.13 2 0
github.com/mchusovlianov/geodata/business/core/importer/importer.go:159.18,161.13 2 0
github.com/mchusovlianov/geodata/business/core/importer/importer.go:165.30,168.5 2 1
github.com/mchusovlianov/geodata/business/core/importer/importer.go:172.17,174.12 2 0
github.com/mchusovlianov/geodata/business/core/importer/importer.go:178.17,180.12 2 0
github.com/mchusovlianov/geodata/business/core/importer/importer.go:184.17,186.12 2 0
github.com/mchusovlianov/geodata/business/core/importer/importer.go:198.49,200.12 2 0
github.com/mchusovlianov/geodata/business/core/importer/importer.go:203.17,205.12 2 0
github.com/mchusovlianov/geodata/business/core/importer/importer.go:214.94,224.28 6 1
github.com/mchusovlianov/geodata/business/core/importer/importer.go:229.2,238.36 6 1
github.com/mchusovlianov/geodata/business/core/importer/importer.go:242.2,242.6 1 1
github.com/mchusovlianov/geodata/business/core/importer/importer.go:298.2,298.29 1 1
github.com/mchusovlianov/geodata/business/core/importer/importer.go:301.2,307.16 5 1
github.com/mchusovlianov/geodata/business/core/importer/importer.go:224.28,226.3 1 1
github.com/mchusovlianov/geodata/business/core/importer/importer.go:238.36,240.3 1 1
github.com/mchusovlianov/geodata/business/core/importer/importer.go:242.6,244.20 2 1
github.com/mchusovlianov/geodata/business/core/importer/importer.go:248.3,248.17 1 1
github.com/mchusovlianov/geodata/business/core/importer/importer.go:252.3,252.23 1 1
github.com/mchusovlianov/geodata/business/core/importer/importer.go:256.3,258.18 2 1
github.com/mchusovlianov/geodata/business/core/importer/importer.go:275.3,278.50 3 1
github.com/mchusovlianov/geodata/business/core/importer/importer.go:293.3,293.31 1 1
github.com/mchusovlianov/geodata/business/core/importer/importer.go:244.20,245.9 1 1
github.com/mchusovlianov/geodata/business/core/importer/importer.go:248.17,250.4 1 0
github.com/mchusovlianov/geodata/business/core/importer/importer.go:252.23,253.12 1 0
github.com/mchusovlianov/geodata/business/core/importer/importer.go:258.18,260.32 1 1
github.com/mchusovlianov/geodata/business/core/importer/importer.go:264.4,272.12 3 1
github.com/mchusovlianov/geodata/business/core/importer/importer.go:260.32,262.5 1 1
github.com/mchusovlianov/geodata/business/core/importer/importer.go:278.50,280.4 1 1
github.com/mchusovlianov/geodata/business/core/importer/importer.go:280.9,282.32 2 1
github.com/mchusovlianov/geodata/business/core/importer/importer.go:288.4,290.32 3 1
github.com/mchusovlianov/geodata/business/core/importer/importer.go:282.32,283.33 1 1
github.com/mchusovlianov/geodata/business/core/importer/importer.go:283.33,285.6 1 1
github.com/mchusovlianov/geodata/business/core/importer/importer.go:293.31,295.4 1 0
github.com/mchusovlianov/geodata/business/core/importer/importer.go:298.29,300.3 1 1
github.com/mchusovlianov/geodata/business/core/country/db/db.go:18.71,24.2 1 1
github.com/mchusovlianov/geodata/business/core/country/db/db.go:27.42,28.17 1 1
github.com/mchusovlianov/geodata/business/core/country/db/db.go:32.2,32.13 1 1
github.com/mchusovlianov/geodata/business/core/country/db/db.go:28.17,30.3 1 0
github.com/mchusovlianov/geodata/business/core/country/db/db.go:37.67,44.80 2 1
github.com/mchusovlianov/geodata/business/core/country/db/db.go:48.2,48.12 1 1
github.com/mchusovlianov/geodata/business/core/country/db/db.go:44.80,46.3 1 0
github.com/mchusovlianov/geodata/business/core/country/db/db.go:52.86,68.87 4 0
github.com/mchusovlianov/geodata/business/core/country/db/db.go:72.2,72.21 1 0
github.com/mchusovlianov/geodata/business/core/country/db/db.go:68.87,70.3 1 0
github.com/mchusovlianov/geodata/business/core/country/db/db.go:76.65,84.94 3 1
github.com/mchusovlianov/geodata/business/core/country/db/db.go:88.2,88.23 1 1
github.com/mchusovlianov/geodata/business/core/country/db/db.go:84.94,86.3 1 0
github.com/mchusovlianov/geodata/business/core/location/db/db.go:18.71,24.2 1 1
github.com/mchusovlianov/geodata/business/core/location/db/db.go:27.42,28.17 1 1
github.com/mchusovlianov/geodata/business/core/location/db/db.go:32.2,32.13 1 1
github.com/mchusovlianov/geodata/business/core/location/db/db.go:28.17,30.3 1 0
github.com/mchusovlianov/geodata/business/core/location/db/db.go:37.69,44.81 2 1
github.com/mchusovlianov/geodata/business/core/location/db/db.go:48.2,48.12 1 1
github.com/mchusovlianov/geodata/business/core/location/db/db.go:44.81,46.3 1 0
github.com/mchusovlianov/geodata/business/core/location/db/db.go:52.88,68.88 4 0
github.com/mchusovlianov/geodata/business/core/location/db/db.go:72.2,72.22 1 0
github.com/mchusovlianov/geodata/business/core/location/db/db.go:68.88,70.3 1 0
github.com/mchusovlianov/geodata/business/core/location/db/db.go:76.76,92.88 4 0
github.com/mchusovlianov/geodata/business/core/location/db/db.go:96.2,96.22 1 0
github.com/mchusovlianov/geodata/business/core/location/db/db.go:92.88,94.3 1 0
github.com/mchusovlianov/geodata/business/core/location/db/db.go:100.66,108.94 3 1
github.com/mchusovlianov/geodata/business/core/location/db/db.go:112.2,112.23 1 1
github.com/mchusovlianov/geodata/business/core/location/db/db.go:108.94,110.3 1 0
github.com/mchusovlianov/geodata/business/core/country/models.go:24.46,27.2 2 1
github.com/mchusovlianov/geodata/business/core/country/models.go:29.54,31.33 2 1
github.com/mchusovlianov/geodata/business/core/country/models.go:34.2,34.12 1 1
github.com/mchusovlianov/geodata/business/core/country/models.go:31.33,33.3 1 1
github.com/mchusovlianov/geodata/business/core/location/models.go:30.50,33.2 2 1
github.com/mchusovlianov/geodata/business/core/location/models.go:35.57,37.33 2 1
github.com/mchusovlianov/geodata/business/core/location/models.go:40.2,40.12 1 1
github.com/mchusovlianov/geodata/business/core/location/models.go:37.33,39.3 1 1
github.com/mchusovlianov/geodata/business/data/tests/tests.go:34.46,44.16 7 0
github.com/mchusovlianov/geodata/business/data/tests/tests.go:48.2,48.25 1 0
github.com/mchusovlianov/geodata/business/data/tests/tests.go:44.16,46.3 1 0
github.com/mchusovlianov/geodata/business/data/tests/tests.go:54.84,62.20 6 0
github.com/mchusovlianov/geodata/business/data/tests/tests.go:71.2,71.13 1 0
github.com/mchusovlianov/geodata/business/data/tests/tests.go:77.2,83.16 2 0
github.com/mchusovlianov/geodata/business/data/tests/tests.go:87.2,92.50 4 0
github.com/mchusovlianov/geodata/business/data/tests/tests.go:97.2,97.47 1 0
github.com/mchusovlianov/geodata/business/data/tests/tests.go:103.2,104.16 2 0
github.com/mchusovlianov/geodata/business/data/tests/tests.go:110.2,110.21 1 0
github.com/mchusovlianov/geodata/business/data/tests/tests.go:126.2,126.26 1 0
github.com/mchusovlianov/geodata/business/data/tests/tests.go:62.20,64.26 2 0
github.com/mchusovlianov/geodata/business/data/tests/tests.go:68.3,68.45 1 0
github.com/mchusovlianov/geodata/business/data/tests/tests.go:64.26,65.9 1 0
github.com/mchusovlianov/geodata/business/data/tests/tests.go:71.13,75.3 3 0
github.com/mchusovlianov/geodata/business/data/tests/tests.go:83.16,85.3 1 0
github.com/mchusovlianov/geodata/business/data/tests/tests.go:92.50,96.3 3 0
github.com/mchusovlianov/geodata/business/data/tests/tests.go:97.47,101.3 3 0
github.com/mchusovlianov/geodata/business/data/tests/tests.go:104.16,106.3 1 0
github.com/mchusovlianov/geodata/business/data/tests/tests.go:110.21,124.3 11 0
github.com/mchusovlianov/geodata/business/data/tests/tests.go:139.58,150.2 3 0
github.com/mchusovlianov/geodata/business/core/city/city.go:32.73,36.2 1 1
github.com/mchusovlianov/geodata/business/core/city/city.go:40.86,43.16 3 1
github.com/mchusovlianov/geodata/business/core/city/city.go:47.2,55.52 2 1
github.com/mchusovlianov/geodata/business/core/city/city.go:63.2,63.28 1 1
github.com/mchusovlianov/geodata/business/core/city/city.go:43.16,45.3 1 0
github.com/mchusovlianov/geodata/business/core/city/city.go:55.52,56.52 1 0
github.com/mchusovlianov/geodata/business/core/city/city.go:60.3,60.47 1 0
github.com/mchusovlianov/geodata/business/core/city/city.go:56.52,58.4 1 0
github.com/mchusovlianov/geodata/business/core/city/city.go:67.79,69.16 2 0
github.com/mchusovlianov/geodata/business/core/city/city.go:76.2,76.28 1 0
github.com/mchusovlianov/geodata/business/core/city/city.go:69.16,70.45 1 0
github.com/mchusovlianov/geodata/business/core/city/city.go:73.3,73.46 1 0
github.com/mchusovlianov/geodata/business/core/city/city.go:70.45,72.4 1 0
github.com/mchusovlianov/geodata/business/core/city/city.go:80.61,82.16 2 1
github.com/mchusovlianov/geodata/business/core/city/city.go:89.2,89.35 1 1
github.com/mchusovlianov/geodata/business/core/city/city.go:82.16,83.45 1 0
github.com/mchusovlianov/geodata/business/core/city/city.go:86.3,86.48 1 0
github.com/mchusovlianov/geodata/business/core/city/city.go:83.45,85.4 1 0
github.com/mchusovlianov/geodata/business/core/city/models.go:24.34,27.2 2 1
github.com/mchusovlianov/geodata/business/core/city/models.go:29.45,31.33 2 1
github.com/mchusovlianov/geodata/business/core/city/models.go:34.2,34.12 1 1
github.com/mchusovlianov/geodata/business/core/city/models.go:31.33,33.3 1 1
github.com/mchusovlianov/geodata/business/data/dbschema/dbschema.go:28.54,29.34 1 1
github.com/mchusovlianov/geodata/business/data/dbschema/dbschema.go:33.2,34.16 2 1
github.com/mchusovlianov/geodata/business/data/dbschema/dbschema.go:38.2,39.20 2 1
github.com/mchusovlianov/geodata/business/data/dbschema/dbschema.go:29.34,31.3 1 0
github.com/mchusovlianov/geodata/business/data/dbschema/dbschema.go:34.16,36.3 1 0
github.com/mchusovlianov/geodata/business/data/dbschema/dbschema.go:44.51,45.54 1 0
github.com/mchusovlianov/geodata/business/data/dbschema/dbschema.go:49.2,50.16 2 0
github.com/mchusovlianov/geodata/business/data/dbschema/dbschema.go:54.2,55.32 2 0
github.com/mchusovlianov/geodata/business/data/dbschema/dbschema.go:68.2,68.20 1 0
github.com/mchusovlianov/geodata/business/data/dbschema/dbschema.go:45.54,47.3 1 0
github.com/mchusovlianov/geodata/business/data/dbschema/dbschema.go:50.16,52.3 1 0
github.com/mchusovlianov/geodata/business/data/dbschema/dbschema.go:55.32,56.37 1 0
github.com/mchusovlianov/geodata/business/data/dbschema/dbschema.go:60.3,60.43 1 0
github.com/mchusovlianov/geodata/business/data/dbschema/dbschema.go:56.37,57.12 1 0
github.com/mchusovlianov/geodata/business/data/dbschema/dbschema.go:60.43,61.40 1 0
github.com/mchusovlianov/geodata/business/data/dbschema/dbschema.go:64.4,64.14 1 0
github.com/mchusovlianov/geodata/business/data/dbschema/dbschema.go:61.40,63.5 1 0
github.com/mchusovlianov/geodata/business/data/dbschema/dbschema.go:73.35,75.16 2 0
github.com/mchusovlianov/geodata/business/data/dbschema/dbschema.go:79.2,79.46 1 0
github.com/mchusovlianov/geodata/business/data/dbschema/dbschema.go:86.2,86.20 1 0
github.com/mchusovlianov/geodata/business/data/dbschema/dbschema.go:75.16,77.3 1 0
github.com/mchusovlianov/geodata/business/data/dbschema/dbschema.go:79.46,80.39 1 0
github.com/mchusovlianov/geodata/business/data/dbschema/dbschema.go:83.3,83.13 1 0
github.com/mchusovlianov/geodata/business/data/dbschema/dbschema.go:80.39,82.4 1 0
github.com/mchusovlianov/geodata/business/data/dbtest/dbtest.go:27.43,33.16 5 1
github.com/mchusovlianov/geodata/business/data/dbtest/dbtest.go:37.2,38.20 2 1
github.com/mchusovlianov/geodata/business/data/dbtest/dbtest.go:47.2,47.13 1 1
github.com/mchusovlianov/geodata/business/data/dbtest/dbtest.go:52.2,52.23 1 1
github.com/mchusovlianov/geodata/business/data/dbtest/dbtest.go:33.16,35.3 1 0
github.com/mchusovlianov/geodata/business/data/dbtest/dbtest.go:38.20,40.26 2 1
github.com/mchusovlianov/geodata/business/data/dbtest/dbtest.go:44.3,44.45 1 1
github.com/mchusovlianov/geodata/business/data/dbtest/dbtest.go:40.26,41.9 1 1
github.com/mchusovlianov/geodata/business/data/dbtest/dbtest.go:47.13,50.3 2 0
github.com/mchusovlianov/geodata/business/data/dbtest/dbtest.go:56.34,58.2 1 0
github.com/mchusovlianov/geodata/business/data/dbtest/dbtest.go:63.103,69.16 5 1
github.com/mchusovlianov/geodata/business/data/dbtest/dbtest.go:73.2,75.35 2 1
github.com/mchusovlianov/geodata/business/data/dbtest/dbtest.go:79.2,81.92 2 1
github.com/mchusovlianov/geodata/business/data/dbtest/dbtest.go:84.2,88.16 3 1
github.com/mchusovlianov/geodata/business/data/dbtest/dbtest.go:92.2,94.50 2 1
github.com/mchusovlianov/geodata/business/data/dbtest/dbtest.go:104.2,115.21 6 1
github.com/mchusovlianov/geodata/business/data/dbtest/dbtest.go:127.2,127.26 1 1
github.com/mchusovlianov/geodata/business/data/dbtest/dbtest.go:69.16,71.3 1 0
github.com/mchusovlianov/geodata/business/data/dbtest/dbtest.go:75.35,77.3 1 0
github.com/mchusovlianov/geodata/business/data/dbtest/dbtest.go:81.92,83.3 1 0
github.com/mchusovlianov/geodata/business/data/dbtest/dbtest.go:88.16,90.3 1 0
github.com/mchusovlianov/geodata/business/data/dbtest/dbtest.go:94.50,97.3 2 0
github.com/mchusovlianov/geodata/business/data/dbtest/dbtest.go:115.21,125.3 7 1
github.com/mchusovlianov/geodata/business/data/dbtest/dbtest.go:140.77,151.2 3 0
github.com/mchusovlianov/geodata/business/data/dbtest/dbtest.go:156.38,158.2 1 0
github.com/mchusovlianov/geodata/business/data/dbtest/dbtest.go:163.29,165.2 1 0
github.com/mchusovlianov/geodata/business/core/importer/csvschema.go:12.53,13.30 1 1
github.com/mchusovlianov/geodata/business/core/importer/csvschema.go:20.2,21.9 2 1
github.com/mchusovlianov/geodata/business/core/importer/csvschema.go:25.2,25.19 1 1
github.com/mchusovlianov/geodata/business/core/importer/csvschema.go:13.30,15.42 2 1
github.com/mchusovlianov/geodata/business/core/importer/csvschema.go:15.42,17.4 1 1
github.com/mchusovlianov/geodata/business/core/importer/csvschema.go:21.9,23.3 1 0
github.com/mchusovlianov/geodata/business/core/importer/csvschema.go:28.46,29.35 1 1
github.com/mchusovlianov/geodata/business/core/importer/csvschema.go:33.2,41.16 2 1
github.com/mchusovlianov/geodata/business/core/importer/csvschema.go:29.35,31.3 1 1
