mode: set
github.com/mchusovlianov/geodata/business/data/dbschema/dbschema.go:28.54,29.34 1 1
github.com/mchusovlianov/geodata/business/data/dbschema/dbschema.go:33.2,34.16 2 1
github.com/mchusovlianov/geodata/business/data/dbschema/dbschema.go:38.2,39.20 2 1
github.com/mchusovlianov/geodata/business/data/dbschema/dbschema.go:29.34,31.3 1 0
github.com/mchusovlianov/geodata/business/data/dbschema/dbschema.go:34.16,36.3 1 0
github.com/mchusovlianov/geodata/business/data/dbschema/dbschema.go:44.51,45.54 1 0
github.com/mchusovlianov/geodata/business/data/dbschema/dbschema.go:49.2,50.16 2 0
github.com/mchusovlianov/geodata/business/data/dbschema/dbschema.go:54.2,55.32 2 0
github.com/mchusovlianov/geodata/business/data/dbschema/dbschema.go:68.2,68.20 1 0
github.com/mchusovlianov/geodata/business/data/dbschema/dbschema.go:45.54,47.3 1 0
github.com/mchusovlianov/geodata/business/data/dbschema/dbschema.go:50.16,52.3 1 0
github.com/mchusovlianov/geodata/business/data/dbschema/dbschema.go:55.32,56.37 1 0
github.com/mchusovlianov/geodata/business/data/dbschema/dbschema.go:60.3,60.43 1 0
github.com/mchusovlianov/geodata/business/data/dbschema/dbschema.go:56.37,57.12 1 0
github.com/mchusovlianov/geodata/business/data/dbschema/dbschema.go:60.43,61.40 1 0
github.com/mchusovlianov/geodata/business/data/dbschema/dbschema.go:64.4,64.14 1 0
github.com/mchusovlianov/geodata/business/data/dbschema/dbschema.go:61.40,63.5 1 0
github.com/mchusovlianov/geodata/business/data/dbschema/dbschema.go:73.35,75.16 2 0
github.com/mchusovlianov/geodata/business/data/dbschema/dbschema.go:79.2,79.46 1 0
github.com/mchusovlianov/geodata/business/data/dbschema/dbschema.go:86.2,86.20 1 0
github.com/mchusovlianov/geodata/business/data/dbschema/dbschema.go:75.16,77.3 1 0
github.com/mchusovlianov/geodata/business/data/dbschema/dbschema.go:79.46,80.39 1 0
github.com/mchusovlianov/geodata/business/data/dbschema/dbschema.go:83.3,83.13 1 0
github.com/mchusovlianov/geodata/business/data/dbschema/dbschema.go:80.39,82.4 1 0
github.com/mchusovlianov/geodata/app/services/geoapi/handlers/v1/v1.go:24.39,34.2 3 0
github.com/mchusovlianov/geodata/foundation/web/middleware/panics.go:13.30,16.45 1 0
github.com/mchusovlianov/geodata/foundation/web/middleware/panics.go:39.2,39.10 1 0
github.com/mchusovlianov/geodata/foundation/web/middleware/panics.go:16.45,19.86 1 0
github.com/mchusovlianov/geodata/foundation/web/middleware/panics.go:36.3,36.11 1 0
github.com/mchusovlianov/geodata/foundation/web/middleware/panics.go:19.86,23.17 1 0
github.com/mchusovlianov/geodata/foundation/web/middleware/panics.go:33.4,33.29 1 0
github.com/mchusovlianov/geodata/foundation/web/middleware/panics.go:23.17,24.37 1 0
github.com/mchusovlianov/geodata/foundation/web/middleware/panics.go:24.37,29.6 2 0
github.com/mchusovlianov/geodata/business/core/city/models.go:24.34,27.2 2 1
github.com/mchusovlianov/geodata/business/core/city/models.go:29.45,31.33 2 1
github.com/mchusovlianov/geodata/business/core/city/models.go:34.2,34.12 1 1
github.com/mchusovlianov/geodata/business/core/city/models.go:31.33,33.3 1 1
github.com/mchusovlianov/geodata/app/services/geoapi/handlers/v1/locationgrp/locationgrp.go:29.96,33.16 3 0
github.com/mchusovlianov/geodata/app/services/geoapi/handlers/v1/locationgrp/locationgrp.go:45.2,46.16 2 0
github.com/mchusovlianov/geodata/app/services/geoapi/handlers/v1/locationgrp/locationgrp.go:58.2,59.16 2 0
github.com/mchusovlianov/geodata/app/services/geoapi/handlers/v1/locationgrp/locationgrp.go:71.2,75.19 1 0
github.com/mchusovlianov/geodata/app/services/geoapi/handlers/v1/locationgrp/locationgrp.go:33.16,34.10 1 0
github.com/mchusovlianov/geodata/app/services/geoapi/handlers/v1/locationgrp/locationgrp.go:35.45,36.56 1 0
github.com/mchusovlianov/geodata/app/services/geoapi/handlers/v1/locationgrp/locationgrp.go:37.47,38.58 1 0
github.com/mchusovlianov/geodata/app/services/geoapi/handlers/v1/locationgrp/locationgrp.go:40.11,41.44 1 0
github.com/mchusovlianov/geodata/app/services/geoapi/handlers/v1/locationgrp/locationgrp.go:46.16,47.10 1 0
github.com/mchusovlianov/geodata/app/services/geoapi/handlers/v1/locationgrp/locationgrp.go:48.41,49.56 1 0
github.com/mchusovlianov/geodata/app/services/geoapi/handlers/v1/locationgrp/locationgrp.go:50.43,51.58 1 0
github.com/mchusovlianov/geodata/app/services/geoapi/handlers/v1/locationgrp/locationgrp.go:53.11,54.56 1 0
github.com/mchusovlianov/geodata/app/services/geoapi/handlers/v1/locationgrp/locationgrp.go:59.16,60.10 1 0
github.com/mchusovlianov/geodata/app/services/geoapi/handlers/v1/locationgrp/locationgrp.go:61.44,62.56 1 0
github.com/mchusovlianov/geodata/app/services/geoapi/handlers/v1/locationgrp/locationgrp.go:63.46,64.58 1 0
github.com/mchusovlianov/geodata/app/services/geoapi/handlers/v1/locationgrp/locationgrp.go:66.11,67.59 1 0
github.com/mchusovlianov/geodata/business/core/city/city.go:32.73,36.2 1 1
github.com/mchusovlianov/geodata/business/core/city/city.go:40.86,43.16 3 1
github.com/mchusovlianov/geodata/business/core/city/city.go:47.2,55.52 2 1
github.com/mchusovlianov/geodata/business/core/city/city.go:63.2,63.28 1 1
github.com/mchusovlianov/geodata/business/core/city/city.go:43.16,45.3 1 0
github.com/mchusovlianov/geodata/business/core/city/city.go:55.52,56.52 1 0
github.com/mchusovlianov/geodata/business/core/city/city.go:60.3,60.47 1 0
github.com/mchusovlianov/geodata/business/core/city/city.go:56.52,58.4 1 0
github.com/mchusovlianov/geodata/business/core/city/city.go:67.79,69.16 2 0
github.com/mchusovlianov/geodata/business/core/city/city.go:76.2,76.28 1 0
github.com/mchusovlianov/geodata/business/core/city/city.go:69.16,70.45 1 0
github.com/mchusovlianov/geodata/business/core/city/city.go:73.3,73.46 1 0
github.com/mchusovlianov/geodata/business/core/city/city.go:70.45,72.4 1 0
github.com/mchusovlianov/geodata/business/core/city/city.go:80.61,82.16 2 1
github.com/mchusovlianov/geodata/business/core/city/city.go:89.2,89.35 1 1
github.com/mchusovlianov/geodata/business/core/city/city.go:82.16,83.45 1 0
github.com/mchusovlianov/geodata/business/core/city/city.go:86.3,86.48 1 0
github.com/mchusovlianov/geodata/business/core/city/city.go:83.45,85.4 1 0
github.com/mchusovlianov/geodata/business/core/country/country.go:32.73,36.2 1 1
github.com/mchusovlianov/geodata/business/core/country/country.go:40.95,43.16 3 1
github.com/mchusovlianov/geodata/business/core/country/country.go:47.2,55.55 2 1
github.com/mchusovlianov/geodata/business/core/country/country.go:63.2,63.34 1 1
github.com/mchusovlianov/geodata/business/core/country/country.go:43.16,45.3 1 0
github.com/mchusovlianov/geodata/business/core/country/country.go:55.55,56.52 1 0
github.com/mchusovlianov/geodata/business/core/country/country.go:60.3,60.50 1 0
github.com/mchusovlianov/geodata/business/core/country/country.go:56.52,58.4 1 0
github.com/mchusovlianov/geodata/business/core/country/country.go:67.85,69.16 2 0
github.com/mchusovlianov/geodata/business/core/country/country.go:76.2,76.34 1 0
github.com/mchusovlianov/geodata/business/core/country/country.go:69.16,70.45 1 0
github.com/mchusovlianov/geodata/business/core/country/country.go:73.3,73.49 1 0
github.com/mchusovlianov/geodata/business/core/country/country.go:70.45,72.4 1 0
github.com/mchusovlianov/geodata/business/core/country/country.go:80.64,82.16 2 1
github.com/mchusovlianov/geodata/business/core/country/country.go:89.2,89.41 1 1
github.com/mchusovlianov/geodata/business/core/country/country.go:82.16,83.45 1 0
github.com/mchusovlianov/geodata/business/core/country/country.go:86.3,86.51 1 0
github.com/mchusovlianov/geodata/business/core/country/country.go:83.45,85.4 1 0
github.com/mchusovlianov/geodata/business/core/location/models.go:30.50,33.2 2 1
github.com/mchusovlianov/geodata/business/core/location/models.go:35.57,37.33 2 1
github.com/mchusovlianov/geodata/business/core/location/models.go:40.2,40.12 1 1
github.com/mchusovlianov/geodata/business/core/location/models.go:37.33,39.3 1 1
github.com/mchusovlianov/geodata/foundation/docker/docker.go:22.99,25.18 2 1
github.com/mchusovlianov/geodata/foundation/docker/docker.go:29.2,35.34 6 1
github.com/mchusovlianov/geodata/foundation/docker/docker.go:39.2,41.16 3 1
github.com/mchusovlianov/geodata/foundation/docker/docker.go:45.2,54.16 5 1
github.com/mchusovlianov/geodata/foundation/docker/docker.go:25.18,27.3 1 1
github.com/mchusovlianov/geodata/foundation/docker/docker.go:35.34,37.3 1 0
github.com/mchusovlianov/geodata/foundation/docker/docker.go:41.16,43.3 1 0
github.com/mchusovlianov/geodata/foundation/docker/docker.go:58.37,59.65 1 0
github.com/mchusovlianov/geodata/foundation/docker/docker.go:62.2,63.69 2 0
github.com/mchusovlianov/geodata/foundation/docker/docker.go:66.2,68.12 2 0
github.com/mchusovlianov/geodata/foundation/docker/docker.go:59.65,61.3 1 0
github.com/mchusovlianov/geodata/foundation/docker/docker.go:63.69,65.3 1 0
github.com/mchusovlianov/geodata/foundation/docker/docker.go:72.49,74.16 2 0
github.com/mchusovlianov/geodata/foundation/docker/docker.go:77.2,77.37 1 0
github.com/mchusovlianov/geodata/foundation/docker/docker.go:74.16,76.3 1 0
github.com/mchusovlianov/geodata/foundation/docker/docker.go:80.40,86.34 5 1
github.com/mchusovlianov/geodata/foundation/docker/docker.go:90.2,90.45 1 1
github.com/mchusovlianov/geodata/foundation/docker/docker.go:86.34,88.3 1 0
github.com/mchusovlianov/geodata/foundation/docker/docker.go:93.88,99.34 5 1
github.com/mchusovlianov/geodata/foundation/docker/docker.go:106.2,112.60 3 1
github.com/mchusovlianov/geodata/foundation/docker/docker.go:116.2,116.27 1 1
github.com/mchusovlianov/geodata/foundation/docker/docker.go:122.2,122.55 1 0
github.com/mchusovlianov/geodata/foundation/docker/docker.go:99.34,101.3 1 0
github.com/mchusovlianov/geodata/foundation/docker/docker.go:112.60,114.3 1 0
github.com/mchusovlianov/geodata/foundation/docker/docker.go:116.27,117.25 1 1
github.com/mchusovlianov/geodata/foundation/docker/docker.go:117.25,119.4 1 1
github.com/mchusovlianov/geodata/business/core/importer/csvschema.go:12.53,13.30 1 1
github.com/mchusovlianov/geodata/business/core/importer/csvschema.go:20.2,21.9 2 1
github.com/mchusovlianov/geodata/business/core/importer/csvschema.go:25.2,25.19 1 1
github.com/mchusovlianov/geodata/business/core/importer/csvschema.go:13.30,15.42 2 1
github.com/mchusovlianov/geodata/business/core/importer/csvschema.go:15.42,17.4 1 1
github.com/mchusovlianov/geodata/business/core/importer/csvschema.go:21.9,23.3 1 0
github.com/mchusovlianov/geodata/business/core/importer/csvschema.go:28.46,29.35 1 1
github.com/mchusovlianov/geodata/business/core/importer/csvschema.go:33.2,41.16 2 1
github.com/mchusovlianov/geodata/business/core/importer/csvschema.go:29.35,31.3 1 1
github.com/mchusovlianov/geodata/business/core/city/db/db.go:18.71,24.2 1 1
github.com/mchusovlianov/geodata/business/core/city/db/db.go:27.42,28.17 1 1
github.com/mchusovlianov/geodata/business/core/city/db/db.go:32.2,32.13 1 1
github.com/mchusovlianov/geodata/business/core/city/db/db.go:28.17,30.3 1 0
github.com/mchusovlianov/geodata/business/core/city/db/db.go:37.61,44.77 2 1
github.com/mchusovlianov/geodata/business/core/city/db/db.go:48.2,48.12 1 1
github.com/mchusovlianov/geodata/business/core/city/db/db.go:44.77,46.3 1 0
github.com/mchusovlianov/geodata/business/core/city/db/db.go:52.80,68.84 4 0
github.com/mchusovlianov/geodata/business/core/city/db/db.go:72.2,72.18 1 0
github.com/mchusovlianov/geodata/business/core/city/db/db.go:68.84,70.3 1 0
github.com/mchusovlianov/geodata/business/core/city/db/db.go:76.62,84.91 3 1
github.com/mchusovlianov/geodata/business/core/city/db/db.go:88.2,88.20 1 1
github.com/mchusovlianov/geodata/business/core/city/db/db.go:84.91,86.3 1 0
github.com/mchusovlianov/geodata/foundation/web/middleware/cors.go:10.41,13.45 1 0
github.com/mchusovlianov/geodata/foundation/web/middleware/cors.go:30.2,30.10 1 0
github.com/mchusovlianov/geodata/foundation/web/middleware/cors.go:13.45,16.80 1 0
github.com/mchusovlianov/geodata/foundation/web/middleware/cors.go:27.3,27.11 1 0
github.com/mchusovlianov/geodata/foundation/web/middleware/cors.go:16.80,25.4 4 0
github.com/mchusovlianov/geodata/foundation/web/middleware/logger.go:12.52,15.45 1 0
github.com/mchusovlianov/geodata/foundation/web/middleware/logger.go:33.2,33.10 1 0
github.com/mchusovlianov/geodata/foundation/web/middleware/logger.go:15.45,18.80 1 0
github.com/mchusovlianov/geodata/foundation/web/middleware/logger.go:30.3,30.11 1 0
github.com/mchusovlianov/geodata/foundation/web/middleware/logger.go:18.80,28.4 3 0
github.com/mchusovlianov/geodata/business/core/country/models.go:24.46,27.2 2 1
github.com/mchusovlianov/geodata/business/core/country/models.go:29.54,31.33 2 1
github.com/mchusovlianov/geodata/business/core/country/models.go:34.2,34.12 1 1
github.com/mchusovlianov/geodata/business/core/country/models.go:31.33,33.3 1 1
github.com/mchusovlianov/geodata/app/services/geoapi/handlers/handlers.go:22.50,23.29 1 0
github.com/mchusovlianov/geodata/app/services/geoapi/handlers/handlers.go:23.29,25.3 1 0
github.com/mchusovlianov/geodata/app/services/geoapi/handlers/handlers.go:36.76,38.33 2 0
github.com/mchusovlianov/geodata/app/services/geoapi/handlers/handlers.go:43.2,46.27 2 0
github.com/mchusovlianov/geodata/app/services/geoapi/handlers/handlers.go:63.2,63.16 1 0
github.com/mchusovlianov/geodata/app/services/geoapi/handlers/handlers.go:72.2,77.12 2 0
github.com/mchusovlianov/geodata/app/services/geoapi/handlers/handlers.go:38.33,40.3 1 0
github.com/mchusovlianov/geodata/app/services/geoapi/handlers/handlers.go:46.27,57.80 2 0
github.com/mchusovlianov/geodata/app/services/geoapi/handlers/handlers.go:60.3,60.80 1 0
github.com/mchusovlianov/geodata/app/services/geoapi/handlers/handlers.go:57.80,59.4 1 0
github.com/mchusovlianov/geodata/app/services/geoapi/handlers/handlers.go:63.16,69.3 1 0
github.com/mchusovlianov/geodata/foundation/web/web.go:23.36,29.2 2 0
github.com/mchusovlianov/geodata/foundation/web/web.go:32.65,34.2 1 0
github.com/mchusovlianov/geodata/foundation/web/web.go:38.99,47.52 3 0
github.com/mchusovlianov/geodata/foundation/web/web.go:59.2,60.17 2 0
github.com/mchusovlianov/geodata/foundation/web/web.go:63.2,63.36 1 0
github.com/mchusovlianov/geodata/foundation/web/web.go:47.52,54.44 2 0
github.com/mchusovlianov/geodata/foundation/web/web.go:54.44,56.4 1 0
github.com/mchusovlianov/geodata/foundation/web/web.go:60.17,62.3 1 0
github.com/mchusovlianov/geodata/business/data/dbtest/dbtest.go:27.43,33.16 5 1
github.com/mchusovlianov/geodata/business/data/dbtest/dbtest.go:37.2,38.20 2 1
github.com/mchusovlianov/geodata/business/data/dbtest/dbtest.go:47.2,47.13 1 1
github.com/mchusovlianov/geodata/business/data/dbtest/dbtest.go:52.2,52.23 1 1
github.com/mchusovlianov/geodata/business/data/dbtest/dbtest.go:33.16,35.3 1 0
github.com/mchusovlianov/geodata/business/data/dbtest/dbtest.go:38.20,40.26 2 1
github.com/mchusovlianov/geodata/business/data/dbtest/dbtest.go:44.3,44.45 1 1
github.com/mchusovlianov/geodata/business/data/dbtest/dbtest.go:40.26,41.9 1 1
github.com/mchusovlianov/geodata/business/data/dbtest/dbtest.go:47.13,50.3 2 0
github.com/mchusovlianov/geodata/business/data/dbtest/dbtest.go:56.34,58.2 1 0
github.com/mchusovlianov/geodata/business/data/dbtest/dbtest.go:63.103,69.16 5 1
github.com/mchusovlianov/geodata/business/data/dbtest/dbtest.go:73.2,75.35 2 1
github.com/mchusovlianov/geodata/business/data/dbtest/dbtest.go:79.2,81.92 2 1
github.com/mchusovlianov/geodata/business/data/dbtest/dbtest.go:84.2,88.16 3 1
github.com/mchusovlianov/geodata/business/data/dbtest/dbtest.go:92.2,94.50 2 1
github.com/mchusovlianov/geodata/business/data/dbtest/dbtest.go:104.2,115.21 6 1
github.com/mchusovlianov/geodata/business/data/dbtest/dbtest.go:127.2,127.26 1 1
github.com/mchusovlianov/geodata/business/data/dbtest/dbtest.go:69.16,71.3 1 0
github.com/mchusovlianov/geodata/business/data/dbtest/dbtest.go:75.35,77.3 1 0
github.com/mchusovlianov/geodata/business/data/dbtest/dbtest.go:81.92,83.3 1 0
github.com/mchusovlianov/geodata/business/data/dbtest/dbtest.go:88.16,90.3 1 0
github.com/mchusovlianov/geodata/business/data/dbtest/dbtest.go:94.50,97.3 2 0
github.com/mchusovlianov/geodata/business/data/dbtest/dbtest.go:115.21,125.3 7 1
github.com/mchusovlianov/geodata/business/data/dbtest/dbtest.go:140.77,151.2 3 0
github.com/mchusovlianov/geodata/business/data/dbtest/dbtest.go:156.38,158.2 1 0
github.com/mchusovlianov/geodata/business/data/dbtest/dbtest.go:163.29,165.2 1 0
github.com/mchusovlianov/geodata/business/core/location/db/db.go:18.71,24.2 1 1
github.com/mchusovlianov/geodata/business/core/location/db/db.go:27.42,28.17 1 1
github.com/mchusovlianov/geodata/business/core/location/db/db.go:32.2,32.13 1 1
github.com/mchusovlianov/geodata/business/core/location/db/db.go:28.17,30.3 1 0
github.com/mchusovlianov/geodata/business/core/location/db/db.go:37.69,44.81 2 1
github.com/mchusovlianov/geodata/business/core/location/db/db.go:48.2,48.12 1 1
github.com/mchusovlianov/geodata/business/core/location/db/db.go:44.81,46.3 1 0
github.com/mchusovlianov/geodata/business/core/location/db/db.go:52.88,68.88 4 0
github.com/mchusovlianov/geodata/business/core/location/db/db.go:72.2,72.22 1 0
github.com/mchusovlianov/geodata/business/core/location/db/db.go:68.88,70.3 1 0
github.com/mchusovlianov/geodata/business/core/location/db/db.go:76.76,92.88 4 0
github.com/mchusovlianov/geodata/business/core/location/db/db.go:96.2,96.22 1 0
github.com/mchusovlianov/geodata/business/core/location/db/db.go:92.88,94.3 1 0
github.com/mchusovlianov/geodata/business/core/location/db/db.go:100.66,108.94 3 1
github.com/mchusovlianov/geodata/business/core/location/db/db.go:112.2,112.23 1 1
github.com/mchusovlianov/geodata/business/core/location/db/db.go:108.94,110.3 1 0
github.com/mchusovlianov/geodata/foundation/web/middleware.go:11.63,16.36 1 0
github.com/mchusovlianov/geodata/foundation/web/middleware.go:23.2,23.16 1 0
github.com/mchusovlianov/geodata/foundation/web/middleware.go:16.36,18.15 2 0
github.com/mchusovlianov/geodata/foundation/web/middleware.go:18.15,20.4 1 0
github.com/mchusovlianov/geodata/foundation/web/request.go:9.48,12.2 2 0
github.com/mchusovlianov/geodata/foundation/web/response.go:10.90,12.40 1 0
github.com/mchusovlianov/geodata/foundation/web/response.go:18.2,19.16 2 0
github.com/mchusovlianov/geodata/foundation/web/response.go:24.2,30.45 3 0
github.com/mchusovlianov/geodata/foundation/web/response.go:34.2,34.12 1 0
github.com/mchusovlianov/geodata/foundation/web/response.go:12.40,15.3 2 0
github.com/mchusovlianov/geodata/foundation/web/response.go:19.16,21.3 1 0
github.com/mchusovlianov/geodata/foundation/web/response.go:30.45,32.3 1 0
github.com/mchusovlianov/geodata/foundation/web/middleware/errors.go:13.52,16.45 1 0
github.com/mchusovlianov/geodata/foundation/web/middleware/errors.go:55.2,55.10 1 0
github.com/mchusovlianov/geodata/foundation/web/middleware/errors.go:16.45,18.80 1 0
github.com/mchusovlianov/geodata/foundation/web/middleware/errors.go:52.3,52.11 1 0
github.com/mchusovlianov/geodata/foundation/web/middleware/errors.go:18.80,20.45 1 0
github.com/mchusovlianov/geodata/foundation/web/middleware/errors.go:50.4,50.14 1 0
github.com/mchusovlianov/geodata/foundation/web/middleware/errors.go:20.45,28.12 4 0
github.com/mchusovlianov/geodata/foundation/web/middleware/errors.go:44.5,44.59 1 0
github.com/mchusovlianov/geodata/foundation/web/middleware/errors.go:29.34,34.28 3 0
github.com/mchusovlianov/geodata/foundation/web/middleware/errors.go:36.13,40.45 2 0
github.com/mchusovlianov/geodata/foundation/web/middleware/errors.go:44.59,46.6 1 0
github.com/mchusovlianov/geodata/app/services/geoapi/main.go:23.46,33.16 7 0
github.com/mchusovlianov/geodata/app/services/geoapi/main.go:37.2,37.25 1 0
github.com/mchusovlianov/geodata/app/services/geoapi/main.go:33.16,35.3 1 0
github.com/mchusovlianov/geodata/app/services/geoapi/main.go:40.13,44.16 2 0
github.com/mchusovlianov/geodata/app/services/geoapi/main.go:48.2,51.33 2 0
github.com/mchusovlianov/geodata/app/services/geoapi/main.go:44.16,47.3 2 0
github.com/mchusovlianov/geodata/app/services/geoapi/main.go:51.33,55.3 3 0
github.com/mchusovlianov/geodata/app/services/geoapi/main.go:58.40,67.45 2 0
github.com/mchusovlianov/geodata/app/services/geoapi/main.go:70.2,96.16 5 0
github.com/mchusovlianov/geodata/app/services/geoapi/main.go:107.2,111.16 4 0
github.com/mchusovlianov/geodata/app/services/geoapi/main.go:114.2,131.16 4 0
github.com/mchusovlianov/geodata/app/services/geoapi/main.go:134.2,134.15 1 0
github.com/mchusovlianov/geodata/app/services/geoapi/main.go:142.2,170.12 8 0
github.com/mchusovlianov/geodata/app/services/geoapi/main.go:67.45,69.3 1 0
github.com/mchusovlianov/geodata/app/services/geoapi/main.go:96.16,97.41 1 0
github.com/mchusovlianov/geodata/app/services/geoapi/main.go:101.3,101.47 1 0
github.com/mchusovlianov/geodata/app/services/geoapi/main.go:97.41,100.4 2 0
github.com/mchusovlianov/geodata/app/services/geoapi/main.go:111.16,113.3 1 0
github.com/mchusovlianov/geodata/app/services/geoapi/main.go:131.16,133.3 1 0
github.com/mchusovlianov/geodata/app/services/geoapi/main.go:134.15,137.3 2 0
github.com/mchusovlianov/geodata/app/tools/geoimport/main.go:21.46,31.16 7 0
github.com/mchusovlianov/geodata/app/tools/geoimport/main.go:35.2,35.25 1 0
github.com/mchusovlianov/geodata/app/tools/geoimport/main.go:31.16,33.3 1 0
github.com/mchusovlianov/geodata/app/tools/geoimport/main.go:38.13,40.16 2 0
github.com/mchusovlianov/geodata/app/tools/geoimport/main.go:44.2,51.43 5 0
github.com/mchusovlianov/geodata/app/tools/geoimport/main.go:40.16,43.3 2 0
github.com/mchusovlianov/geodata/app/tools/geoimport/main.go:51.43,55.3 3 0
github.com/mchusovlianov/geodata/app/tools/geoimport/main.go:57.57,66.45 2 0
github.com/mchusovlianov/geodata/app/tools/geoimport/main.go:69.2,86.16 5 0
github.com/mchusovlianov/geodata/app/tools/geoimport/main.go:94.2,95.16 2 0
github.com/mchusovlianov/geodata/app/tools/geoimport/main.go:98.2,114.16 4 0
github.com/mchusovlianov/geodata/app/tools/geoimport/main.go:117.2,117.15 1 0
github.com/mchusovlianov/geodata/app/tools/geoimport/main.go:124.2,125.50 2 0
github.com/mchusovlianov/geodata/app/tools/geoimport/main.go:130.2,131.16 2 0
github.com/mchusovlianov/geodata/app/tools/geoimport/main.go:135.2,136.16 2 0
github.com/mchusovlianov/geodata/app/tools/geoimport/main.go:139.2,142.16 3 0
github.com/mchusovlianov/geodata/app/tools/geoimport/main.go:146.2,147.16 2 0
github.com/mchusovlianov/geodata/app/tools/geoimport/main.go:151.2,153.12 2 0
github.com/mchusovlianov/geodata/app/tools/geoimport/main.go:66.45,68.3 1 0
github.com/mchusovlianov/geodata/app/tools/geoimport/main.go:86.16,87.41 1 0
github.com/mchusovlianov/geodata/app/tools/geoimport/main.go:91.3,91.47 1 0
github.com/mchusovlianov/geodata/app/tools/geoimport/main.go:87.41,90.4 2 0
github.com/mchusovlianov/geodata/app/tools/geoimport/main.go:95.16,97.3 1 0
github.com/mchusovlianov/geodata/app/tools/geoimport/main.go:114.16,116.3 1 0
github.com/mchusovlianov/geodata/app/tools/geoimport/main.go:117.15,120.3 2 0
github.com/mchusovlianov/geodata/app/tools/geoimport/main.go:125.50,127.3 1 0
github.com/mchusovlianov/geodata/app/tools/geoimport/main.go:131.16,133.3 1 0
github.com/mchusovlianov/geodata/app/tools/geoimport/main.go:136.16,138.3 1 0
github.com/mchusovlianov/geodata/app/tools/geoimport/main.go:142.16,144.3 1 0
github.com/mchusovlianov/geodata/app/tools/geoimport/main.go:147.16,149.3 1 0
github.com/mchusovlianov/geodata/business/core/importer/importer.go:42.69,47.2 1 1
github.com/mchusovlianov/geodata/business/core/importer/importer.go:49.70,63.26 7 1
github.com/mchusovlianov/geodata/business/core/importer/importer.go:212.2,212.12 1 1
github.com/mchusovlianov/geodata/business/core/importer/importer.go:63.26,70.17 4 1
github.com/mchusovlianov/geodata/business/core/importer/importer.go:74.3,77.17 3 1
github.com/mchusovlianov/geodata/business/core/importer/importer.go:81.3,84.17 3 1
github.com/mchusovlianov/geodata/business/core/importer/importer.go:88.3,91.17 3 1
github.com/mchusovlianov/geodata/business/core/importer/importer.go:95.3,98.17 3 1
github.com/mchusovlianov/geodata/business/core/importer/importer.go:102.3,105.17 3 1
github.com/mchusovlianov/geodata/business/core/importer/importer.go:109.3,112.17 3 1
github.com/mchusovlianov/geodata/business/core/importer/importer.go:116.3,121.10 3 1
github.com/mchusovlianov/geodata/business/core/importer/importer.go:147.3,148.21 2 1
github.com/mchusovlianov/geodata/business/core/importer/importer.go:172.3,173.17 2 1
github.com/mchusovlianov/geodata/business/core/importer/importer.go:178.3,179.17 2 1
github.com/mchusovlianov/geodata/business/core/importer/importer.go:184.3,185.17 2 1
github.com/mchusovlianov/geodata/business/core/importer/importer.go:191.3,199.49 2 1
github.com/mchusovlianov/geodata/business/core/importer/importer.go:204.3,204.17 1 1
github.com/mchusovlianov/geodata/business/core/importer/importer.go:209.3,209.15 1 1
github.com/mchusovlianov/geodata/business/core/importer/importer.go:70.17,72.12 2 0
github.com/mchusovlianov/geodata/business/core/importer/importer.go:77.17,79.12 2 0
github.com/mchusovlianov/geodata/business/core/importer/importer.go:84.17,86.12 2 0
github.com/mchusovlianov/geodata/business/core/importer/importer.go:91.17,93.12 2 0
github.com/mchusovlianov/geodata/business/core/importer/importer.go:98.17,100.12 2 0
github.com/mchusovlianov/geodata/business/core/importer/importer.go:105.17,107.12 2 0
github.com/mchusovlianov/geodata/business/core/importer/importer.go:112.17,114.12 2 0
github.com/mchusovlianov/geodata/business/core/importer/importer.go:121.10,128.49 2 1
github.com/mchusovlianov/geodata/business/core/importer/importer.go:133.4,133.18 1 1
github.com/mchusovlianov/geodata/business/core/importer/importer.go:139.4,139.33 1 1
github.com/mchusovlianov/geodata/business/core/importer/importer.go:128.49,130.13 2 0
github.com/mchusovlianov/geodata/business/core/importer/importer.go:133.18,135.13 2 0
github.com/mchusovlianov/geodata/business/core/importer/importer.go:139.33,143.5 2 1
github.com/mchusovlianov/geodata/business/core/importer/importer.go:148.21,155.46 2 1
github.com/mchusovlianov/geodata/business/core/importer/importer.go:160.4,160.18 1 1
github.com/mchusovlianov/geodata/business/core/importer/importer.go:166.4,166.30 1 1
github.com/mchusovlianov/geodata/business/core/importer/importer.go:155.46,157.13 2 0
github.com/mchusovlianov/geodata/business/core/importer/importer.go:160.18,162.13 2 0
github.com/mchusovlianov/geodata/business/core/importer/importer.go:166.30,169.5 2 1
github.com/mchusovlianov/geodata/business/core/importer/importer.go:173.17,175.12 2 0
github.com/mchusovlianov/geodata/business/core/importer/importer.go:179.17,181.12 2 0
github.com/mchusovlianov/geodata/business/core/importer/importer.go:185.17,187.12 2 0
github.com/mchusovlianov/geodata/business/core/importer/importer.go:199.49,201.12 2 0
github.com/mchusovlianov/geodata/business/core/importer/importer.go:204.17,206.12 2 0
github.com/mchusovlianov/geodata/business/core/importer/importer.go:215.76,225.28 6 1
github.com/mchusovlianov/geodata/business/core/importer/importer.go:230.2,239.36 6 1
github.com/mchusovlianov/geodata/business/core/importer/importer.go:243.2,243.6 1 1
github.com/mchusovlianov/geodata/business/core/importer/importer.go:299.2,299.29 1 1
github.com/mchusovlianov/geodata/business/core/importer/importer.go:302.2,308.16 5 1
github.com/mchusovlianov/geodata/business/core/importer/importer.go:225.28,227.3 1 1
github.com/mchusovlianov/geodata/business/core/importer/importer.go:239.36,241.3 1 1
github.com/mchusovlianov/geodata/business/core/importer/importer.go:243.6,245.20 2 1
github.com/mchusovlianov/geodata/business/core/importer/importer.go:249.3,249.17 1 1
github.com/mchusovlianov/geodata/business/core/importer/importer.go:253.3,253.23 1 1
github.com/mchusovlianov/geodata/business/core/importer/importer.go:257.3,259.18 2 1
github.com/mchusovlianov/geodata/business/core/importer/importer.go:276.3,279.50 3 1
github.com/mchusovlianov/geodata/business/core/importer/importer.go:294.3,294.31 1 1
github.com/mchusovlianov/geodata/business/core/importer/importer.go:245.20,246.9 1 1
github.com/mchusovlianov/geodata/business/core/importer/importer.go:249.17,251.4 1 0
github.com/mchusovlianov/geodata/business/core/importer/importer.go:253.23,254.12 1 0
github.com/mchusovlianov/geodata/business/core/importer/importer.go:259.18,261.32 1 1
github.com/mchusovlianov/geodata/business/core/importer/importer.go:265.4,273.12 3 1
github.com/mchusovlianov/geodata/business/core/importer/importer.go:261.32,263.5 1 1
github.com/mchusovlianov/geodata/business/core/importer/importer.go:279.50,281.4 1 1
github.com/mchusovlianov/geodata/business/core/importer/importer.go:281.9,283.32 2 1
github.com/mchusovlianov/geodata/business/core/importer/importer.go:289.4,291.32 3 1
github.com/mchusovlianov/geodata/business/core/importer/importer.go:283.32,284.33 1 1
github.com/mchusovlianov/geodata/business/core/importer/importer.go:284.33,286.6 1 1
github.com/mchusovlianov/geodata/business/core/importer/importer.go:294.31,296.4 1 0
github.com/mchusovlianov/geodata/business/core/importer/importer.go:299.29,301.3 1 1
github.com/mchusovlianov/geodata/business/core/country/db/db.go:18.71,24.2 1 1
github.com/mchusovlianov/geodata/business/core/country/db/db.go:27.42,28.17 1 1
github.com/mchusovlianov/geodata/business/core/country/db/db.go:32.2,32.13 1 1
github.com/mchusovlianov/geodata/business/core/country/db/db.go:28.17,30.3 1 0
github.com/mchusovlianov/geodata/business/core/country/db/db.go:37.67,44.80 2 1
github.com/mchusovlianov/geodata/business/core/country/db/db.go:48.2,48.12 1 1
github.com/mchusovlianov/geodata/business/core/country/db/db.go:44.80,46.3 1 0
github.com/mchusovlianov/geodata/business/core/country/db/db.go:52.86,68.87 4 0
github.com/mchusovlianov/geodata/business/core/country/db/db.go:72.2,72.21 1 0
github.com/mchusovlianov/geodata/business/core/country/db/db.go:68.87,70.3 1 0
github.com/mchusovlianov/geodata/business/core/country/db/db.go:76.65,84.94 3 1
github.com/mchusovlianov/geodata/business/core/country/db/db.go:88.2,88.23 1 1
github.com/mchusovlianov/geodata/business/core/country/db/db.go:84.94,86.3 1 0
github.com/mchusovlianov/geodata/business/core/location/location.go:31.73,35.2 1 1
github.com/mchusovlianov/geodata/business/core/location/location.go:39.98,42.16 3 1
github.com/mchusovlianov/geodata/business/core/location/location.go:46.2,57.56 2 1
github.com/mchusovlianov/geodata/business/core/location/location.go:61.2,61.36 1 1
github.com/mchusovlianov/geodata/business/core/location/location.go:42.16,44.3 1 0
github.com/mchusovlianov/geodata/business/core/location/location.go:57.56,59.3 1 0
github.com/mchusovlianov/geodata/business/core/location/location.go:65.87,67.16 2 0
github.com/mchusovlianov/geodata/business/core/location/location.go:74.2,74.36 1 0
github.com/mchusovlianov/geodata/business/core/location/location.go:67.16,68.45 1 0
github.com/mchusovlianov/geodata/business/core/location/location.go:71.3,71.50 1 0
github.com/mchusovlianov/geodata/business/core/location/location.go:68.45,70.4 1 0
github.com/mchusovlianov/geodata/business/core/location/location.go:78.75,83.16 3 0
github.com/mchusovlianov/geodata/business/core/location/location.go:87.2,88.16 2 0
github.com/mchusovlianov/geodata/business/core/location/location.go:95.2,95.36 1 0
github.com/mchusovlianov/geodata/business/core/location/location.go:83.16,85.3 1 0
github.com/mchusovlianov/geodata/business/core/location/location.go:88.16,89.45 1 0
github.com/mchusovlianov/geodata/business/core/location/location.go:92.3,92.50 1 0
github.com/mchusovlianov/geodata/business/core/location/location.go:89.45,91.4 1 0
github.com/mchusovlianov/geodata/business/core/location/location.go:99.65,101.16 2 1
github.com/mchusovlianov/geodata/business/core/location/location.go:108.2,108.42 1 1
github.com/mchusovlianov/geodata/business/core/location/location.go:101.16,102.45 1 0
github.com/mchusovlianov/geodata/business/core/location/location.go:105.3,105.52 1 0
github.com/mchusovlianov/geodata/business/core/location/location.go:102.45,104.4 1 0
github.com/mchusovlianov/geodata/foundation/web/errors.go:20.51,22.2 1 0
github.com/mchusovlianov/geodata/foundation/web/errors.go:26.40,28.2 1 0
github.com/mchusovlianov/geodata/foundation/web/errors.go:31.37,34.2 2 0
github.com/mchusovlianov/geodata/foundation/web/errors.go:37.47,39.26 2 0
github.com/mchusovlianov/geodata/foundation/web/errors.go:42.2,42.11 1 0
github.com/mchusovlianov/geodata/foundation/web/errors.go:39.26,41.3 1 0
github.com/mchusovlianov/geodata/business/data/tests/tests.go:34.46,44.16 7 0
github.com/mchusovlianov/geodata/business/data/tests/tests.go:48.2,48.25 1 0
github.com/mchusovlianov/geodata/business/data/tests/tests.go:44.16,46.3 1 0
github.com/mchusovlianov/geodata/business/data/tests/tests.go:54.84,62.20 6 0
github.com/mchusovlianov/geodata/business/data/tests/tests.go:71.2,71.13 1 0
github.com/mchusovlianov/geodata/business/data/tests/tests.go:77.2,83.16 2 0
github.com/mchusovlianov/geodata/business/data/tests/tests.go:87.2,92.50 4 0
github.com/mchusovlianov/geodata/business/data/tests/tests.go:97.2,97.47 1 0
github.com/mchusovlianov/geodata/business/data/tests/tests.go:103.2,104.16 2 0
github.com/mchusovlianov/geodata/business/data/tests/tests.go:110.2,110.21 1 0
github.com/mchusovlianov/geodata/business/data/tests/tests.go:126.2,126.26 1 0
github.com/mchusovlianov/geodata/business/data/tests/tests.go:62.20,64.26 2 0
github.com/mchusovlianov/geodata/business/data/tests/tests.go:68.3,68.45 1 0
github.com/mchusovlianov/geodata/business/data/tests/tests.go:64.26,65.9 1 0
github.com/mchusovlianov/geodata/business/data/tests/tests.go:71.13,75.3 3 0
github.com/mchusovlianov/geodata/business/data/tests/tests.go:83.16,85.3 1 0
github.com/mchusovlianov/geodata/business/data/tests/tests.go:92.50,96.3 3 0
github.com/mchusovlianov/geodata/business/data/tests/tests.go:97.47,101.3 3 0
github.com/mchusovlianov/geodata/business/data/tests/tests.go:104.16,106.3 1 0
github.com/mchusovlianov/geodata/business/data/tests/tests.go:110.21,124.3 11 0
github.com/mchusovlianov/geodata/business/data/tests/tests.go:139.58,150.2 3 0
github.com/mchusovlianov/geodata/foundation/database/database.go:30.41,33.16 3 0
github.com/mchusovlianov/geodata/foundation/database/database.go:37.2,42.16 5 0
github.com/mchusovlianov/geodata/foundation/database/database.go:33.16,35.3 1 0
github.com/mchusovlianov/geodata/foundation/database/database.go:47.58,51.34 2 0
github.com/mchusovlianov/geodata/foundation/database/database.go:63.2,63.22 1 0
github.com/mchusovlianov/geodata/foundation/database/database.go:69.2,71.46 3 0
github.com/mchusovlianov/geodata/foundation/database/database.go:51.34,53.23 2 0
github.com/mchusovlianov/geodata/foundation/database/database.go:56.3,57.23 2 0
github.com/mchusovlianov/geodata/foundation/database/database.go:53.23,54.9 1 0
github.com/mchusovlianov/geodata/foundation/database/database.go:57.23,59.4 1 0
github.com/mchusovlianov/geodata/foundation/database/database.go:63.22,65.3 1 0
github.com/mchusovlianov/geodata/foundation/database/database.go:76.94,77.71 1 1
github.com/mchusovlianov/geodata/foundation/database/database.go:85.2,85.12 1 1
github.com/mchusovlianov/geodata/foundation/database/database.go:77.71,79.59 2 0
github.com/mchusovlianov/geodata/foundation/database/database.go:82.3,82.13 1 0
github.com/mchusovlianov/geodata/foundation/database/database.go:79.59,81.4 1 0
github.com/mchusovlianov/geodata/foundation/database/database.go:90.111,92.16 2 1
github.com/mchusovlianov/geodata/foundation/database/database.go:95.2,98.18 3 1
github.com/mchusovlianov/geodata/foundation/database/database.go:105.2,107.12 2 1
github.com/mchusovlianov/geodata/foundation/database/database.go:92.16,94.3 1 0
github.com/mchusovlianov/geodata/foundation/database/database.go:98.18,100.44 2 1
github.com/mchusovlianov/geodata/foundation/database/database.go:103.3,103.28 1 1
github.com/mchusovlianov/geodata/foundation/database/database.go:100.44,102.4 1 0
github.com/mchusovlianov/geodata/foundation/database/database.go:112.104,114.16 2 0
github.com/mchusovlianov/geodata/foundation/database/database.go:117.2,119.18 2 0
github.com/mchusovlianov/geodata/foundation/database/database.go:123.2,123.46 1 0
github.com/mchusovlianov/geodata/foundation/database/database.go:127.2,127.12 1 0
github.com/mchusovlianov/geodata/foundation/database/database.go:114.16,116.3 1 0
github.com/mchusovlianov/geodata/foundation/database/database.go:119.18,121.3 1 0
github.com/mchusovlianov/geodata/foundation/database/database.go:123.46,125.3 1 0
github.com/mchusovlianov/geodata/foundation/web/middleware/panics.go:13.30,16.45 1 0
github.com/mchusovlianov/geodata/foundation/web/middleware/panics.go:39.2,39.10 1 0
github.com/mchusovlianov/geodata/foundation/web/middleware/panics.go:16.45,19.86 1 0
github.com/mchusovlianov/geodata/foundation/web/middleware/panics.go:36.3,36.11 1 0
github.com/mchusovlianov/geodata/foundation/web/middleware/panics.go:19.86,23.17 1 0
github.com/mchusovlianov/geodata/foundation/web/middleware/panics.go:33.4,33.29 1 0
github.com/mchusovlianov/geodata/foundation/web/middleware/panics.go:23.17,24.37 1 0
github.com/mchusovlianov/geodata/foundation/web/middleware/panics.go:24.37,29.6 2 0
github.com/mchusovlianov/geodata/business/data/dbtest/dbtest.go:27.43,33.16 5 1
github.com/mchusovlianov/geodata/business/data/dbtest/dbtest.go:37.2,38.20 2 1
github.com/mchusovlianov/geodata/business/data/dbtest/dbtest.go:47.2,47.13 1 1
github.com/mchusovlianov/geodata/business/data/dbtest/dbtest.go:52.2,52.23 1 1
github.com/mchusovlianov/geodata/business/data/dbtest/dbtest.go:33.16,35.3 1 0
github.com/mchusovlianov/geodata/business/data/dbtest/dbtest.go:38.20,40.26 2 1
github.com/mchusovlianov/geodata/business/data/dbtest/dbtest.go:44.3,44.45 1 1
github.com/mchusovlianov/geodata/business/data/dbtest/dbtest.go:40.26,41.9 1 1
github.com/mchusovlianov/geodata/business/data/dbtest/dbtest.go:47.13,50.3 2 0
github.com/mchusovlianov/geodata/business/data/dbtest/dbtest.go:56.34,58.2 1 0
github.com/mchusovlianov/geodata/business/data/dbtest/dbtest.go:63.103,69.16 5 1
github.com/mchusovlianov/geodata/business/data/dbtest/dbtest.go:73.2,75.35 2 1
github.com/mchusovlianov/geodata/business/data/dbtest/dbtest.go:79.2,81.92 2 1
github.com/mchusovlianov/geodata/business/data/dbtest/dbtest.go:84.2,88.16 3 1
github.com/mchusovlianov/geodata/business/data/dbtest/dbtest.go:92.2,94.50 2 1
github.com/mchusovlianov/geodata/business/data/dbtest/dbtest.go:104.2,115.21 6 1
github.com/mchusovlianov/geodata/business/data/dbtest/dbtest.go:127.2,127.26 1 1
github.com/mchusovlianov/geodata/business/data/dbtest/dbtest.go:69.16,71.3 1 0
github.com/mchusovlianov/geodata/business/data/dbtest/dbtest.go:75.35,77.3 1 0
github.com/mchusovlianov/geodata/business/data/dbtest/dbtest.go:81.92,83.3 1 0
github.com/mchusovlianov/geodata/business/data/dbtest/dbtest.go:88.16,90.3 1 0
github.com/mchusovlianov/geodata/business/data/dbtest/dbtest.go:94.50,97.3 2 0
github.com/mchusovlianov/geodata/business/data/dbtest/dbtest.go:115.21,125.3 7 1
github.com/mchusovlianov/geodata/business/data/dbtest/dbtest.go:140.77,151.2 3 0
github.com/mchusovlianov/geodata/business/data/dbtest/dbtest.go:156.38,158.2 1 0
github.com/mchusovlianov/geodata/business/data/dbtest/dbtest.go:163.29,165.2 1 0
github.com/mchusovlianov/geodata/foundation/web/errors.go:20.51,22.2 1 0
github.com/mchusovlianov/geodata/foundation/web/errors.go:26.40,28.2 1 0
github.com/mchusovlianov/geodata/foundation/web/errors.go:31.37,34.2 2 0
github.com/mchusovlianov/geodata/foundation/web/errors.go:37.47,39.26 2 0
github.com/mchusovlianov/geodata/foundation/web/errors.go:42.2,42.11 1 0
github.com/mchusovlianov/geodata/foundation/web/errors.go:39.26,41.3 1 0
github.com/mchusovlianov/geodata/foundation/web/middleware.go:11.63,16.36 1 0
github.com/mchusovlianov/geodata/foundation/web/middleware.go:23.2,23.16 1 0
github.com/mchusovlianov/geodata/foundation/web/middleware.go:16.36,18.15 2 0
github.com/mchusovlianov/geodata/foundation/web/middleware.go:18.15,20.4 1 0
github.com/mchusovlianov/geodata/foundation/web/request.go:9.48,12.2 2 0
github.com/mchusovlianov/geodata/foundation/web/response.go:10.90,12.40 1 0
github.com/mchusovlianov/geodata/foundation/web/response.go:18.2,19.16 2 0
github.com/mchusovlianov/geodata/foundation/web/response.go:24.2,30.45 3 0
github.com/mchusovlianov/geodata/foundation/web/response.go:34.2,34.12 1 0
github.com/mchusovlianov/geodata/foundation/web/response.go:12.40,15.3 2 0
github.com/mchusovlianov/geodata/foundation/web/response.go:19.16,21.3 1 0
github.com/mchusovlianov/geodata/foundation/web/response.go:30.45,32.3 1 0
github.com/mchusovlianov/geodata/foundation/web/middleware/cors.go:10.41,13.45 1 0
github.com/mchusovlianov/geodata/foundation/web/middleware/cors.go:30.2,30.10 1 0
github.com/mchusovlianov/geodata/foundation/web/middleware/cors.go:13.45,16.80 1 0
github.com/mchusovlianov/geodata/foundation/web/middleware/cors.go:27.3,27.11 1 0
github.com/mchusovlianov/geodata/foundation/web/middleware/cors.go:16.80,25.4 4 0
github.com/mchusovlianov/geodata/business/core/location/models.go:30.50,33.2 2 1
github.com/mchusovlianov/geodata/business/core/location/models.go:35.57,37.33 2 1
github.com/mchusovlianov/geodata/business/core/location/models.go:40.2,40.12 1 1
github.com/mchusovlianov/geodata/business/core/location/models.go:37.33,39.3 1 1
github.com/mchusovlianov/geodata/business/core/country/db/db.go:18.71,24.2 1 0
github.com/mchusovlianov/geodata/business/core/country/db/db.go:27.42,28.17 1 0
github.com/mchusovlianov/geodata/business/core/country/db/db.go:32.2,32.13 1 0
github.com/mchusovlianov/geodata/business/core/country/db/db.go:28.17,30.3 1 0
github.com/mchusovlianov/geodata/business/core/country/db/db.go:37.67,44.80 2 0
github.com/mchusovlianov/geodata/business/core/country/db/db.go:48.2,48.12 1 0
github.com/mchusovlianov/geodata/business/core/country/db/db.go:44.80,46.3 1 0
github.com/mchusovlianov/geodata/business/core/country/db/db.go:52.86,68.87 4 0
github.com/mchusovlianov/geodata/business/core/country/db/db.go:72.2,72.21 1 0
github.com/mchusovlianov/geodata/business/core/country/db/db.go:68.87,70.3 1 0
github.com/mchusovlianov/geodata/business/core/country/db/db.go:76.65,84.94 3 0
github.com/mchusovlianov/geodata/business/core/country/db/db.go:88.2,88.23 1 0
github.com/mchusovlianov/geodata/business/core/country/db/db.go:84.94,86.3 1 0
github.com/mchusovlianov/geodata/app/services/geoapi/main.go:23.46,33.16 7 0
github.com/mchusovlianov/geodata/app/services/geoapi/main.go:37.2,37.25 1 0
github.com/mchusovlianov/geodata/app/services/geoapi/main.go:33.16,35.3 1 0
github.com/mchusovlianov/geodata/app/services/geoapi/main.go:40.13,44.16 2 0
github.com/mchusovlianov/geodata/app/services/geoapi/main.go:48.2,51.33 2 0
github.com/mchusovlianov/geodata/app/services/geoapi/main.go:44.16,47.3 2 0
github.com/mchusovlianov/geodata/app/services/geoapi/main.go:51.33,55.3 3 0
github.com/mchusovlianov/geodata/app/services/geoapi/main.go:58.40,67.45 2 0
github.com/mchusovlianov/geodata/app/services/geoapi/main.go:70.2,96.16 5 0
github.com/mchusovlianov/geodata/app/services/geoapi/main.go:107.2,111.16 4 0
github.com/mchusovlianov/geodata/app/services/geoapi/main.go:114.2,131.16 4 0
github.com/mchusovlianov/geodata/app/services/geoapi/main.go:134.2,134.15 1 0
github.com/mchusovlianov/geodata/app/services/geoapi/main.go:142.2,170.12 8 0
github.com/mchusovlianov/geodata/app/services/geoapi/main.go:67.45,69.3 1 0
github.com/mchusovlianov/geodata/app/services/geoapi/main.go:96.16,97.41 1 0
github.com/mchusovlianov/geodata/app/services/geoapi/main.go:101.3,101.47 1 0
github.com/mchusovlianov/geodata/app/services/geoapi/main.go:97.41,100.4 2 0
github.com/mchusovlianov/geodata/app/services/geoapi/main.go:111.16,113.3 1 0
github.com/mchusovlianov/geodata/app/services/geoapi/main.go:131.16,133.3 1 0
github.com/mchusovlianov/geodata/app/services/geoapi/main.go:134.15,137.3 2 0
github.com/mchusovlianov/geodata/foundation/docker/docker.go:22.99,25.18 2 1
github.com/mchusovlianov/geodata/foundation/docker/docker.go:29.2,35.34 6 1
github.com/mchusovlianov/geodata/foundation/docker/docker.go:39.2,41.16 3 1
github.com/mchusovlianov/geodata/foundation/docker/docker.go:45.2,54.16 5 1
github.com/mchusovlianov/geodata/foundation/docker/docker.go:25.18,27.3 1 1
github.com/mchusovlianov/geodata/foundation/docker/docker.go:35.34,37.3 1 0
github.com/mchusovlianov/geodata/foundation/docker/docker.go:41.16,43.3 1 0
github.com/mchusovlianov/geodata/foundation/docker/docker.go:58.37,59.65 1 0
github.com/mchusovlianov/geodata/foundation/docker/docker.go:62.2,63.69 2 0
github.com/mchusovlianov/geodata/foundation/docker/docker.go:66.2,68.12 2 0
github.com/mchusovlianov/geodata/foundation/docker/docker.go:59.65,61.3 1 0
github.com/mchusovlianov/geodata/foundation/docker/docker.go:63.69,65.3 1 0
github.com/mchusovlianov/geodata/foundation/docker/docker.go:72.49,74.16 2 0
github.com/mchusovlianov/geodata/foundation/docker/docker.go:77.2,77.37 1 0
github.com/mchusovlianov/geodata/foundation/docker/docker.go:74.16,76.3 1 0
github.com/mchusovlianov/geodata/foundation/docker/docker.go:80.40,86.34 5 1
github.com/mchusovlianov/geodata/foundation/docker/docker.go:90.2,90.45 1 1
github.com/mchusovlianov/geodata/foundation/docker/docker.go:86.34,88.3 1 0
github.com/mchusovlianov/geodata/foundation/docker/docker.go:93.88,99.34 5 1
github.com/mchusovlianov/geodata/foundation/docker/docker.go:106.2,112.60 3 1
github.com/mchusovlianov/geodata/foundation/docker/docker.go:116.2,116.27 1 1
github.com/mchusovlianov/geodata/foundation/docker/docker.go:122.2,122.55 1 0
github.com/mchusovlianov/geodata/foundation/docker/docker.go:99.34,101.3 1 0
github.com/mchusovlianov/geodata/foundation/docker/docker.go:112.60,114.3 1 0
github.com/mchusovlianov/geodata/foundation/docker/docker.go:116.27,117.25 1 1
github.com/mchusovlianov/geodata/foundation/docker/docker.go:117.25,119.4 1 1
github.com/mchusovlianov/geodata/foundation/database/database.go:30.41,33.16 3 0
github.com/mchusovlianov/geodata/foundation/database/database.go:37.2,42.16 5 0
github.com/mchusovlianov/geodata/foundation/database/database.go:33.16,35.3 1 0
github.com/mchusovlianov/geodata/foundation/database/database.go:47.58,51.34 2 0
github.com/mchusovlianov/geodata/foundation/database/database.go:63.2,63.22 1 0
github.com/mchusovlianov/geodata/foundation/database/database.go:69.2,71.46 3 0
github.com/mchusovlianov/geodata/foundation/database/database.go:51.34,53.23 2 0
github.com/mchusovlianov/geodata/foundation/database/database.go:56.3,57.23 2 0
github.com/mchusovlianov/geodata/foundation/database/database.go:53.23,54.9 1 0
github.com/mchusovlianov/geodata/foundation/database/database.go:57.23,59.4 1 0
github.com/mchusovlianov/geodata/foundation/database/database.go:63.22,65.3 1 0
github.com/mchusovlianov/geodata/foundation/database/database.go:76.94,77.71 1 1
github.com/mchusovlianov/geodata/foundation/database/database.go:85.2,85.12 1 1
github.com/mchusovlianov/geodata/foundation/database/database.go:77.71,79.59 2 0
github.com/mchusovlianov/geodata/foundation/database/database.go:82.3,82.13 1 0
github.com/mchusovlianov/geodata/foundation/database/database.go:79.59,81.4 1 0
github.com/mchusovlianov/geodata/foundation/database/database.go:90.111,92.16 2 1
github.com/mchusovlianov/geodata/foundation/database/database.go:95.2,98.18 3 1
github.com/mchusovlianov/geodata/foundation/database/database.go:105.2,107.12 2 1
github.com/mchusovlianov/geodata/foundation/database/database.go:92.16,94.3 1 0
github.com/mchusovlianov/geodata/foundation/database/database.go:98.18,100.44 2 1
github.com/mchusovlianov/geodata/foundation/database/database.go:103.3,103.28 1 1
github.com/mchusovlianov/geodata/foundation/database/database.go:100.44,102.4 1 0
github.com/mchusovlianov/geodata/foundation/database/database.go:112.104,114.16 2 1
github.com/mchusovlianov/geodata/foundation/database/database.go:117.2,119.18 2 1
github.com/mchusovlianov/geodata/foundation/database/database.go:123.2,123.46 1 1
github.com/mchusovlianov/geodata/foundation/database/database.go:127.2,127.12 1 1
github.com/mchusovlianov/geodata/foundation/database/database.go:114.16,116.3 1 0
github.com/mchusovlianov/geodata/foundation/database/database.go:119.18,121.3 1 1
github.com/mchusovlianov/geodata/foundation/database/database.go:123.46,125.3 1 0
github.com/mchusovlianov/geodata/foundation/web/middleware/errors.go:13.52,16.45 1 0
github.com/mchusovlianov/geodata/foundation/web/middleware/errors.go:55.2,55.10 1 0
github.com/mchusovlianov/geodata/foundation/web/middleware/errors.go:16.45,18.80 1 0
github.com/mchusovlianov/geodata/foundation/web/middleware/errors.go:52.3,52.11 1 0
github.com/mchusovlianov/geodata/foundation/web/middleware/errors.go:18.80,20.45 1 0
github.com/mchusovlianov/geodata/foundation/web/middleware/errors.go:50.4,50.14 1 0
github.com/mchusovlianov/geodata/foundation/web/middleware/errors.go:20.45,28.12 4 0
github.com/mchusovlianov/geodata/foundation/web/middleware/errors.go:44.5,44.59 1 0
github.com/mchusovlianov/geodata/foundation/web/middleware/errors.go:29.34,34.28 3 0
github.com/mchusovlianov/geodata/foundation/web/middleware/errors.go:36.13,40.45 2 0
github.com/mchusovlianov/geodata/foundation/web/middleware/errors.go:44.59,46.6 1 0
github.com/mchusovlianov/geodata/business/data/tests/tests.go:34.46,44.16 7 0
github.com/mchusovlianov/geodata/business/data/tests/tests.go:48.2,48.25 1 0
github.com/mchusovlianov/geodata/business/data/tests/tests.go:44.16,46.3 1 0
github.com/mchusovlianov/geodata/business/data/tests/tests.go:54.84,62.20 6 0
github.com/mchusovlianov/geodata/business/data/tests/tests.go:71.2,71.13 1 0
github.com/mchusovlianov/geodata/business/data/tests/tests.go:77.2,83.16 2 0
github.com/mchusovlianov/geodata/business/data/tests/tests.go:87.2,92.50 4 0
github.com/mchusovlianov/geodata/business/data/tests/tests.go:97.2,97.47 1 0
github.com/mchusovlianov/geodata/business/data/tests/tests.go:103.2,104.16 2 0
github.com/mchusovlianov/geodata/business/data/tests/tests.go:110.2,110.21 1 0
github.com/mchusovlianov/geodata/business/data/tests/tests.go:126.2,126.26 1 0
github.com/mchusovlianov/geodata/business/data/tests/tests.go:62.20,64.26 2 0
github.com/mchusovlianov/geodata/business/data/tests/tests.go:68.3,68.45 1 0
github.com/mchusovlianov/geodata/business/data/tests/tests.go:64.26,65.9 1 0
github.com/mchusovlianov/geodata/business/data/tests/tests.go:71.13,75.3 3 0
github.com/mchusovlianov/geodata/business/data/tests/tests.go:83.16,85.3 1 0
github.com/mchusovlianov/geodata/business/data/tests/tests.go:92.50,96.3 3 0
github.com/mchusovlianov/geodata/business/data/tests/tests.go:97.47,101.3 3 0
github.com/mchusovlianov/geodata/business/data/tests/tests.go:104.16,106.3 1 0
github.com/mchusovlianov/geodata/business/data/tests/tests.go:110.21,124.3 11 0
github.com/mchusovlianov/geodata/business/data/tests/tests.go:139.58,150.2 3 0
github.com/mchusovlianov/geodata/business/core/importer/csvschema.go:12.53,13.30 1 0
github.com/mchusovlianov/geodata/business/core/importer/csvschema.go:20.2,21.9 2 0
github.com/mchusovlianov/geodata/business/core/importer/csvschema.go:25.2,25.19 1 0
github.com/mchusovlianov/geodata/business/core/importer/csvschema.go:13.30,15.42 2 0
github.com/mchusovlianov/geodata/business/core/importer/csvschema.go:15.42,17.4 1 0
github.com/mchusovlianov/geodata/business/core/importer/csvschema.go:21.9,23.3 1 0
github.com/mchusovlianov/geodata/business/core/importer/csvschema.go:28.46,29.35 1 0
github.com/mchusovlianov/geodata/business/core/importer/csvschema.go:33.2,41.16 2 0
github.com/mchusovlianov/geodata/business/core/importer/csvschema.go:29.35,31.3 1 0
github.com/mchusovlianov/geodata/business/core/city/city.go:32.73,36.2 1 0
github.com/mchusovlianov/geodata/business/core/city/city.go:40.86,43.16 3 0
github.com/mchusovlianov/geodata/business/core/city/city.go:47.2,55.52 2 0
github.com/mchusovlianov/geodata/business/core/city/city.go:63.2,63.28 1 0
github.com/mchusovlianov/geodata/business/core/city/city.go:43.16,45.3 1 0
github.com/mchusovlianov/geodata/business/core/city/city.go:55.52,56.52 1 0
github.com/mchusovlianov/geodata/business/core/city/city.go:60.3,60.47 1 0
github.com/mchusovlianov/geodata/business/core/city/city.go:56.52,58.4 1 0
github.com/mchusovlianov/geodata/business/core/city/city.go:67.79,69.16 2 0
github.com/mchusovlianov/geodata/business/core/city/city.go:76.2,76.28 1 0
github.com/mchusovlianov/geodata/business/core/city/city.go:69.16,70.45 1 0
github.com/mchusovlianov/geodata/business/core/city/city.go:73.3,73.46 1 0
github.com/mchusovlianov/geodata/business/core/city/city.go:70.45,72.4 1 0
github.com/mchusovlianov/geodata/business/core/city/city.go:80.61,82.16 2 0
github.com/mchusovlianov/geodata/business/core/city/city.go:89.2,89.35 1 0
github.com/mchusovlianov/geodata/business/core/city/city.go:82.16,83.45 1 0
github.com/mchusovlianov/geodata/business/core/city/city.go:86.3,86.48 1 0
github.com/mchusovlianov/geodata/business/core/city/city.go:83.45,85.4 1 0
github.com/mchusovlianov/geodata/business/core/country/country.go:32.73,36.2 1 0
github.com/mchusovlianov/geodata/business/core/country/country.go:40.95,43.16 3 0
github.com/mchusovlianov/geodata/business/core/country/country.go:47.2,55.55 2 0
github.com/mchusovlianov/geodata/business/core/country/country.go:63.2,63.34 1 0
github.com/mchusovlianov/geodata/business/core/country/country.go:43.16,45.3 1 0
github.com/mchusovlianov/geodata/business/core/country/country.go:55.55,56.52 1 0
github.com/mchusovlianov/geodata/business/core/country/country.go:60.3,60.50 1 0
github.com/mchusovlianov/geodata/business/core/country/country.go:56.52,58.4 1 0
github.com/mchusovlianov/geodata/business/core/country/country.go:67.85,69.16 2 0
github.com/mchusovlianov/geodata/business/core/country/country.go:76.2,76.34 1 0
github.com/mchusovlianov/geodata/business/core/country/country.go:69.16,70.45 1 0
github.com/mchusovlianov/geodata/business/core/country/country.go:73.3,73.49 1 0
github.com/mchusovlianov/geodata/business/core/country/country.go:70.45,72.4 1 0
github.com/mchusovlianov/geodata/business/core/country/country.go:80.64,82.16 2 0
github.com/mchusovlianov/geodata/business/core/country/country.go:89.2,89.41 1 0
github.com/mchusovlianov/geodata/business/core/country/country.go:82.16,83.45 1 0
github.com/mchusovlianov/geodata/business/core/country/country.go:86.3,86.51 1 0
github.com/mchusovlianov/geodata/business/core/country/country.go:83.45,85.4 1 0
github.com/mchusovlianov/geodata/app/services/geoapi/handlers/v1/locationgrp/locationgrp.go:29.96,33.16 3 0
github.com/mchusovlianov/geodata/app/services/geoapi/handlers/v1/locationgrp/locationgrp.go:45.2,46.16 2 0
github.com/mchusovlianov/geodata/app/services/geoapi/handlers/v1/locationgrp/locationgrp.go:58.2,59.16 2 0
github.com/mchusovlianov/geodata/app/services/geoapi/handlers/v1/locationgrp/locationgrp.go:71.2,75.19 1 0
github.com/mchusovlianov/geodata/app/services/geoapi/handlers/v1/locationgrp/locationgrp.go:33.16,34.10 1 0
github.com/mchusovlianov/geodata/app/services/geoapi/handlers/v1/locationgrp/locationgrp.go:35.45,36.56 1 0
github.com/mchusovlianov/geodata/app/services/geoapi/handlers/v1/locationgrp/locationgrp.go:37.47,38.58 1 0
github.com/mchusovlianov/geodata/app/services/geoapi/handlers/v1/locationgrp/locationgrp.go:40.11,41.44 1 0
github.com/mchusovlianov/geodata/app/services/geoapi/handlers/v1/locationgrp/locationgrp.go:46.16,47.10 1 0
github.com/mchusovlianov/geodata/app/services/geoapi/handlers/v1/locationgrp/locationgrp.go:48.41,49.56 1 0
github.com/mchusovlianov/geodata/app/services/geoapi/handlers/v1/locationgrp/locationgrp.go:50.43,51.58 1 0
github.com/mchusovlianov/geodata/app/services/geoapi/handlers/v1/locationgrp/locationgrp.go:53.11,54.56 1 0
github.com/mchusovlianov/geodata/app/services/geoapi/handlers/v1/locationgrp/locationgrp.go:59.16,60.10 1 0
github.com/mchusovlianov/geodata/app/services/geoapi/handlers/v1/locationgrp/locationgrp.go:61.44,62.56 1 0
github.com/mchusovlianov/geodata/app/services/geoapi/handlers/v1/locationgrp/locationgrp.go:63.46,64.58 1 0
github.com/mchusovlianov/geodata/app/services/geoapi/handlers/v1/locationgrp/locationgrp.go:66.11,67.59 1 0
github.com/mchusovlianov/geodata/app/services/geoapi/handlers/handlers.go:22.50,23.29 1 0
github.com/mchusovlianov/geodata/app/services/geoapi/handlers/handlers.go:23.29,25.3 1 0
github.com/mchusovlianov/geodata/app/services/geoapi/handlers/handlers.go:36.76,38.33 2 0
github.com/mchusovlianov/geodata/app/services/geoapi/handlers/handlers.go:43.2,46.27 2 0
github.com/mchusovlianov/geodata/app/services/geoapi/handlers/handlers.go:63.2,63.16 1 0
github.com/mchusovlianov/geodata/app/services/geoapi/handlers/handlers.go:72.2,77.12 2 0
github.com/mchusovlianov/geodata/app/services/geoapi/handlers/handlers.go:38.33,40.3 1 0
github.com/mchusovlianov/geodata/app/services/geoapi/handlers/handlers.go:46.27,57.80 2 0
github.com/mchusovlianov/geodata/app/services/geoapi/handlers/handlers.go:60.3,60.80 1 0
github.com/mchusovlianov/geodata/app/services/geoapi/handlers/handlers.go:57.80,59.4 1 0
github.com/mchusovlianov/geodata/app/services/geoapi/handlers/handlers.go:63.16,69.3 1 0
github.com/mchusovlianov/geodata/business/data/dbschema/dbschema.go:28.54,29.34 1 1
github.com/mchusovlianov/geodata/business/data/dbschema/dbschema.go:33.2,34.16 2 1
github.com/mchusovlianov/geodata/business/data/dbschema/dbschema.go:38.2,39.20 2 1
github.com/mchusovlianov/geodata/business/data/dbschema/dbschema.go:29.34,31.3 1 0
github.com/mchusovlianov/geodata/business/data/dbschema/dbschema.go:34.16,36.3 1 0
github.com/mchusovlianov/geodata/business/data/dbschema/dbschema.go:44.51,45.54 1 0
github.com/mchusovlianov/geodata/business/data/dbschema/dbschema.go:49.2,50.16 2 0
github.com/mchusovlianov/geodata/business/data/dbschema/dbschema.go:54.2,55.32 2 0
github.com/mchusovlianov/geodata/business/data/dbschema/dbschema.go:68.2,68.20 1 0
github.com/mchusovlianov/geodata/business/data/dbschema/dbschema.go:45.54,47.3 1 0
github.com/mchusovlianov/geodata/business/data/dbschema/dbschema.go:50.16,52.3 1 0
github.com/mchusovlianov/geodata/business/data/dbschema/dbschema.go:55.32,56.37 1 0
github.com/mchusovlianov/geodata/business/data/dbschema/dbschema.go:60.3,60.43 1 0
github.com/mchusovlianov/geodata/business/data/dbschema/dbschema.go:56.37,57.12 1 0
github.com/mchusovlianov/geodata/business/data/dbschema/dbschema.go:60.43,61.40 1 0
github.com/mchusovlianov/geodata/business/data/dbschema/dbschema.go:64.4,64.14 1 0
github.com/mchusovlianov/geodata/business/data/dbschema/dbschema.go:61.40,63.5 1 0
github.com/mchusovlianov/geodata/business/data/dbschema/dbschema.go:73.35,75.16 2 0
github.com/mchusovlianov/geodata/business/data/dbschema/dbschema.go:79.2,79.46 1 0
github.com/mchusovlianov/geodata/business/data/dbschema/dbschema.go:86.2,86.20 1 0
github.com/mchusovlianov/geodata/business/data/dbschema/dbschema.go:75.16,77.3 1 0
github.com/mchusovlianov/geodata/business/data/dbschema/dbschema.go:79.46,80.39 1 0
github.com/mchusovlianov/geodata/business/data/dbschema/dbschema.go:83.3,83.13 1 0
github.com/mchusovlianov/geodata/business/data/dbschema/dbschema.go:80.39,82.4 1 0
github.com/mchusovlianov/geodata/business/core/importer/importer.go:42.69,47.2 1 0
github.com/mchusovlianov/geodata/business/core/importer/importer.go:49.70,63.26 7 0
github.com/mchusovlianov/geodata/business/core/importer/importer.go:212.2,212.12 1 0
github.com/mchusovlianov/geodata/business/core/importer/importer.go:63.26,70.17 4 0
github.com/mchusovlianov/geodata/business/core/importer/importer.go:74.3,77.17 3 0
github.com/mchusovlianov/geodata/business/core/importer/importer.go:81.3,84.17 3 0
github.com/mchusovlianov/geodata/business/core/importer/importer.go:88.3,91.17 3 0
github.com/mchusovlianov/geodata/business/core/importer/importer.go:95.3,98.17 3 0
github.com/mchusovlianov/geodata/business/core/importer/importer.go:102.3,105.17 3 0
github.com/mchusovlianov/geodata/business/core/importer/importer.go:109.3,112.17 3 0
github.com/mchusovlianov/geodata/business/core/importer/importer.go:116.3,121.10 3 0
github.com/mchusovlianov/geodata/business/core/importer/importer.go:147.3,148.21 2 0
github.com/mchusovlianov/geodata/business/core/importer/importer.go:172.3,173.17 2 0
github.com/mchusovlianov/geodata/business/core/importer/importer.go:178.3,179.17 2 0
github.com/mchusovlianov/geodata/business/core/importer/importer.go:184.3,185.17 2 0
github.com/mchusovlianov/geodata/business/core/importer/importer.go:191.3,199.49 2 0
github.com/mchusovlianov/geodata/business/core/importer/importer.go:204.3,204.17 1 0
github.com/mchusovlianov/geodata/business/core/importer/importer.go:209.3,209.15 1 0
github.com/mchusovlianov/geodata/business/core/importer/importer.go:70.17,72.12 2 0
github.com/mchusovlianov/geodata/business/core/importer/importer.go:77.17,79.12 2 0
github.com/mchusovlianov/geodata/business/core/importer/importer.go:84.17,86.12 2 0
github.com/mchusovlianov/geodata/business/core/importer/importer.go:91.17,93.12 2 0
github.com/mchusovlianov/geodata/business/core/importer/importer.go:98.17,100.12 2 0
github.com/mchusovlianov/geodata/business/core/importer/importer.go:105.17,107.12 2 0
github.com/mchusovlianov/geodata/business/core/importer/importer.go:112.17,114.12 2 0
github.com/mchusovlianov/geodata/business/core/importer/importer.go:121.10,128.49 2 0
github.com/mchusovlianov/geodata/business/core/importer/importer.go:133.4,133.18 1 0
github.com/mchusovlianov/geodata/business/core/importer/importer.go:139.4,139.33 1 0
github.com/mchusovlianov/geodata/business/core/importer/importer.go:128.49,130.13 2 0
github.com/mchusovlianov/geodata/business/core/importer/importer.go:133.18,135.13 2 0
github.com/mchusovlianov/geodata/business/core/importer/importer.go:139.33,143.5 2 0
github.com/mchusovlianov/geodata/business/core/importer/importer.go:148.21,155.46 2 0
github.com/mchusovlianov/geodata/business/core/importer/importer.go:160.4,160.18 1 0
github.com/mchusovlianov/geodata/business/core/importer/importer.go:166.4,166.30 1 0
github.com/mchusovlianov/geodata/business/core/importer/importer.go:155.46,157.13 2 0
github.com/mchusovlianov/geodata/business/core/importer/importer.go:160.18,162.13 2 0
github.com/mchusovlianov/geodata/business/core/importer/importer.go:166.30,169.5 2 0
github.com/mchusovlianov/geodata/business/core/importer/importer.go:173.17,175.12 2 0
github.com/mchusovlianov/geodata/business/core/importer/importer.go:179.17,181.12 2 0
github.com/mchusovlianov/geodata/business/core/importer/importer.go:185.17,187.12 2 0
github.com/mchusovlianov/geodata/business/core/importer/importer.go:199.49,201.12 2 0
github.com/mchusovlianov/geodata/business/core/importer/importer.go:204.17,206.12 2 0
github.com/mchusovlianov/geodata/business/core/importer/importer.go:215.76,225.28 6 0
github.com/mchusovlianov/geodata/business/core/importer/importer.go:230.2,239.36 6 0
github.com/mchusovlianov/geodata/business/core/importer/importer.go:243.2,243.6 1 0
github.com/mchusovlianov/geodata/business/core/importer/importer.go:299.2,299.29 1 0
github.com/mchusovlianov/geodata/business/core/importer/importer.go:302.2,308.16 5 0
github.com/mchusovlianov/geodata/business/core/importer/importer.go:225.28,227.3 1 0
github.com/mchusovlianov/geodata/business/core/importer/importer.go:239.36,241.3 1 0
github.com/mchusovlianov/geodata/business/core/importer/importer.go:243.6,245.20 2 0
github.com/mchusovlianov/geodata/business/core/importer/importer.go:249.3,249.17 1 0
github.com/mchusovlianov/geodata/business/core/importer/importer.go:253.3,253.23 1 0
github.com/mchusovlianov/geodata/business/core/importer/importer.go:257.3,259.18 2 0
github.com/mchusovlianov/geodata/business/core/importer/importer.go:276.3,279.50 3 0
github.com/mchusovlianov/geodata/business/core/importer/importer.go:294.3,294.31 1 0
github.com/mchusovlianov/geodata/business/core/importer/importer.go:245.20,246.9 1 0
github.com/mchusovlianov/geodata/business/core/importer/importer.go:249.17,251.4 1 0
github.com/mchusovlianov/geodata/business/core/importer/importer.go:253.23,254.12 1 0
github.com/mchusovlianov/geodata/business/core/importer/importer.go:259.18,261.32 1 0
github.com/mchusovlianov/geodata/business/core/importer/importer.go:265.4,273.12 3 0
github.com/mchusovlianov/geodata/business/core/importer/importer.go:261.32,263.5 1 0
github.com/mchusovlianov/geodata/business/core/importer/importer.go:279.50,281.4 1 0
github.com/mchusovlianov/geodata/business/core/importer/importer.go:281.9,283.32 2 0
github.com/mchusovlianov/geodata/business/core/importer/importer.go:289.4,291.32 3 0
github.com/mchusovlianov/geodata/business/core/importer/importer.go:283.32,284.33 1 0
github.com/mchusovlianov/geodata/business/core/importer/importer.go:284.33,286.6 1 0
github.com/mchusovlianov/geodata/business/core/importer/importer.go:294.31,296.4 1 0
github.com/mchusovlianov/geodata/business/core/importer/importer.go:299.29,301.3 1 0
github.com/mchusovlianov/geodata/foundation/web/web.go:23.36,29.2 2 0
github.com/mchusovlianov/geodata/foundation/web/web.go:32.65,34.2 1 0
github.com/mchusovlianov/geodata/foundation/web/web.go:38.99,47.52 3 0
github.com/mchusovlianov/geodata/foundation/web/web.go:59.2,60.17 2 0
github.com/mchusovlianov/geodata/foundation/web/web.go:63.2,63.36 1 0
github.com/mchusovlianov/geodata/foundation/web/web.go:47.52,54.44 2 0
github.com/mchusovlianov/geodata/foundation/web/web.go:54.44,56.4 1 0
github.com/mchusovlianov/geodata/foundation/web/web.go:60.17,62.3 1 0
github.com/mchusovlianov/geodata/app/services/geoapi/handlers/v1/v1.go:24.39,34.2 3 0
github.com/mchusovlianov/geodata/app/tools/geoimport/main.go:21.46,31.16 7 0
github.com/mchusovlianov/geodata/app/tools/geoimport/main.go:35.2,35.25 1 0
github.com/mchusovlianov/geodata/app/tools/geoimport/main.go:31.16,33.3 1 0
github.com/mchusovlianov/geodata/app/tools/geoimport/main.go:38.13,40.16 2 0
github.com/mchusovlianov/geodata/app/tools/geoimport/main.go:44.2,51.43 5 0
github.com/mchusovlianov/geodata/app/tools/geoimport/main.go:40.16,43.3 2 0
github.com/mchusovlianov/geodata/app/tools/geoimport/main.go:51.43,55.3 3 0
github.com/mchusovlianov/geodata/app/tools/geoimport/main.go:57.57,66.45 2 0
github.com/mchusovlianov/geodata/app/tools/geoimport/main.go:69.2,86.16 5 0
github.com/mchusovlianov/geodata/app/tools/geoimport/main.go:94.2,95.16 2 0
github.com/mchusovlianov/geodata/app/tools/geoimport/main.go:98.2,114.16 4 0
github.com/mchusovlianov/geodata/app/tools/geoimport/main.go:117.2,117.15 1 0
github.com/mchusovlianov/geodata/app/tools/geoimport/main.go:124.2,125.50 2 0
github.com/mchusovlianov/geodata/app/tools/geoimport/main.go:130.2,131.16 2 0
github.com/mchusovlianov/geodata/app/tools/geoimport/main.go:135.2,136.16 2 0
github.com/mchusovlianov/geodata/app/tools/geoimport/main.go:139.2,142.16 3 0
github.com/mchusovlianov/geodata/app/tools/geoimport/main.go:146.2,147.16 2 0
github.com/mchusovlianov/geodata/app/tools/geoimport/main.go:151.2,153.12 2 0
github.com/mchusovlianov/geodata/app/tools/geoimport/main.go:66.45,68.3 1 0
github.com/mchusovlianov/geodata/app/tools/geoimport/main.go:86.16,87.41 1 0
github.com/mchusovlianov/geodata/app/tools/geoimport/main.go:91.3,91.47 1 0
github.com/mchusovlianov/geodata/app/tools/geoimport/main.go:87.41,90.4 2 0
github.com/mchusovlianov/geodata/app/tools/geoimport/main.go:95.16,97.3 1 0
github.com/mchusovlianov/geodata/app/tools/geoimport/main.go:114.16,116.3 1 0
github.com/mchusovlianov/geodata/app/tools/geoimport/main.go:117.15,120.3 2 0
github.com/mchusovlianov/geodata/app/tools/geoimport/main.go:125.50,127.3 1 0
github.com/mchusovlianov/geodata/app/tools/geoimport/main.go:131.16,133.3 1 0
github.com/mchusovlianov/geodata/app/tools/geoimport/main.go:136.16,138.3 1 0
github.com/mchusovlianov/geodata/app/tools/geoimport/main.go:142.16,144.3 1 0
github.com/mchusovlianov/geodata/app/tools/geoimport/main.go:147.16,149.3 1 0
github.com/mchusovlianov/geodata/foundation/web/middleware/logger.go:12.52,15.45 1 0
github.com/mchusovlianov/geodata/foundation/web/middleware/logger.go:33.2,33.10 1 0
github.com/mchusovlianov/geodata/foundation/web/middleware/logger.go:15.45,18.80 1 0
github.com/mchusovlianov/geodata/foundation/web/middleware/logger.go:30.3,30.11 1 0
github.com/mchusovlianov/geodata/foundation/web/middleware/logger.go:18.80,28.4 3 0
github.com/mchusovlianov/geodata/business/core/location/location.go:31.73,35.2 1 1
github.com/mchusovlianov/geodata/business/core/location/location.go:39.98,42.16 3 1
github.com/mchusovlianov/geodata/business/core/location/location.go:46.2,57.56 2 1
github.com/mchusovlianov/geodata/business/core/location/location.go:61.2,61.36 1 1
github.com/mchusovlianov/geodata/business/core/location/location.go:42.16,44.3 1 1
github.com/mchusovlianov/geodata/business/core/location/location.go:57.56,59.3 1 0
github.com/mchusovlianov/geodata/business/core/location/location.go:65.87,67.16 2 1
github.com/mchusovlianov/geodata/business/core/location/location.go:74.2,74.36 1 1
github.com/mchusovlianov/geodata/business/core/location/location.go:67.16,68.45 1 1
github.com/mchusovlianov/geodata/business/core/location/location.go:71.3,71.50 1 0
github.com/mchusovlianov/geodata/business/core/location/location.go:68.45,70.4 1 1
github.com/mchusovlianov/geodata/business/core/location/location.go:78.75,83.16 3 1
github.com/mchusovlianov/geodata/business/core/location/location.go:87.2,88.16 2 1
github.com/mchusovlianov/geodata/business/core/location/location.go:95.2,95.36 1 1
github.com/mchusovlianov/geodata/business/core/location/location.go:83.16,85.3 1 0
github.com/mchusovlianov/geodata/business/core/location/location.go:88.16,89.45 1 0
github.com/mchusovlianov/geodata/business/core/location/location.go:92.3,92.50 1 0
github.com/mchusovlianov/geodata/business/core/location/location.go:89.45,91.4 1 0
github.com/mchusovlianov/geodata/business/core/location/location.go:99.65,101.16 2 1
github.com/mchusovlianov/geodata/business/core/location/location.go:108.2,108.42 1 1
github.com/mchusovlianov/geodata/business/core/location/location.go:101.16,102.45 1 0
github.com/mchusovlianov/geodata/business/core/location/location.go:105.3,105.52 1 0
github.com/mchusovlianov/geodata/business/core/location/location.go:102.45,104.4 1 0
github.com/mchusovlianov/geodata/business/core/city/db/db.go:18.71,24.2 1 0
github.com/mchusovlianov/geodata/business/core/city/db/db.go:27.42,28.17 1 0
github.com/mchusovlianov/geodata/business/core/city/db/db.go:32.2,32.13 1 0
github.com/mchusovlianov/geodata/business/core/city/db/db.go:28.17,30.3 1 0
github.com/mchusovlianov/geodata/business/core/city/db/db.go:37.61,44.77 2 0
github.com/mchusovlianov/geodata/business/core/city/db/db.go:48.2,48.12 1 0
github.com/mchusovlianov/geodata/business/core/city/db/db.go:44.77,46.3 1 0
github.com/mchusovlianov/geodata/business/core/city/db/db.go:52.80,68.84 4 0
github.com/mchusovlianov/geodata/business/core/city/db/db.go:72.2,72.18 1 0
github.com/mchusovlianov/geodata/business/core/city/db/db.go:68.84,70.3 1 0
github.com/mchusovlianov/geodata/business/core/city/db/db.go:76.62,84.91 3 0
github.com/mchusovlianov/geodata/business/core/city/db/db.go:88.2,88.20 1 0
github.com/mchusovlianov/geodata/business/core/city/db/db.go:84.91,86.3 1 0
github.com/mchusovlianov/geodata/business/core/city/models.go:24.34,27.2 2 0
github.com/mchusovlianov/geodata/business/core/city/models.go:29.45,31.33 2 0
github.com/mchusovlianov/geodata/business/core/city/models.go:34.2,34.12 1 0
github.com/mchusovlianov/geodata/business/core/city/models.go:31.33,33.3 1 0
github.com/mchusovlianov/geodata/business/core/country/models.go:24.46,27.2 2 0
github.com/mchusovlianov/geodata/business/core/country/models.go:29.54,31.33 2 0
github.com/mchusovlianov/geodata/business/core/country/models.go:34.2,34.12 1 0
github.com/mchusovlianov/geodata/business/core/country/models.go:31.33,33.3 1 0
github.com/mchusovlianov/geodata/business/core/location/db/db.go:18.71,24.2 1 1
github.com/mchusovlianov/geodata/business/core/location/db/db.go:27.42,28.17 1 1
github.com/mchusovlianov/geodata/business/core/location/db/db.go:32.2,32.13 1 1
github.com/mchusovlianov/geodata/business/core/location/db/db.go:28.17,30.3 1 0
github.com/mchusovlianov/geodata/business/core/location/db/db.go:37.69,44.81 2 1
github.com/mchusovlianov/geodata/business/core/location/db/db.go:48.2,48.12 1 1
github.com/mchusovlianov/geodata/business/core/location/db/db.go:44.81,46.3 1 0
github.com/mchusovlianov/geodata/business/core/location/db/db.go:52.88,68.88 4 1
github.com/mchusovlianov/geodata/business/core/location/db/db.go:72.2,72.22 1 1
github.com/mchusovlianov/geodata/business/core/location/db/db.go:68.88,70.3 1 1
github.com/mchusovlianov/geodata/business/core/location/db/db.go:76.76,92.88 4 1
github.com/mchusovlianov/geodata/business/core/location/db/db.go:96.2,96.22 1 1
github.com/mchusovlianov/geodata/business/core/location/db/db.go:92.88,94.3 1 0
github.com/mchusovlianov/geodata/business/core/location/db/db.go:100.66,108.94 3 1
github.com/mchusovlianov/geodata/business/core/location/db/db.go:112.2,112.23 1 1
github.com/mchusovlianov/geodata/business/core/location/db/db.go:108.94,110.3 1 0
github.com/mchusovlianov/geodata/business/core/location/location.go:31.73,35.2 1 1
github.com/mchusovlianov/geodata/business/core/location/location.go:39.98,42.16 3 0
github.com/mchusovlianov/geodata/business/core/location/location.go:46.2,57.56 2 0
github.com/mchusovlianov/geodata/business/core/location/location.go:61.2,61.36 1 0
github.com/mchusovlianov/geodata/business/core/location/location.go:42.16,44.3 1 0
github.com/mchusovlianov/geodata/business/core/location/location.go:57.56,59.3 1 0
github.com/mchusovlianov/geodata/business/core/location/location.go:65.87,67.16 2 0
github.com/mchusovlianov/geodata/business/core/location/location.go:74.2,74.36 1 0
github.com/mchusovlianov/geodata/business/core/location/location.go:67.16,68.45 1 0
github.com/mchusovlianov/geodata/business/core/location/location.go:71.3,71.50 1 0
github.com/mchusovlianov/geodata/business/core/location/location.go:68.45,70.4 1 0
github.com/mchusovlianov/geodata/business/core/location/location.go:78.75,83.16 3 1
github.com/mchusovlianov/geodata/business/core/location/location.go:87.2,88.16 2 1
github.com/mchusovlianov/geodata/business/core/location/location.go:95.2,95.36 1 1
github.com/mchusovlianov/geodata/business/core/location/location.go:83.16,85.3 1 1
github.com/mchusovlianov/geodata/business/core/location/location.go:88.16,89.45 1 1
github.com/mchusovlianov/geodata/business/core/location/location.go:92.3,92.50 1 0
github.com/mchusovlianov/geodata/business/core/location/location.go:89.45,91.4 1 1
github.com/mchusovlianov/geodata/business/core/location/location.go:99.65,101.16 2 0
github.com/mchusovlianov/geodata/business/core/location/location.go:108.2,108.42 1 0
github.com/mchusovlianov/geodata/business/core/location/location.go:101.16,102.45 1 0
github.com/mchusovlianov/geodata/business/core/location/location.go:105.3,105.52 1 0
github.com/mchusovlianov/geodata/business/core/location/location.go:102.45,104.4 1 0
github.com/mchusovlianov/geodata/app/services/geoapi/handlers/v1/v1.go:24.39,34.2 3 1
github.com/mchusovlianov/geodata/foundation/web/middleware/logger.go:12.52,15.45 1 1
github.com/mchusovlianov/geodata/foundation/web/middleware/logger.go:33.2,33.10 1 1
github.com/mchusovlianov/geodata/foundation/web/middleware/logger.go:15.45,18.80 1 1
github.com/mchusovlianov/geodata/foundation/web/middleware/logger.go:30.3,30.11 1 1
github.com/mchusovlianov/geodata/foundation/web/middleware/logger.go:18.80,28.4 3 1
github.com/mchusovlianov/geodata/app/services/geoapi/handlers/handlers.go:22.50,23.29 1 0
github.com/mchusovlianov/geodata/app/services/geoapi/handlers/handlers.go:23.29,25.3 1 0
github.com/mchusovlianov/geodata/app/services/geoapi/handlers/handlers.go:36.76,38.33 2 1
github.com/mchusovlianov/geodata/app/services/geoapi/handlers/handlers.go:43.2,46.27 2 1
github.com/mchusovlianov/geodata/app/services/geoapi/handlers/handlers.go:63.2,63.16 1 1
github.com/mchusovlianov/geodata/app/services/geoapi/handlers/handlers.go:72.2,77.12 2 1
github.com/mchusovlianov/geodata/app/services/geoapi/handlers/handlers.go:38.33,40.3 1 0
github.com/mchusovlianov/geodata/app/services/geoapi/handlers/handlers.go:46.27,57.80 2 0
github.com/mchusovlianov/geodata/app/services/geoapi/handlers/handlers.go:60.3,60.80 1 0
github.com/mchusovlianov/geodata/app/services/geoapi/handlers/handlers.go:57.80,59.4 1 0
github.com/mchusovlianov/geodata/app/services/geoapi/handlers/handlers.go:63.16,69.3 1 1
github.com/mchusovlianov/geodata/app/services/geoapi/main.go:23.46,33.16 7 0
github.com/mchusovlianov/geodata/app/services/geoapi/main.go:37.2,37.25 1 0
github.com/mchusovlianov/geodata/app/services/geoapi/main.go:33.16,35.3 1 0
github.com/mchusovlianov/geodata/app/services/geoapi/main.go:40.13,44.16 2 0
github.com/mchusovlianov/geodata/app/services/geoapi/main.go:48.2,51.33 2 0
github.com/mchusovlianov/geodata/app/services/geoapi/main.go:44.16,47.3 2 0
github.com/mchusovlianov/geodata/app/services/geoapi/main.go:51.33,55.3 3 0
github.com/mchusovlianov/geodata/app/services/geoapi/main.go:58.40,67.45 2 0
github.com/mchusovlianov/geodata/app/services/geoapi/main.go:70.2,96.16 5 0
github.com/mchusovlianov/geodata/app/services/geoapi/main.go:107.2,111.16 4 0
github.com/mchusovlianov/geodata/app/services/geoapi/main.go:114.2,131.16 4 0
github.com/mchusovlianov/geodata/app/services/geoapi/main.go:134.2,134.15 1 0
github.com/mchusovlianov/geodata/app/services/geoapi/main.go:142.2,170.12 8 0
github.com/mchusovlianov/geodata/app/services/geoapi/main.go:67.45,69.3 1 0
github.com/mchusovlianov/geodata/app/services/geoapi/main.go:96.16,97.41 1 0
github.com/mchusovlianov/geodata/app/services/geoapi/main.go:101.3,101.47 1 0
github.com/mchusovlianov/geodata/app/services/geoapi/main.go:97.41,100.4 2 0
github.com/mchusovlianov/geodata/app/services/geoapi/main.go:111.16,113.3 1 0
github.com/mchusovlianov/geodata/app/services/geoapi/main.go:131.16,133.3 1 0
github.com/mchusovlianov/geodata/app/services/geoapi/main.go:134.15,137.3 2 0
github.com/mchusovlianov/geodata/business/core/city/db/db.go:18.71,24.2 1 1
github.com/mchusovlianov/geodata/business/core/city/db/db.go:27.42,28.17 1 1
github.com/mchusovlianov/geodata/business/core/city/db/db.go:32.2,32.13 1 1
github.com/mchusovlianov/geodata/business/core/city/db/db.go:28.17,30.3 1 0
github.com/mchusovlianov/geodata/business/core/city/db/db.go:37.61,44.77 2 0
github.com/mchusovlianov/geodata/business/core/city/db/db.go:48.2,48.12 1 0
github.com/mchusovlianov/geodata/business/core/city/db/db.go:44.77,46.3 1 0
github.com/mchusovlianov/geodata/business/core/city/db/db.go:52.80,68.84 4 1
github.com/mchusovlianov/geodata/business/core/city/db/db.go:72.2,72.18 1 1
github.com/mchusovlianov/geodata/business/core/city/db/db.go:68.84,70.3 1 0
github.com/mchusovlianov/geodata/business/core/city/db/db.go:76.62,84.91 3 0
github.com/mchusovlianov/geodata/business/core/city/db/db.go:88.2,88.20 1 0
github.com/mchusovlianov/geodata/business/core/city/db/db.go:84.91,86.3 1 0
github.com/mchusovlianov/geodata/business/core/city/city.go:32.73,36.2 1 1
github.com/mchusovlianov/geodata/business/core/city/city.go:40.86,43.16 3 0
github.com/mchusovlianov/geodata/business/core/city/city.go:47.2,55.52 2 0
github.com/mchusovlianov/geodata/business/core/city/city.go:63.2,63.28 1 0
github.com/mchusovlianov/geodata/business/core/city/city.go:43.16,45.3 1 0
github.com/mchusovlianov/geodata/business/core/city/city.go:55.52,56.52 1 0
github.com/mchusovlianov/geodata/business/core/city/city.go:60.3,60.47 1 0
github.com/mchusovlianov/geodata/business/core/city/city.go:56.52,58.4 1 0
github.com/mchusovlianov/geodata/business/core/city/city.go:67.79,69.16 2 1
[...]
github.com/mchusovlianov/geodata/business/data/dbtest/dbtest.go:56.34,58.2 1 0
github.com/mchusovlianov/geodata/business/data/dbtest/dbtest.go:63.103,69.16 5 1
github.com/mchusovlianov/geodata/business/data/dbtest/dbtest.go:73.2,75.35 2 1
github.com/mchusovlianov/geodata/business/data/dbtest/dbtest.go:79.2,81.92 2 1
github.com/mchusovlianov/geodata/business/data/dbtest/dbtest.go:84.2,88.16 3 1
github.com/mchusovlianov/geodata/business/data/dbtest/dbtest.go:92.2,94.50 2 1
github.com/mchusovlianov/geodata/business/data/dbtest/dbtest.go:104.2,115.21 6 1
github.com/mchusovlianov/geodata/business/data/dbtest/dbtest.go:127.2,127.26 1 1
github.com/mchusovlianov/geodata/business/data/dbtest/dbtest.go:69.16,71.3 1 0
github.com/mchusovlianov/geodata/business/data/dbtest/dbtest.go:75.35,77.3 1 0
github.com/mchusovlianov/geodata/business/data/dbtest/dbtest.go:81.92,83.3 1 0
github.com/mchusovlianov/geodata/business/data/dbtest/dbtest.go:88.16,90.3 1 0
github.com/mchusovlianov/geodata/business/data/dbtest/dbtest.go:94.50,97.3 2 0
github.com/mchusovlianov/geodata/business/data/dbtest/dbtest.go:115.21,125.3 7 1
github.com/mchusovlianov/geodata/business/data/dbtest/dbtest.go:140.77,151.2 3 0
github.com/mchusovlianov/geodata/business/data/dbtest/dbtest.go:156.38,158.2 1 0
github.com/mchusovlianov/geodata/business/data/dbtest/dbtest.go:163.29,165.2 1 0
github.com/mchusovlianov/geodata/foundation/database/database.go:30.41,33.16 3 0
github.com/mchusovlianov/geodata/foundation/database/database.go:37.2,42.16 5 0
github.com/mchusovlianov/geodata/foundation/database/database.go:33.16,35.3 1 0
github.com/mchusovlianov/geodata/foundation/database/database.go:47.58,51.34 2 0
github.com/mchusovlianov/geodata/foundation/database/database.go:63.2,63.22 1 0
github.com/mchusovlianov/geodata/foundation/database/database.go:69.2,71.46 3 0
github.com/mchusovlianov/geodata/foundation/database/database.go:51.34,53.23 2 0
github.com/mchusovlianov/geodata/foundation/database/database.go:56.3,57.23 2 0
github.com/mchusovlianov/geodata/foundation/database/database.go:53.23,54.9 1 0
github.com/mchusovlianov/geodata/foundation/database/database.go:57.23,59.4 1 0
github.com/mchusovlianov/geodata/foundation/database/database.go:63.22,65.3 1 0
github.com/mchusovlianov/geodata/foundation/database/database.go:76.94,77.71 1 1
github.com/mchusovlianov/geodata/foundation/database/database.go:85.2,85.12 1 1
github.com/mchusovlianov/geodata/foundation/database/database.go:77.71,79.59 2 1
github.com/mchusovlianov/geodata/foundation/database/database.go:82.3,82.13 1 0
github.com/mchusovlianov/geodata/foundation/database/database.go:79.59,81.4 1 1
github.com/mchusovlianov/geodata/foundation/database/database.go:90.111,92.16 2 1
github.com/mchusovlianov/geodata/foundation/database/database.go:95.2,98.18 3 1
github.com/mchusovlianov/geodata/foundation/database/database.go:105.2,107.12 2 1
github.com/mchusovlianov/geodata/foundation/database/database.go:92.16,94.3 1 0
github.com/mchusovlianov/geodata/foundation/database/database.go:98.18,100.44 2 1
github.com/mchusovlianov/geodata/foundation/database/database.go:103.3,103.28 1 1
github.com/mchusovlianov/geodata/foundation/database/database.go:100.44,102.4 1 0
github.com/mchusovlianov/geodata/foundation/database/database.go:112.104,114.16 2 1
github.com/mchusovlianov/geodata/foundation/database/database.go:117.2,119.18 2 1
github.com/mchusovlianov/geodata/foundation/database/database.go:123.2,123.46 1 1
github.com/mchusovlianov/geodata/foundation/database/database.go:127.2,127.12 1 1
github.com/mchusovlianov/geodata/foundation/database/database.go:114.16,116.3 1 0
github.com/mchusovlianov/geodata/foundation/database/database.go:119.18,121.3 1 1
github.com/mchusovlianov/geodata/foundation/database/database.go:123.46,125.3 1 0
github.com/mchusovlianov/geodata/foundation/web/middleware.go:11.63,16.36 1 0
github.com/mchusovlianov/geodata/foundation/web/middleware.go:23.2,23.16 1 0
github.com/mchusovlianov/geodata/foundation/web/middleware.go:16.36,18.15 2 0
github.com/mchusovlianov/geodata/foundation/web/middleware.go:18.15,20.4 1 0
github.com/mchusovlianov/geodata/app/services/geoapi/handlers/v1/locationgrp/locationgrp.go:29.96,33.16 3 0
github.com/mchusovlianov/geodata/app/services/geoapi/handlers/v1/locationgrp/locationgrp.go:45.2,46.16 2 0
github.com/mchusovlianov/geodata/app/services/geoapi/handlers/v1/locationgrp/locationgrp.go:58.2,59.16 2 0
github.com/mchusovlianov/geodata/app/services/geoapi/handlers/v1/locationgrp/locationgrp.go:71.2,75.19 1 0
github.com/mchusovlianov/geodata/app/services/geoapi/handlers/v1/locationgrp/locationgrp.go:33.16,34.10 1 0
github.com/mchusovlianov/geodata/app/services/geoapi/handlers/v1/locationgrp/locationgrp.go:35.45,36.56 1 0
github.com/mchusovlianov/geodata/app/services/geoapi/handlers/v1/locationgrp/locationgrp.go:37.47,38.58 1 0
github.com/mchusovlianov/geodata/app/services/geoapi/handlers/v1/locationgrp/locationgrp.go:40.11,41.44 1 0
github.com/mchusovlianov/geodata/app/services/geoapi/handlers/v1/locationgrp/locationgrp.go:46.16,47.10 1 0
github.com/mchusovlianov/geodata/app/services/geoapi/handlers/v1/locationgrp/locationgrp.go:48.41,49.56 1 0
github.com/mchusovlianov/geodata/app/services/geoapi/handlers/v1/locationgrp/locationgrp.go:50.43,51.58 1 0
github.com/mchusovlianov/geodata/app/services/geoapi/handlers/v1/locationgrp/locationgrp.go:53.11,54.56 1 0
github.com/mchusovlianov/geodata/app/services/geoapi/handlers/v1/locationgrp/locationgrp.go:59.16,60.10 1 0
github.com/mchusovlianov/geodata/app/services/geoapi/handlers/v1/locationgrp/locationgrp.go:61.44,62.56 1 0
github.com/mchusovlianov/geodata/app/services/geoapi/handlers/v1/locationgrp/locationgrp.go:63.46,64.58 1 0
github.com/mchusovlianov/geodata/app/services/geoapi/handlers/v1/locationgrp/locationgrp.go:66.11,67.59 1 0
github.com/mchusovlianov/geodata/app/tools/geoimport/main.go:21.46,31.16 7 0
github.com/mchusovlianov/geodata/app/tools/geoimport/main.go:35.2,35.25 1 0
github.com/mchusovlianov/geodata/app/tools/geoimport/main.go:31.16,33.3 1 0
github.com/mchusovlianov/geodata/app/tools/geoimport/main.go:38.13,40.16 2 0
github.com/mchusovlianov/geodata/app/tools/geoimport/main.go:44.2,51.43 5 0
github.com/mchusovlianov/geodata/app/tools/geoimport/main.go:40.16,43.3 2 0
github.com/mchusovlianov/geodata/app/tools/geoimport/main.go:51.43,55.3 3 0
github.com/mchusovlianov/geodata/app/tools/geoimport/main.go:57.57,66.45 2 0
github.com/mchusovlianov/geodata/app/tools/geoimport/main.go:69.2,86.16 5 0
github.com/mchusovlianov/geodata/app/tools/geoimport/main.go:94.2,95.16 2 0
github.com/mchusovlianov/geodata/app/tools/geoimport/main.go:98.2,114.16 4 0
github.com/mchusovlianov/geodata/app/tools/geoimport/main.go:117.2,117.15 1 0
github.com/mchusovlianov/geodata/app/tools/geoimport/main.go:124.2,125.50 2 0
github.com/mchusovlianov/geodata/app/tools/geoimport/main.go:130.2,131.16 2 0
github.com/mchusovlianov/geodata/app/tools/geoimport/main.go:135.2,136.16 2 0
github.com/mchusovlianov/geodata/app/tools/geoimport/main.go:139.2,142.16 3 0
github.com/mchusovlianov/geodata/app/tools/geoimport/main.go:146.2,147.16 2 0
github.com/mchusovlianov/geodata/app/tools/geoimport/main.go:151.2,153.12 2 0
github.com/mchusovlianov/geodata/app/tools/geoimport/main.go:66.45,68.3 1 0
github.com/mchusovlianov/geodata/app/tools/geoimport/main.go:86.16,87.41 1 0
github.com/mchusovlianov/geodata/app/tools/geoimport/main.go:91.3,91.47 1 0
github.com/mchusovlianov/geodata/app/tools/geoimport/main.go:87.41,90.4 2 0
github.com/mchusovlianov/geodata/app/tools/geoimport/main.go:95.16,97.3 1 0
github.com/mchusovlianov/geodata/app/tools/geoimport/main.go:114.16,116.3 1 0
github.com/mchusovlianov/geodata/app/tools/geoimport/main.go:117.15,120.3 2 0
github.com/mchusovlianov/geodata/app/tools/geoimport/main.go:125.50,127.3 1 0
github.com/mchusovlianov/geodata/app/tools/geoimport/main.go:131.16,133.3 1 0
github.com/mchusovlianov/geodata/app/tools/geoimport/main.go:136.16,138.3 1 0
github.com/mchusovlianov/geodata/app/tools/geoimport/main.go:142.16,144.3 1 0
github.com/mchusovlianov/geodata/app/tools/geoimport/main.go:147.16,149.3 1 0
github.com/mchusovlianov/geodata/business/core/country/country.go:32.73,36.2 1 1
github.com/mchusovlianov/geodata/business/core/country/country.go:40.95,43.16 3 1
github.com/mchusovlianov/geodata/business/core/country/country.go:47.2,55.55 2 1
github.com/mchusovlianov/geodata/business/core/country/country.go:63.2,63.34 1 1
github.com/mchusovlianov/geodata/business/core/country/country.go:43.16,45.3 1 1
github.com/mchusovlianov/geodata/business/core/country/country.go:55.55,56.52 1 1
github.com/mchusovlianov/geodata/business/core/country/country.go:60.3,60.50 1 0
github.com/mchusovlianov/geodata/business/core/country/country.go:56.52,58.4 1 1
github.com/mchusovlianov/geodata/business/core/country/country.go:67.85,69.16 2 1
github.com/mchusovlianov/geodata/business/core/country/country.go:76.2,76.34 1 1
github.com/mchusovlianov/geodata/business/core/country/country.go:69.16,70.45 1 1
github.com/mchusovlianov/geodata/business/core/country/country.go:73.3,73.49 1 0
github.com/mchusovlianov/geodata/business/core/country/country.go:70.45,72.4 1 1
github.com/mchusovlianov/geodata/business/core/country/country.go:80.64,82.16 2 1
github.com/mchusovlianov/geodata/business/core/country/country.go:89.2,89.41 1 1
github.com/mchusovlianov/geodata/business/core/country/country.go:82.16,83.45 1 0
github.com/mchusovlianov/geodata/business/core/country/country.go:86.3,86.51 1 0
github.com/mchusovlianov/geodata/business/core/country/country.go:83.45,85.4 1 0
github.com/mchusovlianov/geodata/business/core/country/db/db.go:18.71,24.2 1 1
github.com/mchusovlianov/geodata/business/core/country/db/db.go:27.42,28.17 1 1
github.com/mchusovlianov/geodata/business/core/country/db/db.go:32.2,32.13 1 1
github.com/mchusovlianov/geodata/business/core/country/db/db.go:28.17,30.3 1 0
github.com/mchusovlianov/geodata/business/core/country/db/db.go:37.67,44.80 2 1
github.com/mchusovlianov/geodata/business/core/country/db/db.go:48.2,48.12 1 1
github.com/mchusovlianov/geodata/business/core/country/db/db.go:44.80,46.3 1 1
github.com/mchusovlianov/geodata/business/core/country/db/db.go:52.86,68.87 4 1
github.com/mchusovlianov/geodata/business/core/country/db/db.go:72.2,72.21 1 1
github.com/mchusovlianov/geodata/business/core/country/db/db.go:68.87,70.3 1 1
github.com/mchusovlianov/geodata/business/core/country/db/db.go:76.65,84.94 3 1
github.com/mchusovlianov/geodata/business/core/country/db/db.go:88.2,88.23 1 1
github.com/mchusovlianov/geodata/business/core/country/db/db.go:84.94,86.3 1 0
github.com/mchusovlianov/geodata/business/core/importer/importer.go:42.69,47.2 1 0
github.com/mchusovlianov/geodata/business/core/importer/importer.go:49.70,63.26 7 0
github.com/mchusovlianov/geodata/business/core/importer/importer.go:212.2,212.12 1 0
github.com/mchusovlianov/geodata/business/core/importer/importer.go:63.26,70.17 4 0
github.com/mchusovlianov/geodata/business/core/importer/importer.go:74.3,77.17 3 0
github.com/mchusovlianov/geodata/business/core/importer/importer.go:81.3,84.17 3 0
github.com/mchusovlianov/geodata/business/core/importer/importer.go:88.3,91.17 3 0
github.com/mchusovlianov/geodata/business/core/importer/importer.go:95.3,98.17 3 0
github.com/mchusovlianov/geodata/business/core/importer/importer.go:102.3,105.17 3 0
github.com/mchusovlianov/geodata/business/core/importer/importer.go:109.3,112.17 3 0
github.com/mchusovlianov/geodata/business/core/importer/importer.go:116.3,121.10 3 0
github.com/mchusovlianov/geodata/business/core/importer/importer.go:147.3,148.21 2 0
github.com/mchusovlianov/geodata/business/core/importer/importer.go:172.3,173.17 2 0
github.com/mchusovlianov/geodata/business/core/importer/importer.go:178.3,179.17 2 0
github.com/mchusovlianov/geodata/business/core/importer/importer.go:184.3,185.17 2 0
github.com/mchusovlianov/geodata/business/core/importer/importer.go:191.3,199.49 2 0
github.com/mchusovlianov/geodata/business/core/importer/importer.go:204.3,204.17 1 0
github.com/mchusovlianov/geodata/business/core/importer/importer.go:209.3,209.15 1 0
github.com/mchusovlianov/geodata/business/core/importer/importer.go:70.17,72.12 2 0
github.com/mchusovlianov/geodata/business/core/importer/importer.go:77.17,79.12 2 0
github.com/mchusovlianov/geodata/business/core/importer/importer.go:84.17,86.12 2 0
github.com/mchusovlianov/geodata/business/core/importer/importer.go:91.17,93.12 2 0
github.com/mchusovlianov/geodata/business/core/importer/importer.go:98.17,100.12 2 0
github.com/mchusovlianov/geodata/business/core/importer/importer.go:105.17,107.12 2 0
github.com/mchusovlianov/geodata/business/core/importer/importer.go:112.17,114.12 2 0
github.com/mchusovlianov/geodata/business/core/importer/importer.go:121.10,128.49 2 0
github.com/mchusovlianov/geodata/business/core/importer/importer.go:133.4,133.18 1 0
github.com/mchusovlianov/geodata/business/core/importer/importer.go:139.4,139.33 1 0
github.com/mchusovlianov/geodata/business/core/importer/importer.go:128.49,130.13 2 0
github.com/mchusovlianov/geodata/business/core/importer/importer.go:133.18,135.13 2 0
github.com/mchusovlianov/geodata/business/core/importer/importer.go:139.33,143.5 2 0
github.com/mchusovlianov/geodata/business/core/importer/importer.go:148.21,155.46 2 0
github.com/mchusovlianov/geodata/business/core/importer/importer.go:160.4,160.18 1 0
github.com/mchusovlianov/geodata/business/core/importer/importer.go:166.4,166.30 1 0
github.com/mchusovlianov/geodata/business/core/importer/importer.go:155.46,157.13 2 0
github.com/mchusovlianov/geodata/business/core/importer/importer.go:160.18,162.13 2 0
github.com/mchusovlianov/geodata/business/core/importer/importer.go:166.30,169.5 2 0
github.com/mchusovlianov/geodata/business/core/importer/importer.go:173.17,175.12 2 0
github.com/mchusovlianov/geodata/business/core/importer/importer.go:179.17,181.12 2 0
github.com/mchusovlianov/geodata/business/core/importer/importer.go:185.17,187.12 2 0
github.com/mchusovlianov/geodata/business/core/importer/importer.go:199.49,201.12 2 0
github.com/mchusovlianov/geodata/business/core/importer/importer.go:204.17,206.12 2 0
github.com/mchusovlianov/geodata/business/core/importer/importer.go:215.76,225.28 6 0
github.com/mchusovlianov/geodata/business/core/importer/importer.go:230.2,239.36 6 0
github.com/mchusovlianov/geodata/business/core/importer/importer.go:243.2,243.6 1 0
github.com/mchusovlianov/geodata/business/core/importer/importer.go:299.2,299.29 1 0
github.com/mchusovlianov/geodata/business/core/importer/importer.go:302.2,308.16 5 0
github.com/mchusovlianov/geodata/business/core/importer/importer.go:225.28,227.3 1 0
github.com/mchusovlianov/geodata/business/core/importer/importer.go:239.36,241.3 1 0
github.com/mchusovlianov/geodata/business/core/importer/importer.go:243.6,245.20 2 0
github.com/mchusovlianov/geodata/business/core/importer/importer.go:249.3,249.17 1 0
github.com/mchusovlianov/geodata/business/core/importer/importer.go:253.3,253.23 1 0
github.com/mchusovlianov/geodata/business/core/importer/importer.go:257.3,259.18 2 0
github.com/mchusovlianov/geodata/business/core/importer/importer.go:276.3,279.50 3 0
github.com/mchusovlianov/geodata/business/core/importer/importer.go:294.3,294.31 1 0
github.com/mchusovlianov/geodata/business/core/importer/importer.go:245.20,246.9 1 0
github.com/mchusovlianov/geodata/business/core/importer/importer.go:249.17,251.4 1 0
github.com/mchusovlianov/geodata/business/core/importer/importer.go:253.23,254.12 1 0
github.com/mchusovlianov/geodata/business/core/importer/importer.go:259.18,261.32 1 0
github.com/mchusovlianov/geodata/business/core/importer/importer.go:265.4,273.12 3 0
github.com/mchusovlianov/geodata/business/core/importer/importer.go:261.32,263.5 1 0
github.com/mchusovlianov/geodata/business/core/importer/importer.go:279.50,281.4 1 0
github.com/mchusovlianov/geodata/business/core/importer/importer.go:281.9,283.32 2 0
github.com/mchusovlianov/geodata/business/core/importer/importer.go:289.4,291.32 3 0
github.com/mchusovlianov/geodata/business/core/importer/importer.go:283.32,284.33 1 0
github.com/mchusovlianov/geodata/business/core/importer/importer.go:284.33,286.6 1 0
github.com/mchusovlianov/geodata/business/core/importer/importer.go:294.31,296.4 1 0
github.com/mchusovlianov/geodata/business/core/importer/importer.go:299.29,301.3 1 0
github.com/mchusovlianov/geodata/foundation/web/middleware/errors.go:13.52,16.45 1 0
github.com/mchusovlianov/geodata/foundation/web/middleware/errors.go:55.2,55.10 1 0
github.com/mchusovlianov/geodata/foundation/web/middleware/errors.go:16.45,18.80 1 0
github.com/mchusovlianov/geodata/foundation/web/middleware/errors.go:52.3,52.11 1 0
github.com/mchusovlianov/geodata/foundation/web/middleware/errors.go:18.80,20.45 1 0
github.com/mchusovlianov/geodata/foundation/web/middleware/errors.go:50.4,50.14 1 0
github.com/mchusovlianov/geodata/foundation/web/middleware/errors.go:20.45,28.12 4 0
github.com/mchusovlianov/geodata/foundation/web/middleware/errors.go:44.5,44.59 1 0
github.com/mchusovlianov/geodata/foundation/web/middleware/errors.go:29.34,34.28 3 0
github.com/mchusovlianov/geodata/foundation/web/middleware/errors.go:36.13,40.45 2 0
github.com/mchusovlianov/geodata/foundation/web/middleware/errors.go:44.59,46.6 1 0
github.com/mchusovlianov/geodata/foundation/web/web.go:23.36,29.2 2 0
github.com/mchusovlianov/geodata/foundation/web/web.go:32.65,34.2 1 0
github.com/mchusovlianov/geodata/foundation/web/web.go:38.99,47.52 3 0
github.com/mchusovlianov/geodata/foundation/web/web.go:59.2,60.17 2 0
github.com/mchusovlianov/geodata/foundation/web/web.go:63.2,63.36 1 0
github.com/mchusovlianov/geodata/foundation/web/web.go:47.52,54.44 2 0
github.com/mchusovlianov/geodata/foundation/web/web.go:54.44,56.4 1 0
github.com/mchusovlianov/geodata/foundation/web/web.go:60.17,62.3 1 0
github.com/mchusovlianov/geodata/app/services/geoapi/handlers/handlers.go:22.50,23.29 1 0
github.com/mchusovlianov/geodata/app/services/geoapi/handlers/handlers.go:23.29,25.3 1 0
github.com/mchusovlianov/geodata/app/services/geoapi/handlers/handlers.go:36.76,38.33 2 0
github.com/mchusovlianov/geodata/app/services/geoapi/handlers/handlers.go:43.2,46.27 2 0
github.com/mchusovlianov/geodata/app/services/geoapi/handlers/handlers.go:63.2,63.16 1 0
github.com/mchusovlianov/geodata/app/services/geoapi/handlers/handlers.go:72.2,77.12 2 0
github.com/mchusovlianov/geodata/app/services/geoapi/handlers/handlers.go:38.33,40.3 1 0
github.com/mchusovlianov/geodata/app/services/geoapi/handlers/handlers.go:46.27,57.80 2 0
github.com/mchusovlianov/geodata/app/services/geoapi/handlers/handlers.go:60.3,60.80 1 0
github.com/mchusovlianov/geodata/app/services/geoapi/handlers/handlers.go:57.80,59.4 1 0
github.com/mchusovlianov/geodata/app/services/geoapi/handlers/handlers.go:63.16,69.3 1 0
github.com/mchusovlianov/geodata/business/core/importer/csvschema.go:12.53,13.30 1 0
github.com/mchusovlianov/geodata/business/core/importer/csvschema.go:20.2,21.9 2 0
github.com/mchusovlianov/geodata/business/core/importer/csvschema.go:25.2,25.19 1 0
github.com/mchusovlianov/geodata/business/core/importer/csvschema.go:13.30,15.42 2 0
github.com/mchusovlianov/geodata/business/core/importer/csvschema.go:15.42,17.4 1 0
github.com/mchusovlianov/geodata/business/core/importer/csvschema.go:21.9,23.3 1 0
github.com/mchusovlianov/geodata/business/core/importer/csvschema.go:28.46,29.35 1 0
github.com/mchusovlianov/geodata/business/core/importer/csvschema.go:33.2,41.16 2 0
github.com/mchusovlianov/geodata/business/core/importer/csvschema.go:29.35,31.3 1 0
github.com/mchusovlianov/geodata/business/core/country/models.go:24.46,27.2 2 1
github.com/mchusovlianov/geodata/business/core/country/models.go:29.54,31.33 2 1
github.com/mchusovlianov/geodata/business/core/country/models.go:34.2,34.12 1 1
github.com/mchusovlianov/geodata/business/core/country/models.go:31.33,33.3 1 1
