mode: set
github.com/mchusovlianov/geodata/app/services/geoapi/handlers/handlers.go:20.50,21.29 1 0
github.com/mchusovlianov/geodata/app/services/geoapi/handlers/handlers.go:21.29,23.3 1 0
github.com/mchusovlianov/geodata/app/services/geoapi/handlers/handlers.go:33.76,35.33 2 1
github.com/mchusovlianov/geodata/app/services/geoapi/handlers/handlers.go:40.2,43.27 2 1
github.com/mchusovlianov/geodata/app/services/geoapi/handlers/handlers.go:60.2,60.16 1 1
github.com/mchusovlianov/geodata/app/services/geoapi/handlers/handlers.go:69.2,74.12 2 1
github.com/mchusovlianov/geodata/app/services/geoapi/handlers/handlers.go:35.33,37.3 1 0
github.com/mchusovlianov/geodata/app/services/geoapi/handlers/handlers.go:43.27,54.80 2 0
github.com/mchusovlianov/geodata/app/services/geoapi/handlers/handlers.go:57.3,57.80 1 0
github.com/mchusovlianov/geodata/app/services/geoapi/handlers/handlers.go:54.80,56.4 1 0
github.com/mchusovlianov/geodata/app/services/geoapi/handlers/handlers.go:60.16,66.3 1 1
github.com/mchusovlianov/geodata/app/services/geoapi/main.go:21.46,31.16 7 0
github.com/mchusovlianov/geodata/app/services/geoapi/main.go:35.2,35.25 1 0
github.com/mchusovlianov/geodata/app/services/geoapi/main.go:31.16,33.3 1 0
github.com/mchusovlianov/geodata/app/services/geoapi/main.go:38.13,42.16 2 0
github.com/mchusovlianov/geodata/app/services/geoapi/main.go:46.2,49.33 2 0
github.com/mchusovlianov/geodata/app/services/geoapi/main.go:42.16,45.3 2 0
github.com/mchusovlianov/geodata/app/services/geoapi/main.go:49.33,53.3 3 0
github.com/mchusovlianov/geodata/app/services/geoapi/main.go:56.40,65.45 2 0
github.com/mchusovlianov/geodata/app/services/geoapi/main.go:68.2,93.16 5 0
github.com/mchusovlianov/geodata/app/services/geoapi/main.go:104.2,108.16 4 0
github.com/mchusovlianov/geodata/app/services/geoapi/main.go:111.2,128.16 4 0
github.com/mchusovlianov/geodata/app/services/geoapi/main.go:131.2,131.15 1 0
github.com/mchusovlianov/geodata/app/services/geoapi/main.go:139.2,161.12 6 0
github.com/mchusovlianov/geodata/app/services/geoapi/main.go:65.45,67.3 1 0
github.com/mchusovlianov/geodata/app/services/geoapi/main.go:93.16,94.41 1 0
github.com/mchusovlianov/geodata/app/services/geoapi/main.go:98.3,98.47 1 0
github.com/mchusovlianov/geodata/app/services/geoapi/main.go:94.41,97.4 2 0
github.com/mchusovlianov/geodata/app/services/geoapi/main.go:108.16,110.3 1 0
github.com/mchusovlianov/geodata/app/services/geoapi/main.go:128.16,130.3 1 0
github.com/mchusovlianov/geodata/app/services/geoapi/main.go:131.15,134.3 2 0
github.com/mchusovlianov/geodata/app/services/geoapi/handlers/v1/locationgrp/locationgrp.go:29.96,33.16 3 1
github.com/mchusovlianov/geodata/app/services/geoapi/handlers/v1/locationgrp/locationgrp.go:45.2,46.16 2 1
github.com/mchusovlianov/geodata/app/services/geoapi/handlers/v1/locationgrp/locationgrp.go:58.2,59.16 2 1
github.com/mchusovlianov/geodata/app/services/geoapi/handlers/v1/locationgrp/locationgrp.go:71.2,75.19 1 1
github.com/mchusovlianov/geodata/app/services/geoapi/handlers/v1/locationgrp/locationgrp.go:33.16,34.10 1 1
github.com/mchusovlianov/geodata/app/services/geoapi/handlers/v1/locationgrp/locationgrp.go:35.45,36.56 1 1
github.com/mchusovlianov/geodata/app/services/geoapi/handlers/v1/locationgrp/locationgrp.go:37.47,38.58 1 1
github.com/mchusovlianov/geodata/app/services/geoapi/handlers/v1/locationgrp/locationgrp.go:40.11,41.44 1 0
github.com/mchusovlianov/geodata/app/services/geoapi/handlers/v1/locationgrp/locationgrp.go:46.16,47.10 1 0
github.com/mchusovlianov/geodata/app/services/geoapi/handlers/v1/locationgrp/locationgrp.go:48.41,49.56 1 0
github.com/mchusovlianov/geodata/app/services/geoapi/handlers/v1/locationgrp/locationgrp.go:50.43,51.58 1 0
github.com/mchusovlianov/geodata/app/services/geoapi/handlers/v1/locationgrp/locationgrp.go:53.11,54.56 1 0
github.com/mchusovlianov/geodata/app/services/geoapi/handlers/v1/locationgrp/locationgrp.go:59.16,60.10 1 0
github.com/mchusovlianov/geodata/app/services/geoapi/handlers/v1/locationgrp/locationgrp.go:61.44,62.56 1 0
github.com/mchusovlianov/geodata/app/services/geoapi/handlers/v1/locationgrp/locationgrp.go:63.46,64.58 1 0
github.com/mchusovlianov/geodata/app/services/geoapi/handlers/v1/locationgrp/locationgrp.go:66.11,67.59 1 0
github.com/mchusovlianov/geodata/app/services/geoapi/handlers/v1/v1.go:24.39,34.2 3 1
